


<pre>----------
Mess: select  sum(order_amount) as amount from dbclass_order  where `status` = 5    limit 500
 -- Table 'dbclass.dbclass_order' doesn't exist
Line: 89
File: IWEB_PATH/db\driver\mysql_class.php
##Debug_backtrace:##
	Func:read           	Class:IMysql         	Type:->   	Line:59   	File:IWEB_PATH/db\driver\mysql_class.php
	Func:doSql          	Class:IMysql         	Type:->   	Line:87   	File:IWEB_PATH/db\db_class.php
	Func:query          	Class:IDB            	Type:->   	Line:128  	File:IWEB_PATH/core\query_class.php
	Func:find           	Class:IQuery         	Type:->   	Line:67   	File:E:\wamp\www\iwebshop\runtime\system\default.php
	Func:require        	Class:               	Type:     	Line:116  	File:IWEB_PATH/web\controller\controllerbase_class.php
	Func:requireFile    	Class:IControllerBase	Type:->   	Line:82   	File:IWEB_PATH/web\controller\controllerbase_class.php
	Func:renderView     	Class:IControllerBase	Type:->   	Line:265  	File:IWEB_PATH/web\controller\controller_class.php
	Func:render         	Class:IController    	Type:->   	Line:46   	File:IWEB_PATH/web\action\view_action.php
	Func:run            	Class:IViewAction    	Type:->   	Line:200  	File:IWEB_PATH/web\controller\controller_class.php
	Func:run            	Class:IController    	Type:->   	Line:29   	File:IWEB_PATH/core\webapplication_class.php
	Func:execRequest    	Class:IWebApplication	Type:->   	Line:150  	File:IWEB_PATH/core\application_class.php
	Func:run            	Class:IApplication   	Type:->   	Line:5    	File:E:\wamp\www\iwebshop\index.php
------------</pre>


<pre>------
errID:8
errStr:Undefined variable: id
errFile:E:\wamp\www\iwebshop\runtime\hospital\providers_edit.php
errLine:49
errTime:12-05-07 16:50:34
##出错时变量的值：##
array (
  '__runtimeFile' => 'E:/wamp/www/iwebshop/runtime\\hospital\\providers_edit.php',
  'data' => NULL,
  'admin_id' => '1',
  'query' => 
  IQuery::__set_state(array(
     'dbo' => 
    IMysql::__set_state(array(
       'linkRes' => NULL,
    )),
     'sql' => 
    array (
      'table' => 'dbclass_quick_naviga',
      'fields' => '*',
      'where' => 'where adminid = 1 and is_del = 0',
      'join' => '',
      'group' => '',
      'having' => '',
      'order' => '',
      'limit' => 'limit 500',
      'distinct' => '',
    ),
     'paging' => NULL,
     'tablePre' => 'dbclass_',
  )),
  'items' => 
  array (
  ),
  'menu' => 
  Menu::__set_state(array(
     'current' => '/hospital/providers_edit',
     'vcurrent' => '/hospital/',
  )),
)
-------</pre>



<pre>------
errID:8
errStr:Undefined variable: id
errFile:E:\wamp\www\iwebshop\runtime\hospital\providers_edit.php
errLine:49
errTime:12-05-07 16:53:05
##出错时变量的值：##
array (
  '__runtimeFile' => 'E:/wamp/www/iwebshop/runtime\\hospital\\providers_edit.php',
  'data' => NULL,
  'admin_id' => '1',
  'query' => 
  IQuery::__set_state(array(
     'dbo' => 
    IMysql::__set_state(array(
       'linkRes' => NULL,
    )),
     'sql' => 
    array (
      'table' => 'dbclass_quick_naviga',
      'fields' => '*',
      'where' => 'where adminid = 1 and is_del = 0',
      'join' => '',
      'group' => '',
      'having' => '',
      'order' => '',
      'limit' => 'limit 500',
      'distinct' => '',
    ),
     'paging' => NULL,
     'tablePre' => 'dbclass_',
  )),
  'items' => 
  array (
  ),
  'menu' => 
  Menu::__set_state(array(
     'current' => '/hospital/providers_edit',
     'vcurrent' => '/hospital/',
  )),
)
-------</pre>



<pre>------
errID:8
errStr:Undefined variable: id
errFile:E:\wamp\www\iwebshop\runtime\hospital\providers_edit.php
errLine:66
errTime:12-05-07 16:53:05
##出错时变量的值：##
array (
  '__runtimeFile' => 'E:/wamp/www/iwebshop/runtime\\hospital\\providers_edit.php',
  'data' => NULL,
  'admin_id' => '1',
  'query' => 
  IQuery::__set_state(array(
     'dbo' => 
    IMysql::__set_state(array(
       'linkRes' => NULL,
    )),
     'sql' => 
    array (
      'table' => 'dbclass_quick_naviga',
      'fields' => '*',
      'where' => 'where adminid = 1 and is_del = 0',
      'join' => '',
      'group' => '',
      'having' => '',
      'order' => '',
      'limit' => 'limit 500',
      'distinct' => '',
    ),
     'paging' => NULL,
     'tablePre' => 'dbclass_',
  )),
  'items' => 
  array (
  ),
  'menu' => 
  Menu::__set_state(array(
     'current' => '/hospital/providers_edit',
     'vcurrent' => '/hospital/',
  )),
)
-------</pre>



<pre>------
errID:8
errStr:Undefined variable: id
errFile:E:\wamp\www\iwebshop\runtime\hospital\providers_edit.php
errLine:49
errTime:12-05-07 17:03:58
##出错时变量的值：##
array (
  '__runtimeFile' => 'E:/wamp/www/iwebshop/runtime\\hospital\\providers_edit.php',
  'data' => NULL,
  'admin_id' => '1',
  'query' => 
  IQuery::__set_state(array(
     'dbo' => 
    IMysql::__set_state(array(
       'linkRes' => NULL,
    )),
     'sql' => 
    array (
      'table' => 'dbclass_quick_naviga',
      'fields' => '*',
      'where' => 'where adminid = 1 and is_del = 0',
      'join' => '',
      'group' => '',
      'having' => '',
      'order' => '',
      'limit' => 'limit 500',
      'distinct' => '',
    ),
     'paging' => NULL,
     'tablePre' => 'dbclass_',
  )),
  'items' => 
  array (
  ),
  'menu' => 
  Menu::__set_state(array(
     'current' => '/hospital/providers_edit',
     'vcurrent' => '/hospital/',
  )),
)
-------</pre>



<pre>------
errID:8
errStr:Undefined variable: id
errFile:E:\wamp\www\iwebshop\runtime\hospital\providers_edit.php
errLine:66
errTime:12-05-07 17:03:58
##出错时变量的值：##
array (
  '__runtimeFile' => 'E:/wamp/www/iwebshop/runtime\\hospital\\providers_edit.php',
  'data' => NULL,
  'admin_id' => '1',
  'query' => 
  IQuery::__set_state(array(
     'dbo' => 
    IMysql::__set_state(array(
       'linkRes' => NULL,
    )),
     'sql' => 
    array (
      'table' => 'dbclass_quick_naviga',
      'fields' => '*',
      'where' => 'where adminid = 1 and is_del = 0',
      'join' => '',
      'group' => '',
      'having' => '',
      'order' => '',
      'limit' => 'limit 500',
      'distinct' => '',
    ),
     'paging' => NULL,
     'tablePre' => 'dbclass_',
  )),
  'items' => 
  array (
  ),
  'menu' => 
  Menu::__set_state(array(
     'current' => '/hospital/providers_edit',
     'vcurrent' => '/hospital/',
  )),
)
-------</pre>



<pre>----------
Mess: select  sum(order_amount) as amount from dbclass_order  where `status` = 5    limit 500
 -- Table 'dbclass.dbclass_order' doesn't exist
Line: 89
File: IWEB_PATH/db\driver\mysql_class.php
##Debug_backtrace:##
	Func:read           	Class:IMysql         	Type:->   	Line:59   	File:IWEB_PATH/db\driver\mysql_class.php
	Func:doSql          	Class:IMysql         	Type:->   	Line:87   	File:IWEB_PATH/db\db_class.php
	Func:query          	Class:IDB            	Type:->   	Line:128  	File:IWEB_PATH/core\query_class.php
	Func:find           	Class:IQuery         	Type:->   	Line:67   	File:E:\wamp\www\iwebshop\runtime\system\default.php
	Func:require        	Class:               	Type:     	Line:116  	File:IWEB_PATH/web\controller\controllerbase_class.php
	Func:requireFile    	Class:IControllerBase	Type:->   	Line:82   	File:IWEB_PATH/web\controller\controllerbase_class.php
	Func:renderView     	Class:IControllerBase	Type:->   	Line:265  	File:IWEB_PATH/web\controller\controller_class.php
	Func:render         	Class:IController    	Type:->   	Line:46   	File:IWEB_PATH/web\action\view_action.php
	Func:run            	Class:IViewAction    	Type:->   	Line:200  	File:IWEB_PATH/web\controller\controller_class.php
	Func:run            	Class:IController    	Type:->   	Line:29   	File:IWEB_PATH/core\webapplication_class.php
	Func:execRequest    	Class:IWebApplication	Type:->   	Line:150  	File:IWEB_PATH/core\application_class.php
	Func:run            	Class:IApplication   	Type:->   	Line:5    	File:E:\wamp\www\iwebshop\index.php
------------</pre>


<pre>------
errID:8
errStr:Undefined variable: id
errFile:E:\wamp\www\iwebshop\runtime\hospital\providers_edit.php
errLine:49
errTime:12-05-07 19:32:17
##出错时变量的值：##
array (
  '__runtimeFile' => 'E:/wamp/www/iwebshop/runtime\\hospital\\providers_edit.php',
  'data' => NULL,
  'admin_id' => '1',
  'query' => 
  IQuery::__set_state(array(
     'dbo' => 
    IMysql::__set_state(array(
       'linkRes' => NULL,
    )),
     'sql' => 
    array (
      'table' => 'dbclass_quick_naviga',
      'fields' => '*',
      'where' => 'where adminid = 1 and is_del = 0',
      'join' => '',
      'group' => '',
      'having' => '',
      'order' => '',
      'limit' => 'limit 500',
      'distinct' => '',
    ),
     'paging' => NULL,
     'tablePre' => 'dbclass_',
  )),
  'items' => 
  array (
  ),
  'menu' => 
  Menu::__set_state(array(
     'current' => '/hospital/providers_edit',
     'vcurrent' => '/hospital/',
  )),
)
-------</pre>



<pre>------
errID:8
errStr:Undefined variable: id
errFile:E:\wamp\www\iwebshop\runtime\hospital\providers_edit.php
errLine:66
errTime:12-05-07 19:32:17
##出错时变量的值：##
array (
  '__runtimeFile' => 'E:/wamp/www/iwebshop/runtime\\hospital\\providers_edit.php',
  'data' => NULL,
  'admin_id' => '1',
  'query' => 
  IQuery::__set_state(array(
     'dbo' => 
    IMysql::__set_state(array(
       'linkRes' => NULL,
    )),
     'sql' => 
    array (
      'table' => 'dbclass_quick_naviga',
      'fields' => '*',
      'where' => 'where adminid = 1 and is_del = 0',
      'join' => '',
      'group' => '',
      'having' => '',
      'order' => '',
      'limit' => 'limit 500',
      'distinct' => '',
    ),
     'paging' => NULL,
     'tablePre' => 'dbclass_',
  )),
  'items' => 
  array (
  ),
  'menu' => 
  Menu::__set_state(array(
     'current' => '/hospital/providers_edit',
     'vcurrent' => '/hospital/',
  )),
)
-------</pre>



<pre>------
errID:8
errStr:Undefined variable: id
errFile:E:\wamp\www\iwebshop\runtime\hospital\providers_edit.php
errLine:167
errTime:12-05-07 19:32:17
##出错时变量的值：##
array (
  '__runtimeFile' => 'E:/wamp/www/iwebshop/runtime\\hospital\\providers_edit.php',
  'data' => NULL,
  'admin_id' => '1',
  'query' => 
  IQuery::__set_state(array(
     'dbo' => 
    IMysql::__set_state(array(
       'linkRes' => NULL,
    )),
     'sql' => 
    array (
      'table' => 'dbclass_hospital_detail',
      'fields' => '*',
      'where' => '',
      'join' => '',
      'group' => '',
      'having' => '',
      'order' => '',
      'limit' => 'limit 500',
      'distinct' => '',
    ),
     'paging' => NULL,
     'tablePre' => 'dbclass_',
  )),
  'items' => 
  array (
    0 => 
    array (
      'hospital_name_ch' => '宁波市妇女儿童医院',
      'hospital_name_en' => 'Ningbo Women & Children\'s Hospital',
      'hospital_adress_ch' => '宁波市柳汀街339号 电话：0574-87083300',
      'hospital_adress_en' => '399 Liuding Road， Ningbo ',
      'hospital_province_ch' => '浙江',
      'hospital_province_en' => 'Zhejiang',
      'hospital_zipcode' => '315012',
      'visited_date_b' => '2011-08-13',
      'visited_date_e' => '2011-08-21',
      'id' => '1',
    ),
    1 => 
    array (
      'hospital_name_ch' => '（上海）中国福利会国际和平妇幼保健院',
      'hospital_name_en' => '(Shanghai) International Peace Maternity & Child Health Hospital of the China Welfare Institute',
      'hospital_adress_ch' => '上海市徐汇区衡山路910号，电话： 021-64070434',
      'hospital_adress_en' => '910 Hengsan Road, Shanghai  ',
      'hospital_province_ch' => '上海',
      'hospital_province_en' => 'Shanghai',
      'hospital_zipcode' => '200030',
      'visited_date_b' => '2012-05-01',
      'visited_date_e' => '2012-05-31',
      'id' => '3',
    ),
  ),
  'menu' => 
  Menu::__set_state(array(
     'current' => '/hospital/providers_edit',
     'vcurrent' => '/hospital/',
  )),
  'item' => 
  array (
    'hospital_name_ch' => '（上海）中国福利会国际和平妇幼保健院',
    'hospital_name_en' => '(Shanghai) International Peace Maternity & Child Health Hospital of the China Welfare Institute',
    'hospital_adress_ch' => '上海市徐汇区衡山路910号，电话： 021-64070434',
    'hospital_adress_en' => '910 Hengsan Road, Shanghai  ',
    'hospital_province_ch' => '上海',
    'hospital_province_en' => 'Shanghai',
    'hospital_zipcode' => '200030',
    'visited_date_b' => '2012-05-01',
    'visited_date_e' => '2012-05-31',
    'id' => '3',
  ),
  'key' => 1,
)
-------</pre>



<pre>------
errID:8
errStr:Undefined variable: id
errFile:E:\wamp\www\iwebshop\runtime\hospital\providers_edit.php
errLine:49
errTime:12-05-07 19:32:31
##出错时变量的值：##
array (
  '__runtimeFile' => 'E:/wamp/www/iwebshop/runtime\\hospital\\providers_edit.php',
  'data' => NULL,
  'admin_id' => '1',
  'query' => 
  IQuery::__set_state(array(
     'dbo' => 
    IMysql::__set_state(array(
       'linkRes' => NULL,
    )),
     'sql' => 
    array (
      'table' => 'dbclass_quick_naviga',
      'fields' => '*',
      'where' => 'where adminid = 1 and is_del = 0',
      'join' => '',
      'group' => '',
      'having' => '',
      'order' => '',
      'limit' => 'limit 500',
      'distinct' => '',
    ),
     'paging' => NULL,
     'tablePre' => 'dbclass_',
  )),
  'items' => 
  array (
  ),
  'menu' => 
  Menu::__set_state(array(
     'current' => '/hospital/providers_edit',
     'vcurrent' => '/hospital/',
  )),
)
-------</pre>



<pre>------
errID:8
errStr:Undefined variable: id
errFile:E:\wamp\www\iwebshop\runtime\hospital\providers_edit.php
errLine:66
errTime:12-05-07 19:32:31
##出错时变量的值：##
array (
  '__runtimeFile' => 'E:/wamp/www/iwebshop/runtime\\hospital\\providers_edit.php',
  'data' => NULL,
  'admin_id' => '1',
  'query' => 
  IQuery::__set_state(array(
     'dbo' => 
    IMysql::__set_state(array(
       'linkRes' => NULL,
    )),
     'sql' => 
    array (
      'table' => 'dbclass_quick_naviga',
      'fields' => '*',
      'where' => 'where adminid = 1 and is_del = 0',
      'join' => '',
      'group' => '',
      'having' => '',
      'order' => '',
      'limit' => 'limit 500',
      'distinct' => '',
    ),
     'paging' => NULL,
     'tablePre' => 'dbclass_',
  )),
  'items' => 
  array (
  ),
  'menu' => 
  Menu::__set_state(array(
     'current' => '/hospital/providers_edit',
     'vcurrent' => '/hospital/',
  )),
)
-------</pre>



<pre>------
errID:8
errStr:Undefined variable: id
errFile:E:\wamp\www\iwebshop\runtime\hospital\providers_edit.php
errLine:167
errTime:12-05-07 19:32:31
##出错时变量的值：##
array (
  '__runtimeFile' => 'E:/wamp/www/iwebshop/runtime\\hospital\\providers_edit.php',
  'data' => NULL,
  'admin_id' => '1',
  'query' => 
  IQuery::__set_state(array(
     'dbo' => 
    IMysql::__set_state(array(
       'linkRes' => NULL,
    )),
     'sql' => 
    array (
      'table' => 'dbclass_hospital_detail',
      'fields' => '*',
      'where' => '',
      'join' => '',
      'group' => '',
      'having' => '',
      'order' => '',
      'limit' => 'limit 500',
      'distinct' => '',
    ),
     'paging' => NULL,
     'tablePre' => 'dbclass_',
  )),
  'items' => 
  array (
    0 => 
    array (
      'hospital_name_ch' => '宁波市妇女儿童医院',
      'hospital_name_en' => 'Ningbo Women & Children\'s Hospital',
      'hospital_adress_ch' => '宁波市柳汀街339号 电话：0574-87083300',
      'hospital_adress_en' => '399 Liuding Road， Ningbo ',
      'hospital_province_ch' => '浙江',
      'hospital_province_en' => 'Zhejiang',
      'hospital_zipcode' => '315012',
      'visited_date_b' => '2011-08-13',
      'visited_date_e' => '2011-08-21',
      'id' => '1',
    ),
    1 => 
    array (
      'hospital_name_ch' => '（上海）中国福利会国际和平妇幼保健院',
      'hospital_name_en' => '(Shanghai) International Peace Maternity & Child Health Hospital of the China Welfare Institute',
      'hospital_adress_ch' => '上海市徐汇区衡山路910号，电话： 021-64070434',
      'hospital_adress_en' => '910 Hengsan Road, Shanghai  ',
      'hospital_province_ch' => '上海',
      'hospital_province_en' => 'Shanghai',
      'hospital_zipcode' => '200030',
      'visited_date_b' => '2012-05-01',
      'visited_date_e' => '2012-05-31',
      'id' => '3',
    ),
  ),
  'menu' => 
  Menu::__set_state(array(
     'current' => '/hospital/providers_edit',
     'vcurrent' => '/hospital/',
  )),
  'item' => 
  array (
    'hospital_name_ch' => '（上海）中国福利会国际和平妇幼保健院',
    'hospital_name_en' => '(Shanghai) International Peace Maternity & Child Health Hospital of the China Welfare Institute',
    'hospital_adress_ch' => '上海市徐汇区衡山路910号，电话： 021-64070434',
    'hospital_adress_en' => '910 Hengsan Road, Shanghai  ',
    'hospital_province_ch' => '上海',
    'hospital_province_en' => 'Shanghai',
    'hospital_zipcode' => '200030',
    'visited_date_b' => '2012-05-01',
    'visited_date_e' => '2012-05-31',
    'id' => '3',
  ),
  'key' => 1,
)
-------</pre>



<pre>------
errID:8
errStr:Undefined variable: id
errFile:E:\wamp\www\iwebshop\runtime\hospital\providers_edit.php
errLine:49
errTime:12-05-07 19:33:20
##出错时变量的值：##
array (
  '__runtimeFile' => 'E:/wamp/www/iwebshop/runtime\\hospital\\providers_edit.php',
  'data' => NULL,
  'admin_id' => '1',
  'query' => 
  IQuery::__set_state(array(
     'dbo' => 
    IMysql::__set_state(array(
       'linkRes' => NULL,
    )),
     'sql' => 
    array (
      'table' => 'dbclass_quick_naviga',
      'fields' => '*',
      'where' => 'where adminid = 1 and is_del = 0',
      'join' => '',
      'group' => '',
      'having' => '',
      'order' => '',
      'limit' => 'limit 500',
      'distinct' => '',
    ),
     'paging' => NULL,
     'tablePre' => 'dbclass_',
  )),
  'items' => 
  array (
  ),
  'menu' => 
  Menu::__set_state(array(
     'current' => '/hospital/providers_edit',
     'vcurrent' => '/hospital/',
  )),
)
-------</pre>



<pre>------
errID:8
errStr:Undefined variable: id
errFile:E:\wamp\www\iwebshop\runtime\hospital\providers_edit.php
errLine:66
errTime:12-05-07 19:33:20
##出错时变量的值：##
array (
  '__runtimeFile' => 'E:/wamp/www/iwebshop/runtime\\hospital\\providers_edit.php',
  'data' => NULL,
  'admin_id' => '1',
  'query' => 
  IQuery::__set_state(array(
     'dbo' => 
    IMysql::__set_state(array(
       'linkRes' => NULL,
    )),
     'sql' => 
    array (
      'table' => 'dbclass_quick_naviga',
      'fields' => '*',
      'where' => 'where adminid = 1 and is_del = 0',
      'join' => '',
      'group' => '',
      'having' => '',
      'order' => '',
      'limit' => 'limit 500',
      'distinct' => '',
    ),
     'paging' => NULL,
     'tablePre' => 'dbclass_',
  )),
  'items' => 
  array (
  ),
  'menu' => 
  Menu::__set_state(array(
     'current' => '/hospital/providers_edit',
     'vcurrent' => '/hospital/',
  )),
)
-------</pre>



<pre>------
errID:8
errStr:Undefined variable: id
errFile:E:\wamp\www\iwebshop\runtime\hospital\providers_edit.php
errLine:165
errTime:12-05-07 19:33:20
##出错时变量的值：##
array (
  '__runtimeFile' => 'E:/wamp/www/iwebshop/runtime\\hospital\\providers_edit.php',
  'data' => NULL,
  'admin_id' => '1',
  'query' => 
  IQuery::__set_state(array(
     'dbo' => 
    IMysql::__set_state(array(
       'linkRes' => NULL,
    )),
     'sql' => 
    array (
      'table' => 'dbclass_hospital_detail',
      'fields' => '*',
      'where' => '',
      'join' => '',
      'group' => '',
      'having' => '',
      'order' => '',
      'limit' => 'limit 500',
      'distinct' => '',
    ),
     'paging' => NULL,
     'tablePre' => 'dbclass_',
  )),
  'items' => 
  array (
    0 => 
    array (
      'hospital_name_ch' => '宁波市妇女儿童医院',
      'hospital_name_en' => 'Ningbo Women & Children\'s Hospital',
      'hospital_adress_ch' => '宁波市柳汀街339号 电话：0574-87083300',
      'hospital_adress_en' => '399 Liuding Road， Ningbo ',
      'hospital_province_ch' => '浙江',
      'hospital_province_en' => 'Zhejiang',
      'hospital_zipcode' => '315012',
      'visited_date_b' => '2011-08-13',
      'visited_date_e' => '2011-08-21',
      'id' => '1',
    ),
    1 => 
    array (
      'hospital_name_ch' => '（上海）中国福利会国际和平妇幼保健院',
      'hospital_name_en' => '(Shanghai) International Peace Maternity & Child Health Hospital of the China Welfare Institute',
      'hospital_adress_ch' => '上海市徐汇区衡山路910号，电话： 021-64070434',
      'hospital_adress_en' => '910 Hengsan Road, Shanghai  ',
      'hospital_province_ch' => '上海',
      'hospital_province_en' => 'Shanghai',
      'hospital_zipcode' => '200030',
      'visited_date_b' => '2012-05-01',
      'visited_date_e' => '2012-05-31',
      'id' => '3',
    ),
  ),
  'menu' => 
  Menu::__set_state(array(
     'current' => '/hospital/providers_edit',
     'vcurrent' => '/hospital/',
  )),
  'item' => 
  array (
    'hospital_name_ch' => '（上海）中国福利会国际和平妇幼保健院',
    'hospital_name_en' => '(Shanghai) International Peace Maternity & Child Health Hospital of the China Welfare Institute',
    'hospital_adress_ch' => '上海市徐汇区衡山路910号，电话： 021-64070434',
    'hospital_adress_en' => '910 Hengsan Road, Shanghai  ',
    'hospital_province_ch' => '上海',
    'hospital_province_en' => 'Shanghai',
    'hospital_zipcode' => '200030',
    'visited_date_b' => '2012-05-01',
    'visited_date_e' => '2012-05-31',
    'id' => '3',
  ),
  'key' => 1,
)
-------</pre>



<pre>------
errID:8
errStr:Undefined variable: id
errFile:E:\wamp\www\iwebshop\runtime\hospital\providers_edit.php
errLine:49
errTime:12-05-07 19:33:22
##出错时变量的值：##
array (
  '__runtimeFile' => 'E:/wamp/www/iwebshop/runtime\\hospital\\providers_edit.php',
  'data' => NULL,
  'admin_id' => '1',
  'query' => 
  IQuery::__set_state(array(
     'dbo' => 
    IMysql::__set_state(array(
       'linkRes' => NULL,
    )),
     'sql' => 
    array (
      'table' => 'dbclass_quick_naviga',
      'fields' => '*',
      'where' => 'where adminid = 1 and is_del = 0',
      'join' => '',
      'group' => '',
      'having' => '',
      'order' => '',
      'limit' => 'limit 500',
      'distinct' => '',
    ),
     'paging' => NULL,
     'tablePre' => 'dbclass_',
  )),
  'items' => 
  array (
  ),
  'menu' => 
  Menu::__set_state(array(
     'current' => '/hospital/providers_edit',
     'vcurrent' => '/hospital/',
  )),
)
-------</pre>



<pre>------
errID:8
errStr:Undefined variable: id
errFile:E:\wamp\www\iwebshop\runtime\hospital\providers_edit.php
errLine:66
errTime:12-05-07 19:33:22
##出错时变量的值：##
array (
  '__runtimeFile' => 'E:/wamp/www/iwebshop/runtime\\hospital\\providers_edit.php',
  'data' => NULL,
  'admin_id' => '1',
  'query' => 
  IQuery::__set_state(array(
     'dbo' => 
    IMysql::__set_state(array(
       'linkRes' => NULL,
    )),
     'sql' => 
    array (
      'table' => 'dbclass_quick_naviga',
      'fields' => '*',
      'where' => 'where adminid = 1 and is_del = 0',
      'join' => '',
      'group' => '',
      'having' => '',
      'order' => '',
      'limit' => 'limit 500',
      'distinct' => '',
    ),
     'paging' => NULL,
     'tablePre' => 'dbclass_',
  )),
  'items' => 
  array (
  ),
  'menu' => 
  Menu::__set_state(array(
     'current' => '/hospital/providers_edit',
     'vcurrent' => '/hospital/',
  )),
)
-------</pre>



<pre>------
errID:8
errStr:Undefined variable: id
errFile:E:\wamp\www\iwebshop\runtime\hospital\providers_edit.php
errLine:165
errTime:12-05-07 19:33:22
##出错时变量的值：##
array (
  '__runtimeFile' => 'E:/wamp/www/iwebshop/runtime\\hospital\\providers_edit.php',
  'data' => NULL,
  'admin_id' => '1',
  'query' => 
  IQuery::__set_state(array(
     'dbo' => 
    IMysql::__set_state(array(
       'linkRes' => NULL,
    )),
     'sql' => 
    array (
      'table' => 'dbclass_hospital_detail',
      'fields' => '*',
      'where' => '',
      'join' => '',
      'group' => '',
      'having' => '',
      'order' => '',
      'limit' => 'limit 500',
      'distinct' => '',
    ),
     'paging' => NULL,
     'tablePre' => 'dbclass_',
  )),
  'items' => 
  array (
    0 => 
    array (
      'hospital_name_ch' => '宁波市妇女儿童医院',
      'hospital_name_en' => 'Ningbo Women & Children\'s Hospital',
      'hospital_adress_ch' => '宁波市柳汀街339号 电话：0574-87083300',
      'hospital_adress_en' => '399 Liuding Road， Ningbo ',
      'hospital_province_ch' => '浙江',
      'hospital_province_en' => 'Zhejiang',
      'hospital_zipcode' => '315012',
      'visited_date_b' => '2011-08-13',
      'visited_date_e' => '2011-08-21',
      'id' => '1',
    ),
    1 => 
    array (
      'hospital_name_ch' => '（上海）中国福利会国际和平妇幼保健院',
      'hospital_name_en' => '(Shanghai) International Peace Maternity & Child Health Hospital of the China Welfare Institute',
      'hospital_adress_ch' => '上海市徐汇区衡山路910号，电话： 021-64070434',
      'hospital_adress_en' => '910 Hengsan Road, Shanghai  ',
      'hospital_province_ch' => '上海',
      'hospital_province_en' => 'Shanghai',
      'hospital_zipcode' => '200030',
      'visited_date_b' => '2012-05-01',
      'visited_date_e' => '2012-05-31',
      'id' => '3',
    ),
  ),
  'menu' => 
  Menu::__set_state(array(
     'current' => '/hospital/providers_edit',
     'vcurrent' => '/hospital/',
  )),
  'item' => 
  array (
    'hospital_name_ch' => '（上海）中国福利会国际和平妇幼保健院',
    'hospital_name_en' => '(Shanghai) International Peace Maternity & Child Health Hospital of the China Welfare Institute',
    'hospital_adress_ch' => '上海市徐汇区衡山路910号，电话： 021-64070434',
    'hospital_adress_en' => '910 Hengsan Road, Shanghai  ',
    'hospital_province_ch' => '上海',
    'hospital_province_en' => 'Shanghai',
    'hospital_zipcode' => '200030',
    'visited_date_b' => '2012-05-01',
    'visited_date_e' => '2012-05-31',
    'id' => '3',
  ),
  'key' => 1,
)
-------</pre>



<pre>------
errID:8
errStr:Undefined variable: id
errFile:E:\wamp\www\iwebshop\runtime\hospital\providers_edit.php
errLine:49
errTime:12-05-07 19:51:46
##出错时变量的值：##
array (
  '__runtimeFile' => 'E:/wamp/www/iwebshop/runtime\\hospital\\providers_edit.php',
  'data' => NULL,
  'admin_id' => '1',
  'query' => 
  IQuery::__set_state(array(
     'dbo' => 
    IMysql::__set_state(array(
       'linkRes' => NULL,
    )),
     'sql' => 
    array (
      'table' => 'dbclass_quick_naviga',
      'fields' => '*',
      'where' => 'where adminid = 1 and is_del = 0',
      'join' => '',
      'group' => '',
      'having' => '',
      'order' => '',
      'limit' => 'limit 500',
      'distinct' => '',
    ),
     'paging' => NULL,
     'tablePre' => 'dbclass_',
  )),
  'items' => 
  array (
  ),
  'menu' => 
  Menu::__set_state(array(
     'current' => '/hospital/providers_edit',
     'vcurrent' => '/hospital/',
  )),
)
-------</pre>



<pre>------
errID:8
errStr:Undefined variable: id
errFile:E:\wamp\www\iwebshop\runtime\hospital\providers_edit.php
errLine:66
errTime:12-05-07 19:51:46
##出错时变量的值：##
array (
  '__runtimeFile' => 'E:/wamp/www/iwebshop/runtime\\hospital\\providers_edit.php',
  'data' => NULL,
  'admin_id' => '1',
  'query' => 
  IQuery::__set_state(array(
     'dbo' => 
    IMysql::__set_state(array(
       'linkRes' => NULL,
    )),
     'sql' => 
    array (
      'table' => 'dbclass_quick_naviga',
      'fields' => '*',
      'where' => 'where adminid = 1 and is_del = 0',
      'join' => '',
      'group' => '',
      'having' => '',
      'order' => '',
      'limit' => 'limit 500',
      'distinct' => '',
    ),
     'paging' => NULL,
     'tablePre' => 'dbclass_',
  )),
  'items' => 
  array (
  ),
  'menu' => 
  Menu::__set_state(array(
     'current' => '/hospital/providers_edit',
     'vcurrent' => '/hospital/',
  )),
)
-------</pre>



<pre>------
errID:8
errStr:Undefined variable: id
errFile:E:\wamp\www\iwebshop\runtime\hospital\providers_edit.php
errLine:168
errTime:12-05-07 19:51:46
##出错时变量的值：##
array (
  '__runtimeFile' => 'E:/wamp/www/iwebshop/runtime\\hospital\\providers_edit.php',
  'data' => NULL,
  'admin_id' => '1',
  'query' => 
  IQuery::__set_state(array(
     'dbo' => 
    IMysql::__set_state(array(
       'linkRes' => NULL,
    )),
     'sql' => 
    array (
      'table' => 'dbclass_hospital_detail',
      'fields' => '*',
      'where' => '',
      'join' => '',
      'group' => '',
      'having' => '',
      'order' => '',
      'limit' => 'limit 500',
      'distinct' => '',
    ),
     'paging' => NULL,
     'tablePre' => 'dbclass_',
  )),
  'items' => 
  array (
    0 => 
    array (
      'hospital_name_ch' => '宁波市妇女儿童医院',
      'hospital_name_en' => 'Ningbo Women & Children\'s Hospital',
      'hospital_adress_ch' => '宁波市柳汀街339号 电话：0574-87083300',
      'hospital_adress_en' => '399 Liuding Road， Ningbo ',
      'hospital_province_ch' => '浙江',
      'hospital_province_en' => 'Zhejiang',
      'hospital_zipcode' => '315012',
      'visited_date_b' => '2011-08-13',
      'visited_date_e' => '2011-08-21',
      'id' => '1',
    ),
    1 => 
    array (
      'hospital_name_ch' => '（上海）中国福利会国际和平妇幼保健院',
      'hospital_name_en' => '(Shanghai) International Peace Maternity & Child Health Hospital of the China Welfare Institute',
      'hospital_adress_ch' => '上海市徐汇区衡山路910号，电话： 021-64070434',
      'hospital_adress_en' => '910 Hengsan Road, Shanghai  ',
      'hospital_province_ch' => '上海',
      'hospital_province_en' => 'Shanghai',
      'hospital_zipcode' => '200030',
      'visited_date_b' => '2012-05-01',
      'visited_date_e' => '2012-05-31',
      'id' => '3',
    ),
  ),
  'menu' => 
  Menu::__set_state(array(
     'current' => '/hospital/providers_edit',
     'vcurrent' => '/hospital/',
  )),
  'item' => 
  array (
    'hospital_name_ch' => '（上海）中国福利会国际和平妇幼保健院',
    'hospital_name_en' => '(Shanghai) International Peace Maternity & Child Health Hospital of the China Welfare Institute',
    'hospital_adress_ch' => '上海市徐汇区衡山路910号，电话： 021-64070434',
    'hospital_adress_en' => '910 Hengsan Road, Shanghai  ',
    'hospital_province_ch' => '上海',
    'hospital_province_en' => 'Shanghai',
    'hospital_zipcode' => '200030',
    'visited_date_b' => '2012-05-01',
    'visited_date_e' => '2012-05-31',
    'id' => '3',
  ),
  'key' => 1,
)
-------</pre>



<pre>------
errID:8
errStr:Undefined variable: id
errFile:E:\wamp\www\iwebshop\runtime\hospital\providers_edit.php
errLine:49
errTime:12-05-07 19:51:50
##出错时变量的值：##
array (
  '__runtimeFile' => 'E:/wamp/www/iwebshop/runtime\\hospital\\providers_edit.php',
  'data' => NULL,
  'admin_id' => '1',
  'query' => 
  IQuery::__set_state(array(
     'dbo' => 
    IMysql::__set_state(array(
       'linkRes' => NULL,
    )),
     'sql' => 
    array (
      'table' => 'dbclass_quick_naviga',
      'fields' => '*',
      'where' => 'where adminid = 1 and is_del = 0',
      'join' => '',
      'group' => '',
      'having' => '',
      'order' => '',
      'limit' => 'limit 500',
      'distinct' => '',
    ),
     'paging' => NULL,
     'tablePre' => 'dbclass_',
  )),
  'items' => 
  array (
  ),
  'menu' => 
  Menu::__set_state(array(
     'current' => '/hospital/providers_edit',
     'vcurrent' => '/hospital/',
  )),
)
-------</pre>



<pre>------
errID:8
errStr:Undefined variable: id
errFile:E:\wamp\www\iwebshop\runtime\hospital\providers_edit.php
errLine:66
errTime:12-05-07 19:51:50
##出错时变量的值：##
array (
  '__runtimeFile' => 'E:/wamp/www/iwebshop/runtime\\hospital\\providers_edit.php',
  'data' => NULL,
  'admin_id' => '1',
  'query' => 
  IQuery::__set_state(array(
     'dbo' => 
    IMysql::__set_state(array(
       'linkRes' => NULL,
    )),
     'sql' => 
    array (
      'table' => 'dbclass_quick_naviga',
      'fields' => '*',
      'where' => 'where adminid = 1 and is_del = 0',
      'join' => '',
      'group' => '',
      'having' => '',
      'order' => '',
      'limit' => 'limit 500',
      'distinct' => '',
    ),
     'paging' => NULL,
     'tablePre' => 'dbclass_',
  )),
  'items' => 
  array (
  ),
  'menu' => 
  Menu::__set_state(array(
     'current' => '/hospital/providers_edit',
     'vcurrent' => '/hospital/',
  )),
)
-------</pre>



<pre>------
errID:8
errStr:Undefined variable: id
errFile:E:\wamp\www\iwebshop\runtime\hospital\providers_edit.php
errLine:168
errTime:12-05-07 19:51:50
##出错时变量的值：##
array (
  '__runtimeFile' => 'E:/wamp/www/iwebshop/runtime\\hospital\\providers_edit.php',
  'data' => NULL,
  'admin_id' => '1',
  'query' => 
  IQuery::__set_state(array(
     'dbo' => 
    IMysql::__set_state(array(
       'linkRes' => NULL,
    )),
     'sql' => 
    array (
      'table' => 'dbclass_hospital_detail',
      'fields' => '*',
      'where' => '',
      'join' => '',
      'group' => '',
      'having' => '',
      'order' => '',
      'limit' => 'limit 500',
      'distinct' => '',
    ),
     'paging' => NULL,
     'tablePre' => 'dbclass_',
  )),
  'items' => 
  array (
    0 => 
    array (
      'hospital_name_ch' => '宁波市妇女儿童医院',
      'hospital_name_en' => 'Ningbo Women & Children\'s Hospital',
      'hospital_adress_ch' => '宁波市柳汀街339号 电话：0574-87083300',
      'hospital_adress_en' => '399 Liuding Road， Ningbo ',
      'hospital_province_ch' => '浙江',
      'hospital_province_en' => 'Zhejiang',
      'hospital_zipcode' => '315012',
      'visited_date_b' => '2011-08-13',
      'visited_date_e' => '2011-08-21',
      'id' => '1',
    ),
    1 => 
    array (
      'hospital_name_ch' => '（上海）中国福利会国际和平妇幼保健院',
      'hospital_name_en' => '(Shanghai) International Peace Maternity & Child Health Hospital of the China Welfare Institute',
      'hospital_adress_ch' => '上海市徐汇区衡山路910号，电话： 021-64070434',
      'hospital_adress_en' => '910 Hengsan Road, Shanghai  ',
      'hospital_province_ch' => '上海',
      'hospital_province_en' => 'Shanghai',
      'hospital_zipcode' => '200030',
      'visited_date_b' => '2012-05-01',
      'visited_date_e' => '2012-05-31',
      'id' => '3',
    ),
  ),
  'menu' => 
  Menu::__set_state(array(
     'current' => '/hospital/providers_edit',
     'vcurrent' => '/hospital/',
  )),
  'item' => 
  array (
    'hospital_name_ch' => '（上海）中国福利会国际和平妇幼保健院',
    'hospital_name_en' => '(Shanghai) International Peace Maternity & Child Health Hospital of the China Welfare Institute',
    'hospital_adress_ch' => '上海市徐汇区衡山路910号，电话： 021-64070434',
    'hospital_adress_en' => '910 Hengsan Road, Shanghai  ',
    'hospital_province_ch' => '上海',
    'hospital_province_en' => 'Shanghai',
    'hospital_zipcode' => '200030',
    'visited_date_b' => '2012-05-01',
    'visited_date_e' => '2012-05-31',
    'id' => '3',
  ),
  'key' => 1,
)
-------</pre>



<pre>------
errID:8
errStr:Undefined variable: id
errFile:E:\wamp\www\iwebshop\runtime\hospital\providers_edit.php
errLine:49
errTime:12-05-07 19:59:31
##出错时变量的值：##
array (
  '__runtimeFile' => 'E:/wamp/www/iwebshop/runtime\\hospital\\providers_edit.php',
  'data' => NULL,
  'admin_id' => '1',
  'query' => 
  IQuery::__set_state(array(
     'dbo' => 
    IMysql::__set_state(array(
       'linkRes' => NULL,
    )),
     'sql' => 
    array (
      'table' => 'dbclass_quick_naviga',
      'fields' => '*',
      'where' => 'where adminid = 1 and is_del = 0',
      'join' => '',
      'group' => '',
      'having' => '',
      'order' => '',
      'limit' => 'limit 500',
      'distinct' => '',
    ),
     'paging' => NULL,
     'tablePre' => 'dbclass_',
  )),
  'items' => 
  array (
  ),
  'menu' => 
  Menu::__set_state(array(
     'current' => '/hospital/providers_edit',
     'vcurrent' => '/hospital/',
  )),
)
-------</pre>



<pre>------
errID:8
errStr:Undefined variable: id
errFile:E:\wamp\www\iwebshop\runtime\hospital\providers_edit.php
errLine:66
errTime:12-05-07 19:59:31
##出错时变量的值：##
array (
  '__runtimeFile' => 'E:/wamp/www/iwebshop/runtime\\hospital\\providers_edit.php',
  'data' => NULL,
  'admin_id' => '1',
  'query' => 
  IQuery::__set_state(array(
     'dbo' => 
    IMysql::__set_state(array(
       'linkRes' => NULL,
    )),
     'sql' => 
    array (
      'table' => 'dbclass_quick_naviga',
      'fields' => '*',
      'where' => 'where adminid = 1 and is_del = 0',
      'join' => '',
      'group' => '',
      'having' => '',
      'order' => '',
      'limit' => 'limit 500',
      'distinct' => '',
    ),
     'paging' => NULL,
     'tablePre' => 'dbclass_',
  )),
  'items' => 
  array (
  ),
  'menu' => 
  Menu::__set_state(array(
     'current' => '/hospital/providers_edit',
     'vcurrent' => '/hospital/',
  )),
)
-------</pre>



<pre>------
errID:8
errStr:Undefined variable: id
errFile:E:\wamp\www\iwebshop\runtime\hospital\providers_edit.php
errLine:165
errTime:12-05-07 19:59:31
##出错时变量的值：##
array (
  '__runtimeFile' => 'E:/wamp/www/iwebshop/runtime\\hospital\\providers_edit.php',
  'data' => NULL,
  'admin_id' => '1',
  'query' => 
  IQuery::__set_state(array(
     'dbo' => 
    IMysql::__set_state(array(
       'linkRes' => NULL,
    )),
     'sql' => 
    array (
      'table' => 'dbclass_hospital_detail',
      'fields' => '*',
      'where' => '',
      'join' => '',
      'group' => '',
      'having' => '',
      'order' => '',
      'limit' => 'limit 500',
      'distinct' => '',
    ),
     'paging' => NULL,
     'tablePre' => 'dbclass_',
  )),
  'items' => 
  array (
    0 => 
    array (
      'hospital_name_ch' => '宁波市妇女儿童医院',
      'hospital_name_en' => 'Ningbo Women & Children\'s Hospital',
      'hospital_adress_ch' => '宁波市柳汀街339号 电话：0574-87083300',
      'hospital_adress_en' => '399 Liuding Road， Ningbo ',
      'hospital_province_ch' => '浙江',
      'hospital_province_en' => 'Zhejiang',
      'hospital_zipcode' => '315012',
      'visited_date_b' => '2011-08-13',
      'visited_date_e' => '2011-08-21',
      'id' => '1',
    ),
    1 => 
    array (
      'hospital_name_ch' => '（上海）中国福利会国际和平妇幼保健院',
      'hospital_name_en' => '(Shanghai) International Peace Maternity & Child Health Hospital of the China Welfare Institute',
      'hospital_adress_ch' => '上海市徐汇区衡山路910号，电话： 021-64070434',
      'hospital_adress_en' => '910 Hengsan Road, Shanghai  ',
      'hospital_province_ch' => '上海',
      'hospital_province_en' => 'Shanghai',
      'hospital_zipcode' => '200030',
      'visited_date_b' => '2012-05-01',
      'visited_date_e' => '2012-05-31',
      'id' => '3',
    ),
  ),
  'menu' => 
  Menu::__set_state(array(
     'current' => '/hospital/providers_edit',
     'vcurrent' => '/hospital/',
  )),
  'item' => 
  array (
    'hospital_name_ch' => '（上海）中国福利会国际和平妇幼保健院',
    'hospital_name_en' => '(Shanghai) International Peace Maternity & Child Health Hospital of the China Welfare Institute',
    'hospital_adress_ch' => '上海市徐汇区衡山路910号，电话： 021-64070434',
    'hospital_adress_en' => '910 Hengsan Road, Shanghai  ',
    'hospital_province_ch' => '上海',
    'hospital_province_en' => 'Shanghai',
    'hospital_zipcode' => '200030',
    'visited_date_b' => '2012-05-01',
    'visited_date_e' => '2012-05-31',
    'id' => '3',
  ),
  'key' => 1,
)
-------</pre>



<pre>------
errID:8
errStr:Undefined variable: id
errFile:E:\wamp\www\iwebshop\runtime\hospital\providers_edit.php
errLine:49
errTime:12-05-07 20:04:22
##出错时变量的值：##
array (
  '__runtimeFile' => 'E:/wamp/www/iwebshop/runtime\\hospital\\providers_edit.php',
  'data' => NULL,
  'admin_id' => '1',
  'query' => 
  IQuery::__set_state(array(
     'dbo' => 
    IMysql::__set_state(array(
       'linkRes' => NULL,
    )),
     'sql' => 
    array (
      'table' => 'dbclass_quick_naviga',
      'fields' => '*',
      'where' => 'where adminid = 1 and is_del = 0',
      'join' => '',
      'group' => '',
      'having' => '',
      'order' => '',
      'limit' => 'limit 500',
      'distinct' => '',
    ),
     'paging' => NULL,
     'tablePre' => 'dbclass_',
  )),
  'items' => 
  array (
  ),
  'menu' => 
  Menu::__set_state(array(
     'current' => '/hospital/providers_edit',
     'vcurrent' => '/hospital/',
  )),
)
-------</pre>



<pre>------
errID:8
errStr:Undefined variable: id
errFile:E:\wamp\www\iwebshop\runtime\hospital\providers_edit.php
errLine:66
errTime:12-05-07 20:04:22
##出错时变量的值：##
array (
  '__runtimeFile' => 'E:/wamp/www/iwebshop/runtime\\hospital\\providers_edit.php',
  'data' => NULL,
  'admin_id' => '1',
  'query' => 
  IQuery::__set_state(array(
     'dbo' => 
    IMysql::__set_state(array(
       'linkRes' => NULL,
    )),
     'sql' => 
    array (
      'table' => 'dbclass_quick_naviga',
      'fields' => '*',
      'where' => 'where adminid = 1 and is_del = 0',
      'join' => '',
      'group' => '',
      'having' => '',
      'order' => '',
      'limit' => 'limit 500',
      'distinct' => '',
    ),
     'paging' => NULL,
     'tablePre' => 'dbclass_',
  )),
  'items' => 
  array (
  ),
  'menu' => 
  Menu::__set_state(array(
     'current' => '/hospital/providers_edit',
     'vcurrent' => '/hospital/',
  )),
)
-------</pre>



<pre>------
errID:8
errStr:Undefined variable: id
errFile:E:\wamp\www\iwebshop\runtime\hospital\providers_edit.php
errLine:164
errTime:12-05-07 20:04:22
##出错时变量的值：##
array (
  '__runtimeFile' => 'E:/wamp/www/iwebshop/runtime\\hospital\\providers_edit.php',
  'data' => NULL,
  'admin_id' => '1',
  'query' => 
  IQuery::__set_state(array(
     'dbo' => 
    IMysql::__set_state(array(
       'linkRes' => NULL,
    )),
     'sql' => 
    array (
      'table' => 'dbclass_hospital_detail',
      'fields' => '*',
      'where' => '',
      'join' => '',
      'group' => '',
      'having' => '',
      'order' => '',
      'limit' => 'limit 500',
      'distinct' => '',
    ),
     'paging' => NULL,
     'tablePre' => 'dbclass_',
  )),
  'items' => 
  array (
    0 => 
    array (
      'hospital_name_ch' => '宁波市妇女儿童医院',
      'hospital_name_en' => 'Ningbo Women & Children\'s Hospital',
      'hospital_adress_ch' => '宁波市柳汀街339号 电话：0574-87083300',
      'hospital_adress_en' => '399 Liuding Road， Ningbo ',
      'hospital_province_ch' => '浙江',
      'hospital_province_en' => 'Zhejiang',
      'hospital_zipcode' => '315012',
      'visited_date_b' => '2011-08-13',
      'visited_date_e' => '2011-08-21',
      'id' => '1',
    ),
    1 => 
    array (
      'hospital_name_ch' => '（上海）中国福利会国际和平妇幼保健院',
      'hospital_name_en' => '(Shanghai) International Peace Maternity & Child Health Hospital of the China Welfare Institute',
      'hospital_adress_ch' => '上海市徐汇区衡山路910号，电话： 021-64070434',
      'hospital_adress_en' => '910 Hengsan Road, Shanghai  ',
      'hospital_province_ch' => '上海',
      'hospital_province_en' => 'Shanghai',
      'hospital_zipcode' => '200030',
      'visited_date_b' => '2012-05-01',
      'visited_date_e' => '2012-05-31',
      'id' => '3',
    ),
  ),
  'menu' => 
  Menu::__set_state(array(
     'current' => '/hospital/providers_edit',
     'vcurrent' => '/hospital/',
  )),
  'item' => 
  array (
    'hospital_name_ch' => '（上海）中国福利会国际和平妇幼保健院',
    'hospital_name_en' => '(Shanghai) International Peace Maternity & Child Health Hospital of the China Welfare Institute',
    'hospital_adress_ch' => '上海市徐汇区衡山路910号，电话： 021-64070434',
    'hospital_adress_en' => '910 Hengsan Road, Shanghai  ',
    'hospital_province_ch' => '上海',
    'hospital_province_en' => 'Shanghai',
    'hospital_zipcode' => '200030',
    'visited_date_b' => '2012-05-01',
    'visited_date_e' => '2012-05-31',
    'id' => '3',
  ),
  'key' => 1,
)
-------</pre>



<pre>------
errID:8
errStr:Undefined variable: id
errFile:E:\wamp\www\iwebshop\runtime\hospital\providers_edit.php
errLine:49
errTime:12-05-07 20:05:57
##出错时变量的值：##
array (
  '__runtimeFile' => 'E:/wamp/www/iwebshop/runtime\\hospital\\providers_edit.php',
  'data' => NULL,
  'admin_id' => '1',
  'query' => 
  IQuery::__set_state(array(
     'dbo' => 
    IMysql::__set_state(array(
       'linkRes' => NULL,
    )),
     'sql' => 
    array (
      'table' => 'dbclass_quick_naviga',
      'fields' => '*',
      'where' => 'where adminid = 1 and is_del = 0',
      'join' => '',
      'group' => '',
      'having' => '',
      'order' => '',
      'limit' => 'limit 500',
      'distinct' => '',
    ),
     'paging' => NULL,
     'tablePre' => 'dbclass_',
  )),
  'items' => 
  array (
  ),
  'menu' => 
  Menu::__set_state(array(
     'current' => '/hospital/providers_edit',
     'vcurrent' => '/hospital/',
  )),
)
-------</pre>



<pre>------
errID:8
errStr:Undefined variable: id
errFile:E:\wamp\www\iwebshop\runtime\hospital\providers_edit.php
errLine:66
errTime:12-05-07 20:05:57
##出错时变量的值：##
array (
  '__runtimeFile' => 'E:/wamp/www/iwebshop/runtime\\hospital\\providers_edit.php',
  'data' => NULL,
  'admin_id' => '1',
  'query' => 
  IQuery::__set_state(array(
     'dbo' => 
    IMysql::__set_state(array(
       'linkRes' => NULL,
    )),
     'sql' => 
    array (
      'table' => 'dbclass_quick_naviga',
      'fields' => '*',
      'where' => 'where adminid = 1 and is_del = 0',
      'join' => '',
      'group' => '',
      'having' => '',
      'order' => '',
      'limit' => 'limit 500',
      'distinct' => '',
    ),
     'paging' => NULL,
     'tablePre' => 'dbclass_',
  )),
  'items' => 
  array (
  ),
  'menu' => 
  Menu::__set_state(array(
     'current' => '/hospital/providers_edit',
     'vcurrent' => '/hospital/',
  )),
)
-------</pre>



<pre>------
errID:8
errStr:Undefined variable: id
errFile:E:\wamp\www\iwebshop\runtime\hospital\providers_edit.php
errLine:164
errTime:12-05-07 20:05:57
##出错时变量的值：##
array (
  '__runtimeFile' => 'E:/wamp/www/iwebshop/runtime\\hospital\\providers_edit.php',
  'data' => NULL,
  'admin_id' => '1',
  'query' => 
  IQuery::__set_state(array(
     'dbo' => 
    IMysql::__set_state(array(
       'linkRes' => NULL,
    )),
     'sql' => 
    array (
      'table' => 'dbclass_hospital_detail',
      'fields' => '*',
      'where' => '',
      'join' => '',
      'group' => '',
      'having' => '',
      'order' => '',
      'limit' => 'limit 500',
      'distinct' => '',
    ),
     'paging' => NULL,
     'tablePre' => 'dbclass_',
  )),
  'items' => 
  array (
    0 => 
    array (
      'hospital_name_ch' => '宁波市妇女儿童医院',
      'hospital_name_en' => 'Ningbo Women & Children\'s Hospital',
      'hospital_adress_ch' => '宁波市柳汀街339号 电话：0574-87083300',
      'hospital_adress_en' => '399 Liuding Road， Ningbo ',
      'hospital_province_ch' => '浙江',
      'hospital_province_en' => 'Zhejiang',
      'hospital_zipcode' => '315012',
      'visited_date_b' => '2011-08-13',
      'visited_date_e' => '2011-08-21',
      'id' => '1',
    ),
    1 => 
    array (
      'hospital_name_ch' => '（上海）中国福利会国际和平妇幼保健院',
      'hospital_name_en' => '(Shanghai) International Peace Maternity & Child Health Hospital of the China Welfare Institute',
      'hospital_adress_ch' => '上海市徐汇区衡山路910号，电话： 021-64070434',
      'hospital_adress_en' => '910 Hengsan Road, Shanghai  ',
      'hospital_province_ch' => '上海',
      'hospital_province_en' => 'Shanghai',
      'hospital_zipcode' => '200030',
      'visited_date_b' => '2012-05-01',
      'visited_date_e' => '2012-05-31',
      'id' => '3',
    ),
  ),
  'menu' => 
  Menu::__set_state(array(
     'current' => '/hospital/providers_edit',
     'vcurrent' => '/hospital/',
  )),
  'item' => 
  array (
    'hospital_name_ch' => '（上海）中国福利会国际和平妇幼保健院',
    'hospital_name_en' => '(Shanghai) International Peace Maternity & Child Health Hospital of the China Welfare Institute',
    'hospital_adress_ch' => '上海市徐汇区衡山路910号，电话： 021-64070434',
    'hospital_adress_en' => '910 Hengsan Road, Shanghai  ',
    'hospital_province_ch' => '上海',
    'hospital_province_en' => 'Shanghai',
    'hospital_zipcode' => '200030',
    'visited_date_b' => '2012-05-01',
    'visited_date_e' => '2012-05-31',
    'id' => '3',
  ),
  'key' => 1,
)
-------</pre>



<pre>------
errID:8
errStr:Undefined variable: id
errFile:E:\wamp\www\iwebshop\runtime\hospital\providers_edit.php
errLine:49
errTime:12-05-07 20:06:33
##出错时变量的值：##
array (
  '__runtimeFile' => 'E:/wamp/www/iwebshop/runtime\\hospital\\providers_edit.php',
  'data' => NULL,
  'admin_id' => '1',
  'query' => 
  IQuery::__set_state(array(
     'dbo' => 
    IMysql::__set_state(array(
       'linkRes' => NULL,
    )),
     'sql' => 
    array (
      'table' => 'dbclass_quick_naviga',
      'fields' => '*',
      'where' => 'where adminid = 1 and is_del = 0',
      'join' => '',
      'group' => '',
      'having' => '',
      'order' => '',
      'limit' => 'limit 500',
      'distinct' => '',
    ),
     'paging' => NULL,
     'tablePre' => 'dbclass_',
  )),
  'items' => 
  array (
  ),
  'menu' => 
  Menu::__set_state(array(
     'current' => '/hospital/providers_edit',
     'vcurrent' => '/hospital/',
  )),
)
-------</pre>



<pre>------
errID:8
errStr:Undefined variable: id
errFile:E:\wamp\www\iwebshop\runtime\hospital\providers_edit.php
errLine:66
errTime:12-05-07 20:06:33
##出错时变量的值：##
array (
  '__runtimeFile' => 'E:/wamp/www/iwebshop/runtime\\hospital\\providers_edit.php',
  'data' => NULL,
  'admin_id' => '1',
  'query' => 
  IQuery::__set_state(array(
     'dbo' => 
    IMysql::__set_state(array(
       'linkRes' => NULL,
    )),
     'sql' => 
    array (
      'table' => 'dbclass_quick_naviga',
      'fields' => '*',
      'where' => 'where adminid = 1 and is_del = 0',
      'join' => '',
      'group' => '',
      'having' => '',
      'order' => '',
      'limit' => 'limit 500',
      'distinct' => '',
    ),
     'paging' => NULL,
     'tablePre' => 'dbclass_',
  )),
  'items' => 
  array (
  ),
  'menu' => 
  Menu::__set_state(array(
     'current' => '/hospital/providers_edit',
     'vcurrent' => '/hospital/',
  )),
)
-------</pre>



<pre>------
errID:8
errStr:Undefined variable: id
errFile:E:\wamp\www\iwebshop\runtime\hospital\providers_edit.php
errLine:164
errTime:12-05-07 20:06:33
##出错时变量的值：##
array (
  '__runtimeFile' => 'E:/wamp/www/iwebshop/runtime\\hospital\\providers_edit.php',
  'data' => NULL,
  'admin_id' => '1',
  'query' => 
  IQuery::__set_state(array(
     'dbo' => 
    IMysql::__set_state(array(
       'linkRes' => NULL,
    )),
     'sql' => 
    array (
      'table' => 'dbclass_hospital_detail',
      'fields' => '*',
      'where' => '',
      'join' => '',
      'group' => '',
      'having' => '',
      'order' => '',
      'limit' => 'limit 500',
      'distinct' => '',
    ),
     'paging' => NULL,
     'tablePre' => 'dbclass_',
  )),
  'items' => 
  array (
    0 => 
    array (
      'hospital_name_ch' => '宁波市妇女儿童医院',
      'hospital_name_en' => 'Ningbo Women & Children\'s Hospital',
      'hospital_adress_ch' => '宁波市柳汀街339号 电话：0574-87083300',
      'hospital_adress_en' => '399 Liuding Road， Ningbo ',
      'hospital_province_ch' => '浙江',
      'hospital_province_en' => 'Zhejiang',
      'hospital_zipcode' => '315012',
      'visited_date_b' => '2011-08-13',
      'visited_date_e' => '2011-08-21',
      'id' => '1',
    ),
    1 => 
    array (
      'hospital_name_ch' => '（上海）中国福利会国际和平妇幼保健院',
      'hospital_name_en' => '(Shanghai) International Peace Maternity & Child Health Hospital of the China Welfare Institute',
      'hospital_adress_ch' => '上海市徐汇区衡山路910号，电话： 021-64070434',
      'hospital_adress_en' => '910 Hengsan Road, Shanghai  ',
      'hospital_province_ch' => '上海',
      'hospital_province_en' => 'Shanghai',
      'hospital_zipcode' => '200030',
      'visited_date_b' => '2012-05-01',
      'visited_date_e' => '2012-05-31',
      'id' => '3',
    ),
  ),
  'menu' => 
  Menu::__set_state(array(
     'current' => '/hospital/providers_edit',
     'vcurrent' => '/hospital/',
  )),
  'item' => 
  array (
    'hospital_name_ch' => '（上海）中国福利会国际和平妇幼保健院',
    'hospital_name_en' => '(Shanghai) International Peace Maternity & Child Health Hospital of the China Welfare Institute',
    'hospital_adress_ch' => '上海市徐汇区衡山路910号，电话： 021-64070434',
    'hospital_adress_en' => '910 Hengsan Road, Shanghai  ',
    'hospital_province_ch' => '上海',
    'hospital_province_en' => 'Shanghai',
    'hospital_zipcode' => '200030',
    'visited_date_b' => '2012-05-01',
    'visited_date_e' => '2012-05-31',
    'id' => '3',
  ),
  'key' => 1,
)
-------</pre>



<pre>------
errID:8
errStr:Undefined variable: id
errFile:E:\wamp\www\iwebshop\runtime\hospital\providers_edit.php
errLine:49
errTime:12-05-07 20:07:50
##出错时变量的值：##
array (
  '__runtimeFile' => 'E:/wamp/www/iwebshop/runtime\\hospital\\providers_edit.php',
  'data' => NULL,
  'admin_id' => '1',
  'query' => 
  IQuery::__set_state(array(
     'dbo' => 
    IMysql::__set_state(array(
       'linkRes' => NULL,
    )),
     'sql' => 
    array (
      'table' => 'dbclass_quick_naviga',
      'fields' => '*',
      'where' => 'where adminid = 1 and is_del = 0',
      'join' => '',
      'group' => '',
      'having' => '',
      'order' => '',
      'limit' => 'limit 500',
      'distinct' => '',
    ),
     'paging' => NULL,
     'tablePre' => 'dbclass_',
  )),
  'items' => 
  array (
  ),
  'menu' => 
  Menu::__set_state(array(
     'current' => '/hospital/providers_edit',
     'vcurrent' => '/hospital/',
  )),
)
-------</pre>



<pre>------
errID:8
errStr:Undefined variable: id
errFile:E:\wamp\www\iwebshop\runtime\hospital\providers_edit.php
errLine:66
errTime:12-05-07 20:07:50
##出错时变量的值：##
array (
  '__runtimeFile' => 'E:/wamp/www/iwebshop/runtime\\hospital\\providers_edit.php',
  'data' => NULL,
  'admin_id' => '1',
  'query' => 
  IQuery::__set_state(array(
     'dbo' => 
    IMysql::__set_state(array(
       'linkRes' => NULL,
    )),
     'sql' => 
    array (
      'table' => 'dbclass_quick_naviga',
      'fields' => '*',
      'where' => 'where adminid = 1 and is_del = 0',
      'join' => '',
      'group' => '',
      'having' => '',
      'order' => '',
      'limit' => 'limit 500',
      'distinct' => '',
    ),
     'paging' => NULL,
     'tablePre' => 'dbclass_',
  )),
  'items' => 
  array (
  ),
  'menu' => 
  Menu::__set_state(array(
     'current' => '/hospital/providers_edit',
     'vcurrent' => '/hospital/',
  )),
)
-------</pre>



<pre>------
errID:8
errStr:Undefined variable: id
errFile:E:\wamp\www\iwebshop\runtime\hospital\providers_edit.php
errLine:164
errTime:12-05-07 20:07:50
##出错时变量的值：##
array (
  '__runtimeFile' => 'E:/wamp/www/iwebshop/runtime\\hospital\\providers_edit.php',
  'data' => NULL,
  'admin_id' => '1',
  'query' => 
  IQuery::__set_state(array(
     'dbo' => 
    IMysql::__set_state(array(
       'linkRes' => NULL,
    )),
     'sql' => 
    array (
      'table' => 'dbclass_hospital_detail',
      'fields' => '*',
      'where' => '',
      'join' => '',
      'group' => '',
      'having' => '',
      'order' => '',
      'limit' => 'limit 500',
      'distinct' => '',
    ),
     'paging' => NULL,
     'tablePre' => 'dbclass_',
  )),
  'items' => 
  array (
    0 => 
    array (
      'hospital_name_ch' => '宁波市妇女儿童医院',
      'hospital_name_en' => 'Ningbo Women & Children\'s Hospital',
      'hospital_adress_ch' => '宁波市柳汀街339号 电话：0574-87083300',
      'hospital_adress_en' => '399 Liuding Road， Ningbo ',
      'hospital_province_ch' => '浙江',
      'hospital_province_en' => 'Zhejiang',
      'hospital_zipcode' => '315012',
      'visited_date_b' => '2011-08-13',
      'visited_date_e' => '2011-08-21',
      'id' => '1',
    ),
    1 => 
    array (
      'hospital_name_ch' => '（上海）中国福利会国际和平妇幼保健院',
      'hospital_name_en' => '(Shanghai) International Peace Maternity & Child Health Hospital of the China Welfare Institute',
      'hospital_adress_ch' => '上海市徐汇区衡山路910号，电话： 021-64070434',
      'hospital_adress_en' => '910 Hengsan Road, Shanghai  ',
      'hospital_province_ch' => '上海',
      'hospital_province_en' => 'Shanghai',
      'hospital_zipcode' => '200030',
      'visited_date_b' => '2012-05-01',
      'visited_date_e' => '2012-05-31',
      'id' => '3',
    ),
  ),
  'menu' => 
  Menu::__set_state(array(
     'current' => '/hospital/providers_edit',
     'vcurrent' => '/hospital/',
  )),
  'item' => 
  array (
    'hospital_name_ch' => '（上海）中国福利会国际和平妇幼保健院',
    'hospital_name_en' => '(Shanghai) International Peace Maternity & Child Health Hospital of the China Welfare Institute',
    'hospital_adress_ch' => '上海市徐汇区衡山路910号，电话： 021-64070434',
    'hospital_adress_en' => '910 Hengsan Road, Shanghai  ',
    'hospital_province_ch' => '上海',
    'hospital_province_en' => 'Shanghai',
    'hospital_zipcode' => '200030',
    'visited_date_b' => '2012-05-01',
    'visited_date_e' => '2012-05-31',
    'id' => '3',
  ),
  'key' => 1,
)
-------</pre>



<pre>----------
Mess: select  sum(order_amount) as amount from dbclass_order  where `status` = 5    limit 500
 -- Table 'dbclass.dbclass_order' doesn't exist
Line: 89
File: IWEB_PATH/db\driver\mysql_class.php
##Debug_backtrace:##
	Func:read           	Class:IMysql         	Type:->   	Line:59   	File:IWEB_PATH/db\driver\mysql_class.php
	Func:doSql          	Class:IMysql         	Type:->   	Line:87   	File:IWEB_PATH/db\db_class.php
	Func:query          	Class:IDB            	Type:->   	Line:128  	File:IWEB_PATH/core\query_class.php
	Func:find           	Class:IQuery         	Type:->   	Line:67   	File:E:\wamp\www\iwebshop\runtime\system\default.php
	Func:require        	Class:               	Type:     	Line:116  	File:IWEB_PATH/web\controller\controllerbase_class.php
	Func:requireFile    	Class:IControllerBase	Type:->   	Line:82   	File:IWEB_PATH/web\controller\controllerbase_class.php
	Func:renderView     	Class:IControllerBase	Type:->   	Line:265  	File:IWEB_PATH/web\controller\controller_class.php
	Func:render         	Class:IController    	Type:->   	Line:46   	File:IWEB_PATH/web\action\view_action.php
	Func:run            	Class:IViewAction    	Type:->   	Line:200  	File:IWEB_PATH/web\controller\controller_class.php
	Func:run            	Class:IController    	Type:->   	Line:29   	File:IWEB_PATH/core\webapplication_class.php
	Func:execRequest    	Class:IWebApplication	Type:->   	Line:150  	File:IWEB_PATH/core\application_class.php
	Func:run            	Class:IApplication   	Type:->   	Line:5    	File:E:\wamp\www\iwebshop\index.php
------------</pre>


<pre>----------
Mess: select  sum(order_amount) as amount from dbclass_order  where `status` = 5    limit 500
 -- Table 'dbclass.dbclass_order' doesn't exist
Line: 89
File: IWEB_PATH/db\driver\mysql_class.php
##Debug_backtrace:##
	Func:read           	Class:IMysql         	Type:->   	Line:59   	File:IWEB_PATH/db\driver\mysql_class.php
	Func:doSql          	Class:IMysql         	Type:->   	Line:87   	File:IWEB_PATH/db\db_class.php
	Func:query          	Class:IDB            	Type:->   	Line:128  	File:IWEB_PATH/core\query_class.php
	Func:find           	Class:IQuery         	Type:->   	Line:67   	File:E:\wamp\www\iwebshop\runtime\system\default.php
	Func:require        	Class:               	Type:     	Line:116  	File:IWEB_PATH/web\controller\controllerbase_class.php
	Func:requireFile    	Class:IControllerBase	Type:->   	Line:82   	File:IWEB_PATH/web\controller\controllerbase_class.php
	Func:renderView     	Class:IControllerBase	Type:->   	Line:265  	File:IWEB_PATH/web\controller\controller_class.php
	Func:render         	Class:IController    	Type:->   	Line:46   	File:IWEB_PATH/web\action\view_action.php
	Func:run            	Class:IViewAction    	Type:->   	Line:200  	File:IWEB_PATH/web\controller\controller_class.php
	Func:run            	Class:IController    	Type:->   	Line:29   	File:IWEB_PATH/core\webapplication_class.php
	Func:execRequest    	Class:IWebApplication	Type:->   	Line:150  	File:IWEB_PATH/core\application_class.php
	Func:run            	Class:IApplication   	Type:->   	Line:5    	File:E:\wamp\www\iwebshop\index.php
------------</pre>


<pre>------
errID:8
errStr:Undefined variable: id
errFile:E:\wamp\www\iwebshop\runtime\hospital\providers_edit.php
errLine:49
errTime:12-05-07 20:12:34
##出错时变量的值：##
array (
  '__runtimeFile' => 'E:/wamp/www/iwebshop/runtime\\hospital\\providers_edit.php',
  'data' => NULL,
  'admin_id' => '1',
  'query' => 
  IQuery::__set_state(array(
     'dbo' => 
    IMysql::__set_state(array(
       'linkRes' => NULL,
    )),
     'sql' => 
    array (
      'table' => 'dbclass_quick_naviga',
      'fields' => '*',
      'where' => 'where adminid = 1 and is_del = 0',
      'join' => '',
      'group' => '',
      'having' => '',
      'order' => '',
      'limit' => 'limit 500',
      'distinct' => '',
    ),
     'paging' => NULL,
     'tablePre' => 'dbclass_',
  )),
  'items' => 
  array (
  ),
  'menu' => 
  Menu::__set_state(array(
     'current' => '/hospital/providers_edit',
     'vcurrent' => '/hospital/',
  )),
)
-------</pre>



<pre>------
errID:8
errStr:Undefined variable: id
errFile:E:\wamp\www\iwebshop\runtime\hospital\providers_edit.php
errLine:66
errTime:12-05-07 20:12:34
##出错时变量的值：##
array (
  '__runtimeFile' => 'E:/wamp/www/iwebshop/runtime\\hospital\\providers_edit.php',
  'data' => NULL,
  'admin_id' => '1',
  'query' => 
  IQuery::__set_state(array(
     'dbo' => 
    IMysql::__set_state(array(
       'linkRes' => NULL,
    )),
     'sql' => 
    array (
      'table' => 'dbclass_quick_naviga',
      'fields' => '*',
      'where' => 'where adminid = 1 and is_del = 0',
      'join' => '',
      'group' => '',
      'having' => '',
      'order' => '',
      'limit' => 'limit 500',
      'distinct' => '',
    ),
     'paging' => NULL,
     'tablePre' => 'dbclass_',
  )),
  'items' => 
  array (
  ),
  'menu' => 
  Menu::__set_state(array(
     'current' => '/hospital/providers_edit',
     'vcurrent' => '/hospital/',
  )),
)
-------</pre>



<pre>------
errID:8
errStr:Undefined variable: id
errFile:E:\wamp\www\iwebshop\runtime\hospital\providers_edit.php
errLine:164
errTime:12-05-07 20:12:34
##出错时变量的值：##
array (
  '__runtimeFile' => 'E:/wamp/www/iwebshop/runtime\\hospital\\providers_edit.php',
  'data' => NULL,
  'admin_id' => '1',
  'query' => 
  IQuery::__set_state(array(
     'dbo' => 
    IMysql::__set_state(array(
       'linkRes' => NULL,
    )),
     'sql' => 
    array (
      'table' => 'dbclass_hospital_detail',
      'fields' => '*',
      'where' => '',
      'join' => '',
      'group' => '',
      'having' => '',
      'order' => '',
      'limit' => 'limit 500',
      'distinct' => '',
    ),
     'paging' => NULL,
     'tablePre' => 'dbclass_',
  )),
  'items' => 
  array (
    0 => 
    array (
      'hospital_name_ch' => '宁波市妇女儿童医院',
      'hospital_name_en' => 'Ningbo Women & Children\'s Hospital',
      'hospital_adress_ch' => '宁波市柳汀街339号 电话：0574-87083300',
      'hospital_adress_en' => '399 Liuding Road， Ningbo ',
      'hospital_province_ch' => '浙江',
      'hospital_province_en' => 'Zhejiang',
      'hospital_zipcode' => '315012',
      'visited_date_b' => '2011-08-13',
      'visited_date_e' => '2011-08-21',
      'id' => '1',
    ),
    1 => 
    array (
      'hospital_name_ch' => '（上海）中国福利会国际和平妇幼保健院',
      'hospital_name_en' => '(Shanghai) International Peace Maternity & Child Health Hospital of the China Welfare Institute',
      'hospital_adress_ch' => '上海市徐汇区衡山路910号，电话： 021-64070434',
      'hospital_adress_en' => '910 Hengsan Road, Shanghai  ',
      'hospital_province_ch' => '上海',
      'hospital_province_en' => 'Shanghai',
      'hospital_zipcode' => '200030',
      'visited_date_b' => '2012-05-01',
      'visited_date_e' => '2012-05-31',
      'id' => '3',
    ),
  ),
  'menu' => 
  Menu::__set_state(array(
     'current' => '/hospital/providers_edit',
     'vcurrent' => '/hospital/',
  )),
  'item' => 
  array (
    'hospital_name_ch' => '（上海）中国福利会国际和平妇幼保健院',
    'hospital_name_en' => '(Shanghai) International Peace Maternity & Child Health Hospital of the China Welfare Institute',
    'hospital_adress_ch' => '上海市徐汇区衡山路910号，电话： 021-64070434',
    'hospital_adress_en' => '910 Hengsan Road, Shanghai  ',
    'hospital_province_ch' => '上海',
    'hospital_province_en' => 'Shanghai',
    'hospital_zipcode' => '200030',
    'visited_date_b' => '2012-05-01',
    'visited_date_e' => '2012-05-31',
    'id' => '3',
  ),
  'key' => 1,
)
-------</pre>



<pre>------
errID:8
errStr:Undefined variable: id
errFile:E:\wamp\www\iwebshop\runtime\hospital\providers_edit.php
errLine:49
errTime:12-05-07 20:12:49
##出错时变量的值：##
array (
  '__runtimeFile' => 'E:/wamp/www/iwebshop/runtime\\hospital\\providers_edit.php',
  'data' => NULL,
  'admin_id' => '1',
  'query' => 
  IQuery::__set_state(array(
     'dbo' => 
    IMysql::__set_state(array(
       'linkRes' => NULL,
    )),
     'sql' => 
    array (
      'table' => 'dbclass_quick_naviga',
      'fields' => '*',
      'where' => 'where adminid = 1 and is_del = 0',
      'join' => '',
      'group' => '',
      'having' => '',
      'order' => '',
      'limit' => 'limit 500',
      'distinct' => '',
    ),
     'paging' => NULL,
     'tablePre' => 'dbclass_',
  )),
  'items' => 
  array (
  ),
  'menu' => 
  Menu::__set_state(array(
     'current' => '/hospital/providers_edit',
     'vcurrent' => '/hospital/',
  )),
)
-------</pre>



<pre>------
errID:8
errStr:Undefined variable: id
errFile:E:\wamp\www\iwebshop\runtime\hospital\providers_edit.php
errLine:66
errTime:12-05-07 20:12:49
##出错时变量的值：##
array (
  '__runtimeFile' => 'E:/wamp/www/iwebshop/runtime\\hospital\\providers_edit.php',
  'data' => NULL,
  'admin_id' => '1',
  'query' => 
  IQuery::__set_state(array(
     'dbo' => 
    IMysql::__set_state(array(
       'linkRes' => NULL,
    )),
     'sql' => 
    array (
      'table' => 'dbclass_quick_naviga',
      'fields' => '*',
      'where' => 'where adminid = 1 and is_del = 0',
      'join' => '',
      'group' => '',
      'having' => '',
      'order' => '',
      'limit' => 'limit 500',
      'distinct' => '',
    ),
     'paging' => NULL,
     'tablePre' => 'dbclass_',
  )),
  'items' => 
  array (
  ),
  'menu' => 
  Menu::__set_state(array(
     'current' => '/hospital/providers_edit',
     'vcurrent' => '/hospital/',
  )),
)
-------</pre>



<pre>------
errID:8
errStr:Undefined variable: id
errFile:E:\wamp\www\iwebshop\runtime\hospital\providers_edit.php
errLine:164
errTime:12-05-07 20:12:49
##出错时变量的值：##
array (
  '__runtimeFile' => 'E:/wamp/www/iwebshop/runtime\\hospital\\providers_edit.php',
  'data' => NULL,
  'admin_id' => '1',
  'query' => 
  IQuery::__set_state(array(
     'dbo' => 
    IMysql::__set_state(array(
       'linkRes' => NULL,
    )),
     'sql' => 
    array (
      'table' => 'dbclass_hospital_detail',
      'fields' => '*',
      'where' => '',
      'join' => '',
      'group' => '',
      'having' => '',
      'order' => '',
      'limit' => 'limit 500',
      'distinct' => '',
    ),
     'paging' => NULL,
     'tablePre' => 'dbclass_',
  )),
  'items' => 
  array (
    0 => 
    array (
      'hospital_name_ch' => '宁波市妇女儿童医院',
      'hospital_name_en' => 'Ningbo Women & Children\'s Hospital',
      'hospital_adress_ch' => '宁波市柳汀街339号 电话：0574-87083300',
      'hospital_adress_en' => '399 Liuding Road， Ningbo ',
      'hospital_province_ch' => '浙江',
      'hospital_province_en' => 'Zhejiang',
      'hospital_zipcode' => '315012',
      'visited_date_b' => '2011-08-13',
      'visited_date_e' => '2011-08-21',
      'id' => '1',
    ),
    1 => 
    array (
      'hospital_name_ch' => '（上海）中国福利会国际和平妇幼保健院',
      'hospital_name_en' => '(Shanghai) International Peace Maternity & Child Health Hospital of the China Welfare Institute',
      'hospital_adress_ch' => '上海市徐汇区衡山路910号，电话： 021-64070434',
      'hospital_adress_en' => '910 Hengsan Road, Shanghai  ',
      'hospital_province_ch' => '上海',
      'hospital_province_en' => 'Shanghai',
      'hospital_zipcode' => '200030',
      'visited_date_b' => '2012-05-01',
      'visited_date_e' => '2012-05-31',
      'id' => '3',
    ),
  ),
  'menu' => 
  Menu::__set_state(array(
     'current' => '/hospital/providers_edit',
     'vcurrent' => '/hospital/',
  )),
  'item' => 
  array (
    'hospital_name_ch' => '（上海）中国福利会国际和平妇幼保健院',
    'hospital_name_en' => '(Shanghai) International Peace Maternity & Child Health Hospital of the China Welfare Institute',
    'hospital_adress_ch' => '上海市徐汇区衡山路910号，电话： 021-64070434',
    'hospital_adress_en' => '910 Hengsan Road, Shanghai  ',
    'hospital_province_ch' => '上海',
    'hospital_province_en' => 'Shanghai',
    'hospital_zipcode' => '200030',
    'visited_date_b' => '2012-05-01',
    'visited_date_e' => '2012-05-31',
    'id' => '3',
  ),
  'key' => 1,
)
-------</pre>



<pre>------
errID:8
errStr:Undefined variable: id
errFile:E:\wamp\www\iwebshop\runtime\hospital\providers_edit.php
errLine:49
errTime:12-05-07 20:13:31
##出错时变量的值：##
array (
  '__runtimeFile' => 'E:/wamp/www/iwebshop/runtime\\hospital\\providers_edit.php',
  'data' => NULL,
  'admin_id' => '1',
  'query' => 
  IQuery::__set_state(array(
     'dbo' => 
    IMysql::__set_state(array(
       'linkRes' => NULL,
    )),
     'sql' => 
    array (
      'table' => 'dbclass_quick_naviga',
      'fields' => '*',
      'where' => 'where adminid = 1 and is_del = 0',
      'join' => '',
      'group' => '',
      'having' => '',
      'order' => '',
      'limit' => 'limit 500',
      'distinct' => '',
    ),
     'paging' => NULL,
     'tablePre' => 'dbclass_',
  )),
  'items' => 
  array (
  ),
  'menu' => 
  Menu::__set_state(array(
     'current' => '/hospital/providers_edit',
     'vcurrent' => '/hospital/',
  )),
)
-------</pre>



<pre>------
errID:8
errStr:Undefined variable: id
errFile:E:\wamp\www\iwebshop\runtime\hospital\providers_edit.php
errLine:66
errTime:12-05-07 20:13:31
##出错时变量的值：##
array (
  '__runtimeFile' => 'E:/wamp/www/iwebshop/runtime\\hospital\\providers_edit.php',
  'data' => NULL,
  'admin_id' => '1',
  'query' => 
  IQuery::__set_state(array(
     'dbo' => 
    IMysql::__set_state(array(
       'linkRes' => NULL,
    )),
     'sql' => 
    array (
      'table' => 'dbclass_quick_naviga',
      'fields' => '*',
      'where' => 'where adminid = 1 and is_del = 0',
      'join' => '',
      'group' => '',
      'having' => '',
      'order' => '',
      'limit' => 'limit 500',
      'distinct' => '',
    ),
     'paging' => NULL,
     'tablePre' => 'dbclass_',
  )),
  'items' => 
  array (
  ),
  'menu' => 
  Menu::__set_state(array(
     'current' => '/hospital/providers_edit',
     'vcurrent' => '/hospital/',
  )),
)
-------</pre>



<pre>------
errID:8
errStr:Undefined variable: id
errFile:E:\wamp\www\iwebshop\runtime\hospital\providers_edit.php
errLine:164
errTime:12-05-07 20:13:31
##出错时变量的值：##
array (
  '__runtimeFile' => 'E:/wamp/www/iwebshop/runtime\\hospital\\providers_edit.php',
  'data' => NULL,
  'admin_id' => '1',
  'query' => 
  IQuery::__set_state(array(
     'dbo' => 
    IMysql::__set_state(array(
       'linkRes' => NULL,
    )),
     'sql' => 
    array (
      'table' => 'dbclass_hospital_detail',
      'fields' => '*',
      'where' => '',
      'join' => '',
      'group' => '',
      'having' => '',
      'order' => '',
      'limit' => 'limit 500',
      'distinct' => '',
    ),
     'paging' => NULL,
     'tablePre' => 'dbclass_',
  )),
  'items' => 
  array (
    0 => 
    array (
      'hospital_name_ch' => '宁波市妇女儿童医院',
      'hospital_name_en' => 'Ningbo Women & Children\'s Hospital',
      'hospital_adress_ch' => '宁波市柳汀街339号 电话：0574-87083300',
      'hospital_adress_en' => '399 Liuding Road， Ningbo ',
      'hospital_province_ch' => '浙江',
      'hospital_province_en' => 'Zhejiang',
      'hospital_zipcode' => '315012',
      'visited_date_b' => '2011-08-13',
      'visited_date_e' => '2011-08-21',
      'id' => '1',
    ),
    1 => 
    array (
      'hospital_name_ch' => '（上海）中国福利会国际和平妇幼保健院',
      'hospital_name_en' => '(Shanghai) International Peace Maternity & Child Health Hospital of the China Welfare Institute',
      'hospital_adress_ch' => '上海市徐汇区衡山路910号，电话： 021-64070434',
      'hospital_adress_en' => '910 Hengsan Road, Shanghai  ',
      'hospital_province_ch' => '上海',
      'hospital_province_en' => 'Shanghai',
      'hospital_zipcode' => '200030',
      'visited_date_b' => '2012-05-01',
      'visited_date_e' => '2012-05-31',
      'id' => '3',
    ),
  ),
  'menu' => 
  Menu::__set_state(array(
     'current' => '/hospital/providers_edit',
     'vcurrent' => '/hospital/',
  )),
  'item' => 
  array (
    'hospital_name_ch' => '（上海）中国福利会国际和平妇幼保健院',
    'hospital_name_en' => '(Shanghai) International Peace Maternity & Child Health Hospital of the China Welfare Institute',
    'hospital_adress_ch' => '上海市徐汇区衡山路910号，电话： 021-64070434',
    'hospital_adress_en' => '910 Hengsan Road, Shanghai  ',
    'hospital_province_ch' => '上海',
    'hospital_province_en' => 'Shanghai',
    'hospital_zipcode' => '200030',
    'visited_date_b' => '2012-05-01',
    'visited_date_e' => '2012-05-31',
    'id' => '3',
  ),
  'key' => 1,
)
-------</pre>



<pre>------
errID:8
errStr:Undefined variable: id
errFile:E:\wamp\www\iwebshop\runtime\hospital\providers_edit.php
errLine:49
errTime:12-05-07 20:39:08
##出错时变量的值：##
array (
  '__runtimeFile' => 'E:/wamp/www/iwebshop/runtime\\hospital\\providers_edit.php',
  'data' => NULL,
  'admin_id' => '1',
  'query' => 
  IQuery::__set_state(array(
     'dbo' => 
    IMysql::__set_state(array(
       'linkRes' => NULL,
    )),
     'sql' => 
    array (
      'table' => 'dbclass_quick_naviga',
      'fields' => '*',
      'where' => 'where adminid = 1 and is_del = 0',
      'join' => '',
      'group' => '',
      'having' => '',
      'order' => '',
      'limit' => 'limit 500',
      'distinct' => '',
    ),
     'paging' => NULL,
     'tablePre' => 'dbclass_',
  )),
  'items' => 
  array (
  ),
  'menu' => 
  Menu::__set_state(array(
     'current' => '/hospital/providers_edit',
     'vcurrent' => '/hospital/',
  )),
)
-------</pre>



<pre>------
errID:8
errStr:Undefined variable: id
errFile:E:\wamp\www\iwebshop\runtime\hospital\providers_edit.php
errLine:66
errTime:12-05-07 20:39:08
##出错时变量的值：##
array (
  '__runtimeFile' => 'E:/wamp/www/iwebshop/runtime\\hospital\\providers_edit.php',
  'data' => NULL,
  'admin_id' => '1',
  'query' => 
  IQuery::__set_state(array(
     'dbo' => 
    IMysql::__set_state(array(
       'linkRes' => NULL,
    )),
     'sql' => 
    array (
      'table' => 'dbclass_quick_naviga',
      'fields' => '*',
      'where' => 'where adminid = 1 and is_del = 0',
      'join' => '',
      'group' => '',
      'having' => '',
      'order' => '',
      'limit' => 'limit 500',
      'distinct' => '',
    ),
     'paging' => NULL,
     'tablePre' => 'dbclass_',
  )),
  'items' => 
  array (
  ),
  'menu' => 
  Menu::__set_state(array(
     'current' => '/hospital/providers_edit',
     'vcurrent' => '/hospital/',
  )),
)
-------</pre>



<pre>------
errID:8
errStr:Undefined variable: id
errFile:E:\wamp\www\iwebshop\runtime\hospital\providers_edit.php
errLine:164
errTime:12-05-07 20:39:08
##出错时变量的值：##
array (
  '__runtimeFile' => 'E:/wamp/www/iwebshop/runtime\\hospital\\providers_edit.php',
  'data' => NULL,
  'admin_id' => '1',
  'query' => 
  IQuery::__set_state(array(
     'dbo' => 
    IMysql::__set_state(array(
       'linkRes' => NULL,
    )),
     'sql' => 
    array (
      'table' => 'dbclass_hospital_detail',
      'fields' => '*',
      'where' => '',
      'join' => '',
      'group' => '',
      'having' => '',
      'order' => '',
      'limit' => 'limit 500',
      'distinct' => '',
    ),
     'paging' => NULL,
     'tablePre' => 'dbclass_',
  )),
  'items' => 
  array (
    0 => 
    array (
      'hospital_name_ch' => '宁波市妇女儿童医院',
      'hospital_name_en' => 'Ningbo Women & Children\'s Hospital',
      'hospital_adress_ch' => '宁波市柳汀街339号 电话：0574-87083300',
      'hospital_adress_en' => '399 Liuding Road， Ningbo ',
      'hospital_province_ch' => '浙江',
      'hospital_province_en' => 'Zhejiang',
      'hospital_zipcode' => '315012',
      'visited_date_b' => '2011-08-13',
      'visited_date_e' => '2011-08-21',
      'id' => '1',
    ),
    1 => 
    array (
      'hospital_name_ch' => '（上海）中国福利会国际和平妇幼保健院',
      'hospital_name_en' => '(Shanghai) International Peace Maternity & Child Health Hospital of the China Welfare Institute',
      'hospital_adress_ch' => '上海市徐汇区衡山路910号，电话： 021-64070434',
      'hospital_adress_en' => '910 Hengsan Road, Shanghai  ',
      'hospital_province_ch' => '上海',
      'hospital_province_en' => 'Shanghai',
      'hospital_zipcode' => '200030',
      'visited_date_b' => '2012-05-01',
      'visited_date_e' => '2012-05-31',
      'id' => '3',
    ),
  ),
  'menu' => 
  Menu::__set_state(array(
     'current' => '/hospital/providers_edit',
     'vcurrent' => '/hospital/',
  )),
  'item' => 
  array (
    'hospital_name_ch' => '（上海）中国福利会国际和平妇幼保健院',
    'hospital_name_en' => '(Shanghai) International Peace Maternity & Child Health Hospital of the China Welfare Institute',
    'hospital_adress_ch' => '上海市徐汇区衡山路910号，电话： 021-64070434',
    'hospital_adress_en' => '910 Hengsan Road, Shanghai  ',
    'hospital_province_ch' => '上海',
    'hospital_province_en' => 'Shanghai',
    'hospital_zipcode' => '200030',
    'visited_date_b' => '2012-05-01',
    'visited_date_e' => '2012-05-31',
    'id' => '3',
  ),
  'key' => 1,
)
-------</pre>



<pre>------
errID:8
errStr:Undefined variable: id
errFile:E:\wamp\www\iwebshop\runtime\hospital\providers_edit.php
errLine:49
errTime:12-05-07 20:41:35
##出错时变量的值：##
array (
  '__runtimeFile' => 'E:/wamp/www/iwebshop/runtime\\hospital\\providers_edit.php',
  'data' => NULL,
  'admin_id' => '1',
  'query' => 
  IQuery::__set_state(array(
     'dbo' => 
    IMysql::__set_state(array(
       'linkRes' => NULL,
    )),
     'sql' => 
    array (
      'table' => 'dbclass_quick_naviga',
      'fields' => '*',
      'where' => 'where adminid = 1 and is_del = 0',
      'join' => '',
      'group' => '',
      'having' => '',
      'order' => '',
      'limit' => 'limit 500',
      'distinct' => '',
    ),
     'paging' => NULL,
     'tablePre' => 'dbclass_',
  )),
  'items' => 
  array (
  ),
  'menu' => 
  Menu::__set_state(array(
     'current' => '/hospital/providers_edit',
     'vcurrent' => '/hospital/',
  )),
)
-------</pre>



<pre>------
errID:8
errStr:Undefined variable: id
errFile:E:\wamp\www\iwebshop\runtime\hospital\providers_edit.php
errLine:66
errTime:12-05-07 20:41:35
##出错时变量的值：##
array (
  '__runtimeFile' => 'E:/wamp/www/iwebshop/runtime\\hospital\\providers_edit.php',
  'data' => NULL,
  'admin_id' => '1',
  'query' => 
  IQuery::__set_state(array(
     'dbo' => 
    IMysql::__set_state(array(
       'linkRes' => NULL,
    )),
     'sql' => 
    array (
      'table' => 'dbclass_quick_naviga',
      'fields' => '*',
      'where' => 'where adminid = 1 and is_del = 0',
      'join' => '',
      'group' => '',
      'having' => '',
      'order' => '',
      'limit' => 'limit 500',
      'distinct' => '',
    ),
     'paging' => NULL,
     'tablePre' => 'dbclass_',
  )),
  'items' => 
  array (
  ),
  'menu' => 
  Menu::__set_state(array(
     'current' => '/hospital/providers_edit',
     'vcurrent' => '/hospital/',
  )),
)
-------</pre>



<pre>------
errID:8
errStr:Undefined variable: id
errFile:E:\wamp\www\iwebshop\runtime\hospital\providers_edit.php
errLine:164
errTime:12-05-07 20:41:35
##出错时变量的值：##
array (
  '__runtimeFile' => 'E:/wamp/www/iwebshop/runtime\\hospital\\providers_edit.php',
  'data' => NULL,
  'admin_id' => '1',
  'query' => 
  IQuery::__set_state(array(
     'dbo' => 
    IMysql::__set_state(array(
       'linkRes' => NULL,
    )),
     'sql' => 
    array (
      'table' => 'dbclass_hospital_detail',
      'fields' => '*',
      'where' => '',
      'join' => '',
      'group' => '',
      'having' => '',
      'order' => '',
      'limit' => 'limit 500',
      'distinct' => '',
    ),
     'paging' => NULL,
     'tablePre' => 'dbclass_',
  )),
  'items' => 
  array (
    0 => 
    array (
      'hospital_name_ch' => '宁波市妇女儿童医院',
      'hospital_name_en' => 'Ningbo Women & Children\'s Hospital',
      'hospital_adress_ch' => '宁波市柳汀街339号 电话：0574-87083300',
      'hospital_adress_en' => '399 Liuding Road， Ningbo ',
      'hospital_province_ch' => '浙江',
      'hospital_province_en' => 'Zhejiang',
      'hospital_zipcode' => '315012',
      'visited_date_b' => '2011-08-13',
      'visited_date_e' => '2011-08-21',
      'id' => '1',
    ),
    1 => 
    array (
      'hospital_name_ch' => '（上海）中国福利会国际和平妇幼保健院',
      'hospital_name_en' => '(Shanghai) International Peace Maternity & Child Health Hospital of the China Welfare Institute',
      'hospital_adress_ch' => '上海市徐汇区衡山路910号，电话： 021-64070434',
      'hospital_adress_en' => '910 Hengsan Road, Shanghai  ',
      'hospital_province_ch' => '上海',
      'hospital_province_en' => 'Shanghai',
      'hospital_zipcode' => '200030',
      'visited_date_b' => '2012-05-01',
      'visited_date_e' => '2012-05-31',
      'id' => '3',
    ),
  ),
  'menu' => 
  Menu::__set_state(array(
     'current' => '/hospital/providers_edit',
     'vcurrent' => '/hospital/',
  )),
  'item' => 
  array (
    'hospital_name_ch' => '（上海）中国福利会国际和平妇幼保健院',
    'hospital_name_en' => '(Shanghai) International Peace Maternity & Child Health Hospital of the China Welfare Institute',
    'hospital_adress_ch' => '上海市徐汇区衡山路910号，电话： 021-64070434',
    'hospital_adress_en' => '910 Hengsan Road, Shanghai  ',
    'hospital_province_ch' => '上海',
    'hospital_province_en' => 'Shanghai',
    'hospital_zipcode' => '200030',
    'visited_date_b' => '2012-05-01',
    'visited_date_e' => '2012-05-31',
    'id' => '3',
  ),
  'key' => 1,
)
-------</pre>



<pre>------
errID:8
errStr:Undefined variable: id
errFile:E:\wamp\www\iwebshop\runtime\hospital\providers_edit.php
errLine:49
errTime:12-05-07 20:41:39
##出错时变量的值：##
array (
  '__runtimeFile' => 'E:/wamp/www/iwebshop/runtime\\hospital\\providers_edit.php',
  'data' => NULL,
  'admin_id' => '1',
  'query' => 
  IQuery::__set_state(array(
     'dbo' => 
    IMysql::__set_state(array(
       'linkRes' => NULL,
    )),
     'sql' => 
    array (
      'table' => 'dbclass_quick_naviga',
      'fields' => '*',
      'where' => 'where adminid = 1 and is_del = 0',
      'join' => '',
      'group' => '',
      'having' => '',
      'order' => '',
      'limit' => 'limit 500',
      'distinct' => '',
    ),
     'paging' => NULL,
     'tablePre' => 'dbclass_',
  )),
  'items' => 
  array (
  ),
  'menu' => 
  Menu::__set_state(array(
     'current' => '/hospital/providers_edit',
     'vcurrent' => '/hospital/',
  )),
)
-------</pre>



<pre>------
errID:8
errStr:Undefined variable: id
errFile:E:\wamp\www\iwebshop\runtime\hospital\providers_edit.php
errLine:66
errTime:12-05-07 20:41:39
##出错时变量的值：##
array (
  '__runtimeFile' => 'E:/wamp/www/iwebshop/runtime\\hospital\\providers_edit.php',
  'data' => NULL,
  'admin_id' => '1',
  'query' => 
  IQuery::__set_state(array(
     'dbo' => 
    IMysql::__set_state(array(
       'linkRes' => NULL,
    )),
     'sql' => 
    array (
      'table' => 'dbclass_quick_naviga',
      'fields' => '*',
      'where' => 'where adminid = 1 and is_del = 0',
      'join' => '',
      'group' => '',
      'having' => '',
      'order' => '',
      'limit' => 'limit 500',
      'distinct' => '',
    ),
     'paging' => NULL,
     'tablePre' => 'dbclass_',
  )),
  'items' => 
  array (
  ),
  'menu' => 
  Menu::__set_state(array(
     'current' => '/hospital/providers_edit',
     'vcurrent' => '/hospital/',
  )),
)
-------</pre>



<pre>------
errID:8
errStr:Undefined variable: id
errFile:E:\wamp\www\iwebshop\runtime\hospital\providers_edit.php
errLine:164
errTime:12-05-07 20:41:39
##出错时变量的值：##
array (
  '__runtimeFile' => 'E:/wamp/www/iwebshop/runtime\\hospital\\providers_edit.php',
  'data' => NULL,
  'admin_id' => '1',
  'query' => 
  IQuery::__set_state(array(
     'dbo' => 
    IMysql::__set_state(array(
       'linkRes' => NULL,
    )),
     'sql' => 
    array (
      'table' => 'dbclass_hospital_detail',
      'fields' => '*',
      'where' => '',
      'join' => '',
      'group' => '',
      'having' => '',
      'order' => '',
      'limit' => 'limit 500',
      'distinct' => '',
    ),
     'paging' => NULL,
     'tablePre' => 'dbclass_',
  )),
  'items' => 
  array (
    0 => 
    array (
      'hospital_name_ch' => '宁波市妇女儿童医院',
      'hospital_name_en' => 'Ningbo Women & Children\'s Hospital',
      'hospital_adress_ch' => '宁波市柳汀街339号 电话：0574-87083300',
      'hospital_adress_en' => '399 Liuding Road， Ningbo ',
      'hospital_province_ch' => '浙江',
      'hospital_province_en' => 'Zhejiang',
      'hospital_zipcode' => '315012',
      'visited_date_b' => '2011-08-13',
      'visited_date_e' => '2011-08-21',
      'id' => '1',
    ),
    1 => 
    array (
      'hospital_name_ch' => '（上海）中国福利会国际和平妇幼保健院',
      'hospital_name_en' => '(Shanghai) International Peace Maternity & Child Health Hospital of the China Welfare Institute',
      'hospital_adress_ch' => '上海市徐汇区衡山路910号，电话： 021-64070434',
      'hospital_adress_en' => '910 Hengsan Road, Shanghai  ',
      'hospital_province_ch' => '上海',
      'hospital_province_en' => 'Shanghai',
      'hospital_zipcode' => '200030',
      'visited_date_b' => '2012-05-01',
      'visited_date_e' => '2012-05-31',
      'id' => '3',
    ),
  ),
  'menu' => 
  Menu::__set_state(array(
     'current' => '/hospital/providers_edit',
     'vcurrent' => '/hospital/',
  )),
  'item' => 
  array (
    'hospital_name_ch' => '（上海）中国福利会国际和平妇幼保健院',
    'hospital_name_en' => '(Shanghai) International Peace Maternity & Child Health Hospital of the China Welfare Institute',
    'hospital_adress_ch' => '上海市徐汇区衡山路910号，电话： 021-64070434',
    'hospital_adress_en' => '910 Hengsan Road, Shanghai  ',
    'hospital_province_ch' => '上海',
    'hospital_province_en' => 'Shanghai',
    'hospital_zipcode' => '200030',
    'visited_date_b' => '2012-05-01',
    'visited_date_e' => '2012-05-31',
    'id' => '3',
  ),
  'key' => 1,
)
-------</pre>



<pre>------
errID:8
errStr:Undefined variable: id
errFile:E:\wamp\www\iwebshop\runtime\hospital\providers_edit.php
errLine:49
errTime:12-05-07 20:44:54
##出错时变量的值：##
array (
  '__runtimeFile' => 'E:/wamp/www/iwebshop/runtime\\hospital\\providers_edit.php',
  'data' => NULL,
  'admin_id' => '1',
  'query' => 
  IQuery::__set_state(array(
     'dbo' => 
    IMysql::__set_state(array(
       'linkRes' => NULL,
    )),
     'sql' => 
    array (
      'table' => 'dbclass_quick_naviga',
      'fields' => '*',
      'where' => 'where adminid = 1 and is_del = 0',
      'join' => '',
      'group' => '',
      'having' => '',
      'order' => '',
      'limit' => 'limit 500',
      'distinct' => '',
    ),
     'paging' => NULL,
     'tablePre' => 'dbclass_',
  )),
  'items' => 
  array (
  ),
  'menu' => 
  Menu::__set_state(array(
     'current' => '/hospital/providers_edit',
     'vcurrent' => '/hospital/',
  )),
)
-------</pre>



<pre>------
errID:8
errStr:Undefined variable: id
errFile:E:\wamp\www\iwebshop\runtime\hospital\providers_edit.php
errLine:66
errTime:12-05-07 20:44:54
##出错时变量的值：##
array (
  '__runtimeFile' => 'E:/wamp/www/iwebshop/runtime\\hospital\\providers_edit.php',
  'data' => NULL,
  'admin_id' => '1',
  'query' => 
  IQuery::__set_state(array(
     'dbo' => 
    IMysql::__set_state(array(
       'linkRes' => NULL,
    )),
     'sql' => 
    array (
      'table' => 'dbclass_quick_naviga',
      'fields' => '*',
      'where' => 'where adminid = 1 and is_del = 0',
      'join' => '',
      'group' => '',
      'having' => '',
      'order' => '',
      'limit' => 'limit 500',
      'distinct' => '',
    ),
     'paging' => NULL,
     'tablePre' => 'dbclass_',
  )),
  'items' => 
  array (
  ),
  'menu' => 
  Menu::__set_state(array(
     'current' => '/hospital/providers_edit',
     'vcurrent' => '/hospital/',
  )),
)
-------</pre>



<pre>------
errID:8
errStr:Undefined variable: id
errFile:E:\wamp\www\iwebshop\runtime\hospital\providers_edit.php
errLine:164
errTime:12-05-07 20:44:54
##出错时变量的值：##
array (
  '__runtimeFile' => 'E:/wamp/www/iwebshop/runtime\\hospital\\providers_edit.php',
  'data' => NULL,
  'admin_id' => '1',
  'query' => 
  IQuery::__set_state(array(
     'dbo' => 
    IMysql::__set_state(array(
       'linkRes' => NULL,
    )),
     'sql' => 
    array (
      'table' => 'dbclass_hospital_detail',
      'fields' => '*',
      'where' => '',
      'join' => '',
      'group' => '',
      'having' => '',
      'order' => '',
      'limit' => 'limit 500',
      'distinct' => '',
    ),
     'paging' => NULL,
     'tablePre' => 'dbclass_',
  )),
  'items' => 
  array (
    0 => 
    array (
      'hospital_name_ch' => '宁波市妇女儿童医院',
      'hospital_name_en' => 'Ningbo Women & Children\'s Hospital',
      'hospital_adress_ch' => '宁波市柳汀街339号 电话：0574-87083300',
      'hospital_adress_en' => '399 Liuding Road， Ningbo ',
      'hospital_province_ch' => '浙江',
      'hospital_province_en' => 'Zhejiang',
      'hospital_zipcode' => '315012',
      'visited_date_b' => '2011-08-13',
      'visited_date_e' => '2011-08-21',
      'id' => '1',
    ),
    1 => 
    array (
      'hospital_name_ch' => '（上海）中国福利会国际和平妇幼保健院',
      'hospital_name_en' => '(Shanghai) International Peace Maternity & Child Health Hospital of the China Welfare Institute',
      'hospital_adress_ch' => '上海市徐汇区衡山路910号，电话： 021-64070434',
      'hospital_adress_en' => '910 Hengsan Road, Shanghai  ',
      'hospital_province_ch' => '上海',
      'hospital_province_en' => 'Shanghai',
      'hospital_zipcode' => '200030',
      'visited_date_b' => '2012-05-01',
      'visited_date_e' => '2012-05-31',
      'id' => '3',
    ),
  ),
  'menu' => 
  Menu::__set_state(array(
     'current' => '/hospital/providers_edit',
     'vcurrent' => '/hospital/',
  )),
  'item' => 
  array (
    'hospital_name_ch' => '（上海）中国福利会国际和平妇幼保健院',
    'hospital_name_en' => '(Shanghai) International Peace Maternity & Child Health Hospital of the China Welfare Institute',
    'hospital_adress_ch' => '上海市徐汇区衡山路910号，电话： 021-64070434',
    'hospital_adress_en' => '910 Hengsan Road, Shanghai  ',
    'hospital_province_ch' => '上海',
    'hospital_province_en' => 'Shanghai',
    'hospital_zipcode' => '200030',
    'visited_date_b' => '2012-05-01',
    'visited_date_e' => '2012-05-31',
    'id' => '3',
  ),
  'key' => 1,
)
-------</pre>
