


<pre>----------
Mess: select  sum(order_amount) as amount from dbclass_order  where `status` = 5    limit 500
 -- Table 'diantaoba.dbclass_order' doesn't exist
Line: 89
File: IWEB_PATH/db\driver\mysql_class.php
##Debug_backtrace:##
	Func:read           	Class:IMysql         	Type:->   	Line:59   	File:IWEB_PATH/db\driver\mysql_class.php
	Func:doSql          	Class:IMysql         	Type:->   	Line:87   	File:IWEB_PATH/db\db_class.php
	Func:query          	Class:IDB            	Type:->   	Line:128  	File:IWEB_PATH/core\query_class.php
	Func:find           	Class:IQuery         	Type:->   	Line:67   	File:D:\wwwroot\panfeng\wwwroot\board\runtime\system\default.php
	Func:require        	Class:               	Type:     	Line:116  	File:IWEB_PATH/web\controller\controllerbase_class.php
	Func:requireFile    	Class:IControllerBase	Type:->   	Line:82   	File:IWEB_PATH/web\controller\controllerbase_class.php
	Func:renderView     	Class:IControllerBase	Type:->   	Line:265  	File:IWEB_PATH/web\controller\controller_class.php
	Func:render         	Class:IController    	Type:->   	Line:46   	File:IWEB_PATH/web\action\view_action.php
	Func:run            	Class:IViewAction    	Type:->   	Line:200  	File:IWEB_PATH/web\controller\controller_class.php
	Func:run            	Class:IController    	Type:->   	Line:29   	File:IWEB_PATH/core\webapplication_class.php
	Func:execRequest    	Class:IWebApplication	Type:->   	Line:150  	File:IWEB_PATH/core\application_class.php
	Func:run            	Class:IApplication   	Type:->   	Line:5    	File:D:\wwwroot\panfeng\wwwroot\board\index.php
------------</pre>


<pre>----------
Mess: SELECT * FROM dbclass_addmission_view WHERE id= 1 limit 1
 -- Table 'diantaoba.dbclass_addmission_view' doesn't exist
Line: 89
File: IWEB_PATH/db\driver\mysql_class.php
##Debug_backtrace:##
	Func:read           	Class:IMysql         	Type:->   	Line:59   	File:IWEB_PATH/db\driver\mysql_class.php
	Func:doSql          	Class:IMysql         	Type:->   	Line:87   	File:IWEB_PATH/db\db_class.php
	Func:query          	Class:IDB            	Type:->   	Line:187  	File:IWEB_PATH/web\model\model_class.php
	Func:query          	Class:IModel         	Type:->   	Line:134  	File:IWEB_PATH/web\model\model_class.php
	Func:getObj         	Class:IModel         	Type:->   	Line:93   	File:D:\wwwroot\panfeng\wwwroot\board\controllers\obstetrical.php
	Func:admission_edit 	Class:Obstetrical    	Type:->   	Line:24   	File:IWEB_PATH/web\action\inline_action.php
	Func:run            	Class:IInlineAction  	Type:->   	Line:200  	File:IWEB_PATH/web\controller\controller_class.php
	Func:run            	Class:IController    	Type:->   	Line:29   	File:IWEB_PATH/core\webapplication_class.php
	Func:execRequest    	Class:IWebApplication	Type:->   	Line:150  	File:IWEB_PATH/core\application_class.php
	Func:run            	Class:IApplication   	Type:->   	Line:5    	File:D:\wwwroot\panfeng\wwwroot\board\index.php
------------</pre>


<pre>----------
Mess: SELECT * FROM dbclass_addmission_view WHERE id= 1 limit 1
 -- Table 'diantaoba.dbclass_addmission_view' doesn't exist
Line: 89
File: IWEB_PATH/db\driver\mysql_class.php
##Debug_backtrace:##
	Func:read           	Class:IMysql         	Type:->   	Line:59   	File:IWEB_PATH/db\driver\mysql_class.php
	Func:doSql          	Class:IMysql         	Type:->   	Line:87   	File:IWEB_PATH/db\db_class.php
	Func:query          	Class:IDB            	Type:->   	Line:187  	File:IWEB_PATH/web\model\model_class.php
	Func:query          	Class:IModel         	Type:->   	Line:134  	File:IWEB_PATH/web\model\model_class.php
	Func:getObj         	Class:IModel         	Type:->   	Line:93   	File:D:\wwwroot\panfeng\wwwroot\board\controllers\obstetrical.php
	Func:admission_edit 	Class:Obstetrical    	Type:->   	Line:24   	File:IWEB_PATH/web\action\inline_action.php
	Func:run            	Class:IInlineAction  	Type:->   	Line:200  	File:IWEB_PATH/web\controller\controller_class.php
	Func:run            	Class:IController    	Type:->   	Line:29   	File:IWEB_PATH/core\webapplication_class.php
	Func:execRequest    	Class:IWebApplication	Type:->   	Line:150  	File:IWEB_PATH/core\application_class.php
	Func:run            	Class:IApplication   	Type:->   	Line:5    	File:D:\wwwroot\panfeng\wwwroot\board\index.php
------------</pre>


<pre>----------
Mess: SELECT * FROM dbclass_addmission_view WHERE id= 1 limit 1
 -- Table 'diantaoba.dbclass_addmission_view' doesn't exist
Line: 89
File: IWEB_PATH/db\driver\mysql_class.php
##Debug_backtrace:##
	Func:read           	Class:IMysql         	Type:->   	Line:59   	File:IWEB_PATH/db\driver\mysql_class.php
	Func:doSql          	Class:IMysql         	Type:->   	Line:87   	File:IWEB_PATH/db\db_class.php
	Func:query          	Class:IDB            	Type:->   	Line:187  	File:IWEB_PATH/web\model\model_class.php
	Func:query          	Class:IModel         	Type:->   	Line:134  	File:IWEB_PATH/web\model\model_class.php
	Func:getObj         	Class:IModel         	Type:->   	Line:93   	File:D:\wwwroot\panfeng\wwwroot\board\controllers\obstetrical.php
	Func:admission_edit 	Class:Obstetrical    	Type:->   	Line:24   	File:IWEB_PATH/web\action\inline_action.php
	Func:run            	Class:IInlineAction  	Type:->   	Line:200  	File:IWEB_PATH/web\controller\controller_class.php
	Func:run            	Class:IController    	Type:->   	Line:29   	File:IWEB_PATH/core\webapplication_class.php
	Func:execRequest    	Class:IWebApplication	Type:->   	Line:150  	File:IWEB_PATH/core\application_class.php
	Func:run            	Class:IApplication   	Type:->   	Line:5    	File:D:\wwwroot\panfeng\wwwroot\board\index.php
------------</pre>


<pre>------
errID:8
errStr:Undefined variable: is_research_sudies
errFile:D:\wwwroot\panfeng\wwwroot\board\runtime\obstetrical\admission_edit.php
errLine:343
errTime:12-05-21 14:27:53
##出错时变量的值：##
array (
  '__runtimeFile' => 'D:\\wwwroot\\panfeng\\wwwroot/board/runtime\\obstetrical\\admission_edit.php',
  'data' => NULL,
  'id' => '1',
  'name' => 'zhangfan',
  'date' => '2012-05-10',
  'hospital_id' => '1',
  'hospital' => '20',
  'pre_sympton' => '1,2,4,5,9,10',
  'other' => 'asdf',
  'scheduled_provedure' => 'asdf',
  'current_medication' => 'panfeng1',
  'current_risk' => 'ASDF',
  'pre_risk' => 'ASDF',
  'medical_surgical_hx' => 'panfeng3',
  'allergies' => 'panfeng4',
  'reaction' => 'ASDFASDF',
  'nkda' => '0',
  'allergy' => '1',
  'time' => '2012-05-10',
  'unit' => '1',
  'form_where' => '2',
  'accompany' => 'panfeng',
  'add_nurse' => 'panfeng',
  'via' => '1',
  'uterus' => '1',
  'contraction' => 'asdf',
  'contruction_date' => '2012-05-17',
  'fetal_movement' => '1',
  'fetal_date' => '2012-05-12',
  'membranes' => '0',
  'membranes_date' => '2012-05-14',
  'recent_intercourse' => '2012-05-21',
  's_p' => '0',
  'age' => '0',
  'gracida' => '5',
  'term' => 'asdf',
  'preter' => 'asdf',
  'antibdy' => 'asdf',
  'living' => '4',
  'lmp' => '156',
  'ega' => 'asdf',
  'edc' => 'asdf',
  'ht' => 'adsf',
  'wt' => 'asdf',
  'wt_gain' => 'asdf',
  'status' => '1',
  'blood_type' => 'A',
  'antibody' => 'ALL',
  'rubella' => '1',
  'hbsag' => '1',
  'vdrl' => '1',
  'vdrl_date' => '2012-05-10',
  'gbbs' => '20',
  'hiv' => '1',
  'ppd' => '1',
  'cxr' => '1',
  'iv_start_location' => 'asdf',
  'iv_start_size' => '12',
  'fluid_type_rate' => '15',
  'fluid_glucose' => '12.4',
  'sse_examiner' => '.12.',
  'sse_date_time' => '2012-05-09',
  'sse_intact' => '0',
  'sse_rom_color' => '红色',
  'sse_ferning' => '1',
  'sse_nitrazine' => '2',
  'sse_pooling' => '1',
  'sse_is_labs_sent' => '1',
  'sse_labs_sent' => 'asdf',
  'sse_is_urine_sent' => '1',
  'sse_urine_sent' => 'asdf',
  'sse_is_cultures_sent' => '1',
  'sse_cultures_sent' => 'asdf',
  'sse_is_other' => '1',
  'sse_other' => 'asdf',
  'urinalysis_sgravity' => 'asdf',
  'urinalysis_color' => 'asdf',
  'urinalysis_apprnce' => 'asdf',
  'urinalysis_leuo' => 'asdf',
  'urinalysis_heme' => 'asdf',
  'urinalysis_glucose' => 'asdf',
  'urinalysis_ketones' => 'asdf',
  'urinalysis_protein' => 'asdf',
  'initial' => '1',
  'initial_date' => '2012-05-22',
  'edc_by_us' => '2012-05-30',
  'ega_by_us' => '3',
  'final_edc' => '2012-05-31',
  'blood_transfusion_solid' => '2',
  'pre_c_s' => '1',
  'attempted' => '1',
  'last_intake_solid' => '2012-05-18',
  'lasr_intake_fluid' => '2012-05-23',
  'research_sudies' => 'asdf',
  'ambulation_em_off' => 'asdf',
  'ambulation_walking_for' => '12',
  'disposition_date' => '2012-05-01',
  'disposition_admitted' => 'asdf',
  'disposition_via' => '1',
  'disposition_report_given' => 'asdf',
  'ida' => '1',
  'clinical_nutrition_consult' => '1',
  'home_with_instruction' => '0',
  'verbalizes_understand' => '1',
  'discharge_ama' => '0',
  'social_work_center_consult' => '0',
  'admin_id' => '1',
  'query' => 
  IQuery::__set_state(array(
     'dbo' => 
    IMysql::__set_state(array(
       'linkRes' => NULL,
    )),
     'sql' => 
    array (
      'table' => 'dbclass_quick_naviga',
      'fields' => '*',
      'where' => 'where adminid = 1 and is_del = 0',
      'join' => '',
      'group' => '',
      'having' => '',
      'order' => '',
      'limit' => 'limit 500',
      'distinct' => '',
    ),
     'paging' => NULL,
     'tablePre' => 'dbclass_',
  )),
  'items' => 
  array (
  ),
  'menu' => 
  Menu::__set_state(array(
     'current' => '/obstetrical/admission_edit',
     'vcurrent' => '/obstetrical/',
  )),
  'temp_obj' => 
  IModel::__set_state(array(
     'db' => 
    IMysql::__set_state(array(
       'linkRes' => NULL,
    )),
     'tableName' => 'dbclass_ammiot_type',
     'tableData' => 
    array (
    ),
  )),
  'temp' => 
  array (
  ),
)
-------</pre>



<pre>------
errID:8
errStr:Undefined variable: is_research_sudies
errFile:D:\wwwroot\panfeng\wwwroot\board\runtime\obstetrical\admission_edit.php
errLine:344
errTime:12-05-21 14:27:53
##出错时变量的值：##
array (
  '__runtimeFile' => 'D:\\wwwroot\\panfeng\\wwwroot/board/runtime\\obstetrical\\admission_edit.php',
  'data' => NULL,
  'id' => '1',
  'name' => 'zhangfan',
  'date' => '2012-05-10',
  'hospital_id' => '1',
  'hospital' => '20',
  'pre_sympton' => '1,2,4,5,9,10',
  'other' => 'asdf',
  'scheduled_provedure' => 'asdf',
  'current_medication' => 'panfeng1',
  'current_risk' => 'ASDF',
  'pre_risk' => 'ASDF',
  'medical_surgical_hx' => 'panfeng3',
  'allergies' => 'panfeng4',
  'reaction' => 'ASDFASDF',
  'nkda' => '0',
  'allergy' => '1',
  'time' => '2012-05-10',
  'unit' => '1',
  'form_where' => '2',
  'accompany' => 'panfeng',
  'add_nurse' => 'panfeng',
  'via' => '1',
  'uterus' => '1',
  'contraction' => 'asdf',
  'contruction_date' => '2012-05-17',
  'fetal_movement' => '1',
  'fetal_date' => '2012-05-12',
  'membranes' => '0',
  'membranes_date' => '2012-05-14',
  'recent_intercourse' => '2012-05-21',
  's_p' => '0',
  'age' => '0',
  'gracida' => '5',
  'term' => 'asdf',
  'preter' => 'asdf',
  'antibdy' => 'asdf',
  'living' => '4',
  'lmp' => '156',
  'ega' => 'asdf',
  'edc' => 'asdf',
  'ht' => 'adsf',
  'wt' => 'asdf',
  'wt_gain' => 'asdf',
  'status' => '1',
  'blood_type' => 'A',
  'antibody' => 'ALL',
  'rubella' => '1',
  'hbsag' => '1',
  'vdrl' => '1',
  'vdrl_date' => '2012-05-10',
  'gbbs' => '20',
  'hiv' => '1',
  'ppd' => '1',
  'cxr' => '1',
  'iv_start_location' => 'asdf',
  'iv_start_size' => '12',
  'fluid_type_rate' => '15',
  'fluid_glucose' => '12.4',
  'sse_examiner' => '.12.',
  'sse_date_time' => '2012-05-09',
  'sse_intact' => '0',
  'sse_rom_color' => '红色',
  'sse_ferning' => '1',
  'sse_nitrazine' => '2',
  'sse_pooling' => '1',
  'sse_is_labs_sent' => '1',
  'sse_labs_sent' => 'asdf',
  'sse_is_urine_sent' => '1',
  'sse_urine_sent' => 'asdf',
  'sse_is_cultures_sent' => '1',
  'sse_cultures_sent' => 'asdf',
  'sse_is_other' => '1',
  'sse_other' => 'asdf',
  'urinalysis_sgravity' => 'asdf',
  'urinalysis_color' => 'asdf',
  'urinalysis_apprnce' => 'asdf',
  'urinalysis_leuo' => 'asdf',
  'urinalysis_heme' => 'asdf',
  'urinalysis_glucose' => 'asdf',
  'urinalysis_ketones' => 'asdf',
  'urinalysis_protein' => 'asdf',
  'initial' => '1',
  'initial_date' => '2012-05-22',
  'edc_by_us' => '2012-05-30',
  'ega_by_us' => '3',
  'final_edc' => '2012-05-31',
  'blood_transfusion_solid' => '2',
  'pre_c_s' => '1',
  'attempted' => '1',
  'last_intake_solid' => '2012-05-18',
  'lasr_intake_fluid' => '2012-05-23',
  'research_sudies' => 'asdf',
  'ambulation_em_off' => 'asdf',
  'ambulation_walking_for' => '12',
  'disposition_date' => '2012-05-01',
  'disposition_admitted' => 'asdf',
  'disposition_via' => '1',
  'disposition_report_given' => 'asdf',
  'ida' => '1',
  'clinical_nutrition_consult' => '1',
  'home_with_instruction' => '0',
  'verbalizes_understand' => '1',
  'discharge_ama' => '0',
  'social_work_center_consult' => '0',
  'admin_id' => '1',
  'query' => 
  IQuery::__set_state(array(
     'dbo' => 
    IMysql::__set_state(array(
       'linkRes' => NULL,
    )),
     'sql' => 
    array (
      'table' => 'dbclass_quick_naviga',
      'fields' => '*',
      'where' => 'where adminid = 1 and is_del = 0',
      'join' => '',
      'group' => '',
      'having' => '',
      'order' => '',
      'limit' => 'limit 500',
      'distinct' => '',
    ),
     'paging' => NULL,
     'tablePre' => 'dbclass_',
  )),
  'items' => 
  array (
  ),
  'menu' => 
  Menu::__set_state(array(
     'current' => '/obstetrical/admission_edit',
     'vcurrent' => '/obstetrical/',
  )),
  'temp_obj' => 
  IModel::__set_state(array(
     'db' => 
    IMysql::__set_state(array(
       'linkRes' => NULL,
    )),
     'tableName' => 'dbclass_ammiot_type',
     'tableData' => 
    array (
    ),
  )),
  'temp' => 
  array (
  ),
)
-------</pre>



<pre>----------
Mess: select  sum(order_amount) as amount from dbclass_order  where `status` = 5    limit 500
 -- Table 'diantaoba.dbclass_order' doesn't exist
Line: 89
File: IWEB_PATH/db\driver\mysql_class.php
##Debug_backtrace:##
	Func:read           	Class:IMysql         	Type:->   	Line:59   	File:IWEB_PATH/db\driver\mysql_class.php
	Func:doSql          	Class:IMysql         	Type:->   	Line:87   	File:IWEB_PATH/db\db_class.php
	Func:query          	Class:IDB            	Type:->   	Line:128  	File:IWEB_PATH/core\query_class.php
	Func:find           	Class:IQuery         	Type:->   	Line:67   	File:D:\wwwroot\panfeng\wwwroot\board\runtime\system\default.php
	Func:require        	Class:               	Type:     	Line:116  	File:IWEB_PATH/web\controller\controllerbase_class.php
	Func:requireFile    	Class:IControllerBase	Type:->   	Line:82   	File:IWEB_PATH/web\controller\controllerbase_class.php
	Func:renderView     	Class:IControllerBase	Type:->   	Line:265  	File:IWEB_PATH/web\controller\controller_class.php
	Func:render         	Class:IController    	Type:->   	Line:46   	File:IWEB_PATH/web\action\view_action.php
	Func:run            	Class:IViewAction    	Type:->   	Line:200  	File:IWEB_PATH/web\controller\controller_class.php
	Func:run            	Class:IController    	Type:->   	Line:29   	File:IWEB_PATH/core\webapplication_class.php
	Func:execRequest    	Class:IWebApplication	Type:->   	Line:150  	File:IWEB_PATH/core\application_class.php
	Func:run            	Class:IApplication   	Type:->   	Line:5    	File:D:\wwwroot\panfeng\wwwroot\board\index.php
------------</pre>


<pre>----------
Mess: select  sum(order_amount) as amount from dbclass_order  where `status` = 5    limit 500
 -- Table 'diantaoba.dbclass_order' doesn't exist
Line: 89
File: IWEB_PATH/db\driver\mysql_class.php
##Debug_backtrace:##
	Func:read           	Class:IMysql         	Type:->   	Line:59   	File:IWEB_PATH/db\driver\mysql_class.php
	Func:doSql          	Class:IMysql         	Type:->   	Line:87   	File:IWEB_PATH/db\db_class.php
	Func:query          	Class:IDB            	Type:->   	Line:128  	File:IWEB_PATH/core\query_class.php
	Func:find           	Class:IQuery         	Type:->   	Line:67   	File:D:\wwwroot\panfeng\wwwroot\board\runtime\system\default.php
	Func:require        	Class:               	Type:     	Line:116  	File:IWEB_PATH/web\controller\controllerbase_class.php
	Func:requireFile    	Class:IControllerBase	Type:->   	Line:82   	File:IWEB_PATH/web\controller\controllerbase_class.php
	Func:renderView     	Class:IControllerBase	Type:->   	Line:265  	File:IWEB_PATH/web\controller\controller_class.php
	Func:render         	Class:IController    	Type:->   	Line:46   	File:IWEB_PATH/web\action\view_action.php
	Func:run            	Class:IViewAction    	Type:->   	Line:200  	File:IWEB_PATH/web\controller\controller_class.php
	Func:run            	Class:IController    	Type:->   	Line:29   	File:IWEB_PATH/core\webapplication_class.php
	Func:execRequest    	Class:IWebApplication	Type:->   	Line:150  	File:IWEB_PATH/core\application_class.php
	Func:run            	Class:IApplication   	Type:->   	Line:5    	File:D:\wwwroot\panfeng\wwwroot\board\index.php
------------</pre>


<pre>----------
Mess: select  sum(order_amount) as amount from dbclass_order  where `status` = 5    limit 500
 -- Table 'diantaoba.dbclass_order' doesn't exist
Line: 89
File: IWEB_PATH/db\driver\mysql_class.php
##Debug_backtrace:##
	Func:read           	Class:IMysql         	Type:->   	Line:59   	File:IWEB_PATH/db\driver\mysql_class.php
	Func:doSql          	Class:IMysql         	Type:->   	Line:87   	File:IWEB_PATH/db\db_class.php
	Func:query          	Class:IDB            	Type:->   	Line:128  	File:IWEB_PATH/core\query_class.php
	Func:find           	Class:IQuery         	Type:->   	Line:67   	File:D:\wwwroot\panfeng\wwwroot\board\runtime\system\default.php
	Func:require        	Class:               	Type:     	Line:116  	File:IWEB_PATH/web\controller\controllerbase_class.php
	Func:requireFile    	Class:IControllerBase	Type:->   	Line:82   	File:IWEB_PATH/web\controller\controllerbase_class.php
	Func:renderView     	Class:IControllerBase	Type:->   	Line:265  	File:IWEB_PATH/web\controller\controller_class.php
	Func:render         	Class:IController    	Type:->   	Line:46   	File:IWEB_PATH/web\action\view_action.php
	Func:run            	Class:IViewAction    	Type:->   	Line:200  	File:IWEB_PATH/web\controller\controller_class.php
	Func:run            	Class:IController    	Type:->   	Line:29   	File:IWEB_PATH/core\webapplication_class.php
	Func:execRequest    	Class:IWebApplication	Type:->   	Line:150  	File:IWEB_PATH/core\application_class.php
	Func:run            	Class:IApplication   	Type:->   	Line:5    	File:D:\wwwroot\panfeng\wwwroot\board\index.php
------------</pre>


<pre>----------
Mess: select  sum(order_amount) as amount from dbclass_order  where `status` = 5    limit 500
 -- Table 'diantaoba.dbclass_order' doesn't exist
Line: 89
File: IWEB_PATH/db\driver\mysql_class.php
##Debug_backtrace:##
	Func:read           	Class:IMysql         	Type:->   	Line:59   	File:IWEB_PATH/db\driver\mysql_class.php
	Func:doSql          	Class:IMysql         	Type:->   	Line:87   	File:IWEB_PATH/db\db_class.php
	Func:query          	Class:IDB            	Type:->   	Line:128  	File:IWEB_PATH/core\query_class.php
	Func:find           	Class:IQuery         	Type:->   	Line:67   	File:D:\wwwroot\panfeng\wwwroot\board\runtime\system\default.php
	Func:require        	Class:               	Type:     	Line:116  	File:IWEB_PATH/web\controller\controllerbase_class.php
	Func:requireFile    	Class:IControllerBase	Type:->   	Line:82   	File:IWEB_PATH/web\controller\controllerbase_class.php
	Func:renderView     	Class:IControllerBase	Type:->   	Line:265  	File:IWEB_PATH/web\controller\controller_class.php
	Func:render         	Class:IController    	Type:->   	Line:46   	File:IWEB_PATH/web\action\view_action.php
	Func:run            	Class:IViewAction    	Type:->   	Line:200  	File:IWEB_PATH/web\controller\controller_class.php
	Func:run            	Class:IController    	Type:->   	Line:29   	File:IWEB_PATH/core\webapplication_class.php
	Func:execRequest    	Class:IWebApplication	Type:->   	Line:150  	File:IWEB_PATH/core\application_class.php
	Func:run            	Class:IApplication   	Type:->   	Line:5    	File:D:\wwwroot\panfeng\wwwroot\board\index.php
------------</pre>


<pre>------
errID:8
errStr:Undefined variable: is_research_sudies
errFile:D:\wwwroot\panfeng\wwwroot\board\runtime\obstetrical\admission_edit.php
errLine:343
errTime:12-05-21 14:40:41
##出错时变量的值：##
array (
  '__runtimeFile' => 'D:\\wwwroot\\panfeng\\wwwroot/board/runtime\\obstetrical\\admission_edit.php',
  'data' => NULL,
  'id' => '1',
  'name' => 'zhangfan',
  'date' => '2012-05-10',
  'hospital_id' => '1',
  'hospital' => '20',
  'pre_sympton' => '1,2,4,5,9,10',
  'other' => 'asdf',
  'scheduled_provedure' => 'asdf',
  'current_medication' => 'panfeng1',
  'current_risk' => 'ASDF',
  'pre_risk' => 'ASDF',
  'medical_surgical_hx' => 'panfeng3',
  'allergies' => 'panfeng4',
  'reaction' => 'ASDFASDF',
  'nkda' => '0',
  'allergy' => '1',
  'time' => '2012-05-10',
  'unit' => '1',
  'form_where' => '2',
  'accompany' => 'panfeng',
  'add_nurse' => 'panfeng',
  'via' => '1',
  'uterus' => '1',
  'contraction' => 'asdf',
  'contruction_date' => '2012-05-17',
  'fetal_movement' => '1',
  'fetal_date' => '2012-05-12',
  'membranes' => '0',
  'membranes_date' => '2012-05-14',
  'recent_intercourse' => '2012-05-21',
  's_p' => '0',
  'age' => '0',
  'gracida' => '5',
  'term' => 'asdf',
  'preter' => 'asdf',
  'antibdy' => 'asdf',
  'living' => '4',
  'lmp' => '156',
  'ega' => 'asdf',
  'edc' => 'asdf',
  'ht' => 'adsf',
  'wt' => 'asdf',
  'wt_gain' => 'asdf',
  'status' => '1',
  'blood_type' => 'A',
  'antibody' => 'ALL',
  'rubella' => '1',
  'hbsag' => '1',
  'vdrl' => '1',
  'vdrl_date' => '2012-05-10',
  'gbbs' => '20',
  'hiv' => '1',
  'ppd' => '1',
  'cxr' => '1',
  'iv_start_location' => 'asdf',
  'iv_start_size' => '12',
  'fluid_type_rate' => '15',
  'fluid_glucose' => '12.4',
  'sse_examiner' => '.12.',
  'sse_date_time' => '2012-05-09',
  'sse_intact' => '0',
  'sse_rom_color' => '红色',
  'sse_ferning' => '1',
  'sse_nitrazine' => '2',
  'sse_pooling' => '1',
  'sse_is_labs_sent' => '1',
  'sse_labs_sent' => 'asdf',
  'sse_is_urine_sent' => '1',
  'sse_urine_sent' => 'asdf',
  'sse_is_cultures_sent' => '1',
  'sse_cultures_sent' => 'asdf',
  'sse_is_other' => '1',
  'sse_other' => 'asdf',
  'urinalysis_sgravity' => 'asdf',
  'urinalysis_color' => 'asdf',
  'urinalysis_apprnce' => 'asdf',
  'urinalysis_leuo' => 'asdf',
  'urinalysis_heme' => 'asdf',
  'urinalysis_glucose' => 'asdf',
  'urinalysis_ketones' => 'asdf',
  'urinalysis_protein' => 'asdf',
  'initial' => '1',
  'initial_date' => '2012-05-22',
  'edc_by_us' => '2012-05-30',
  'ega_by_us' => '3',
  'final_edc' => '2012-05-31',
  'blood_transfusion_solid' => '2',
  'pre_c_s' => '1',
  'attempted' => '1',
  'last_intake_solid' => '2012-05-18',
  'lasr_intake_fluid' => '2012-05-23',
  'research_sudies' => 'asdf',
  'ambulation_em_off' => 'asdf',
  'ambulation_walking_for' => '12',
  'disposition_date' => '2012-05-01',
  'disposition_admitted' => 'asdf',
  'disposition_via' => '1',
  'disposition_report_given' => 'asdf',
  'ida' => '1',
  'clinical_nutrition_consult' => '1',
  'home_with_instruction' => '0',
  'verbalizes_understand' => '1',
  'discharge_ama' => '0',
  'social_work_center_consult' => '0',
  'admin_id' => '1',
  'query' => 
  IQuery::__set_state(array(
     'dbo' => 
    IMysql::__set_state(array(
       'linkRes' => NULL,
    )),
     'sql' => 
    array (
      'table' => 'dbclass_quick_naviga',
      'fields' => '*',
      'where' => 'where adminid = 1 and is_del = 0',
      'join' => '',
      'group' => '',
      'having' => '',
      'order' => '',
      'limit' => 'limit 500',
      'distinct' => '',
    ),
     'paging' => NULL,
     'tablePre' => 'dbclass_',
  )),
  'items' => 
  array (
  ),
  'menu' => 
  Menu::__set_state(array(
     'current' => '/obstetrical/admission_edit',
     'vcurrent' => '/obstetrical/',
  )),
  'temp_obj' => 
  IModel::__set_state(array(
     'db' => 
    IMysql::__set_state(array(
       'linkRes' => NULL,
    )),
     'tableName' => 'dbclass_ammiot_type',
     'tableData' => 
    array (
    ),
  )),
  'temp' => 
  array (
  ),
)
-------</pre>



<pre>------
errID:8
errStr:Undefined variable: is_research_sudies
errFile:D:\wwwroot\panfeng\wwwroot\board\runtime\obstetrical\admission_edit.php
errLine:344
errTime:12-05-21 14:40:41
##出错时变量的值：##
array (
  '__runtimeFile' => 'D:\\wwwroot\\panfeng\\wwwroot/board/runtime\\obstetrical\\admission_edit.php',
  'data' => NULL,
  'id' => '1',
  'name' => 'zhangfan',
  'date' => '2012-05-10',
  'hospital_id' => '1',
  'hospital' => '20',
  'pre_sympton' => '1,2,4,5,9,10',
  'other' => 'asdf',
  'scheduled_provedure' => 'asdf',
  'current_medication' => 'panfeng1',
  'current_risk' => 'ASDF',
  'pre_risk' => 'ASDF',
  'medical_surgical_hx' => 'panfeng3',
  'allergies' => 'panfeng4',
  'reaction' => 'ASDFASDF',
  'nkda' => '0',
  'allergy' => '1',
  'time' => '2012-05-10',
  'unit' => '1',
  'form_where' => '2',
  'accompany' => 'panfeng',
  'add_nurse' => 'panfeng',
  'via' => '1',
  'uterus' => '1',
  'contraction' => 'asdf',
  'contruction_date' => '2012-05-17',
  'fetal_movement' => '1',
  'fetal_date' => '2012-05-12',
  'membranes' => '0',
  'membranes_date' => '2012-05-14',
  'recent_intercourse' => '2012-05-21',
  's_p' => '0',
  'age' => '0',
  'gracida' => '5',
  'term' => 'asdf',
  'preter' => 'asdf',
  'antibdy' => 'asdf',
  'living' => '4',
  'lmp' => '156',
  'ega' => 'asdf',
  'edc' => 'asdf',
  'ht' => 'adsf',
  'wt' => 'asdf',
  'wt_gain' => 'asdf',
  'status' => '1',
  'blood_type' => 'A',
  'antibody' => 'ALL',
  'rubella' => '1',
  'hbsag' => '1',
  'vdrl' => '1',
  'vdrl_date' => '2012-05-10',
  'gbbs' => '20',
  'hiv' => '1',
  'ppd' => '1',
  'cxr' => '1',
  'iv_start_location' => 'asdf',
  'iv_start_size' => '12',
  'fluid_type_rate' => '15',
  'fluid_glucose' => '12.4',
  'sse_examiner' => '.12.',
  'sse_date_time' => '2012-05-09',
  'sse_intact' => '0',
  'sse_rom_color' => '红色',
  'sse_ferning' => '1',
  'sse_nitrazine' => '2',
  'sse_pooling' => '1',
  'sse_is_labs_sent' => '1',
  'sse_labs_sent' => 'asdf',
  'sse_is_urine_sent' => '1',
  'sse_urine_sent' => 'asdf',
  'sse_is_cultures_sent' => '1',
  'sse_cultures_sent' => 'asdf',
  'sse_is_other' => '1',
  'sse_other' => 'asdf',
  'urinalysis_sgravity' => 'asdf',
  'urinalysis_color' => 'asdf',
  'urinalysis_apprnce' => 'asdf',
  'urinalysis_leuo' => 'asdf',
  'urinalysis_heme' => 'asdf',
  'urinalysis_glucose' => 'asdf',
  'urinalysis_ketones' => 'asdf',
  'urinalysis_protein' => 'asdf',
  'initial' => '1',
  'initial_date' => '2012-05-22',
  'edc_by_us' => '2012-05-30',
  'ega_by_us' => '3',
  'final_edc' => '2012-05-31',
  'blood_transfusion_solid' => '2',
  'pre_c_s' => '1',
  'attempted' => '1',
  'last_intake_solid' => '2012-05-18',
  'lasr_intake_fluid' => '2012-05-23',
  'research_sudies' => 'asdf',
  'ambulation_em_off' => 'asdf',
  'ambulation_walking_for' => '12',
  'disposition_date' => '2012-05-01',
  'disposition_admitted' => 'asdf',
  'disposition_via' => '1',
  'disposition_report_given' => 'asdf',
  'ida' => '1',
  'clinical_nutrition_consult' => '1',
  'home_with_instruction' => '0',
  'verbalizes_understand' => '1',
  'discharge_ama' => '0',
  'social_work_center_consult' => '0',
  'admin_id' => '1',
  'query' => 
  IQuery::__set_state(array(
     'dbo' => 
    IMysql::__set_state(array(
       'linkRes' => NULL,
    )),
     'sql' => 
    array (
      'table' => 'dbclass_quick_naviga',
      'fields' => '*',
      'where' => 'where adminid = 1 and is_del = 0',
      'join' => '',
      'group' => '',
      'having' => '',
      'order' => '',
      'limit' => 'limit 500',
      'distinct' => '',
    ),
     'paging' => NULL,
     'tablePre' => 'dbclass_',
  )),
  'items' => 
  array (
  ),
  'menu' => 
  Menu::__set_state(array(
     'current' => '/obstetrical/admission_edit',
     'vcurrent' => '/obstetrical/',
  )),
  'temp_obj' => 
  IModel::__set_state(array(
     'db' => 
    IMysql::__set_state(array(
       'linkRes' => NULL,
    )),
     'tableName' => 'dbclass_ammiot_type',
     'tableData' => 
    array (
    ),
  )),
  'temp' => 
  array (
  ),
)
-------</pre>



<pre>------
errID:8
errStr:Undefined variable: is_research_sudies
errFile:D:\wwwroot\panfeng\wwwroot\board\runtime\obstetrical\admission_edit.php
errLine:343
errTime:12-05-21 14:56:39
##出错时变量的值：##
array (
  '__runtimeFile' => 'D:\\wwwroot\\panfeng\\wwwroot/board/runtime\\obstetrical\\admission_edit.php',
  'data' => NULL,
  'id' => '1',
  'name' => 'zhangfan',
  'date' => '2012-05-10',
  'hospital_id' => '1',
  'hospital' => '20',
  'pre_sympton' => '1,2,4,5,9,10',
  'other' => 'asdf',
  'scheduled_provedure' => 'asdf',
  'current_medication' => 'panfeng1',
  'current_risk' => 'ASDF',
  'pre_risk' => 'ASDF',
  'medical_surgical_hx' => 'panfeng3',
  'allergies' => 'panfeng4',
  'reaction' => 'ASDFASDF',
  'nkda' => '0',
  'allergy' => '1',
  'time' => '2012-05-10',
  'unit' => '1',
  'form_where' => '2',
  'accompany' => 'panfeng',
  'add_nurse' => 'panfeng',
  'via' => '1',
  'uterus' => '1',
  'contraction' => 'asdf',
  'contruction_date' => '2012-05-17',
  'fetal_movement' => '1',
  'fetal_date' => '2012-05-12',
  'membranes' => '0',
  'membranes_date' => '2012-05-14',
  'recent_intercourse' => '2012-05-21',
  's_p' => '0',
  'age' => '0',
  'gracida' => '5',
  'term' => 'asdf',
  'preter' => 'asdf',
  'antibdy' => 'asdf',
  'living' => '4',
  'lmp' => '156',
  'ega' => 'asdf',
  'edc' => 'asdf',
  'ht' => 'adsf',
  'wt' => 'asdf',
  'wt_gain' => 'asdf',
  'status' => '1',
  'blood_type' => 'A',
  'antibody' => 'ALL',
  'rubella' => '1',
  'hbsag' => '1',
  'vdrl' => '1',
  'vdrl_date' => '2012-05-10',
  'gbbs' => '20',
  'hiv' => '1',
  'ppd' => '1',
  'cxr' => '1',
  'iv_start_location' => 'asdf',
  'iv_start_size' => '12',
  'fluid_type_rate' => '15',
  'fluid_glucose' => '12.4',
  'sse_examiner' => '.12.',
  'sse_date_time' => '2012-05-09',
  'sse_intact' => '0',
  'sse_rom_color' => '红色',
  'sse_ferning' => '1',
  'sse_nitrazine' => '2',
  'sse_pooling' => '1',
  'sse_is_labs_sent' => '1',
  'sse_labs_sent' => 'asdf',
  'sse_is_urine_sent' => '1',
  'sse_urine_sent' => 'asdf',
  'sse_is_cultures_sent' => '1',
  'sse_cultures_sent' => 'asdf',
  'sse_is_other' => '1',
  'sse_other' => 'asdf',
  'urinalysis_sgravity' => 'asdf',
  'urinalysis_color' => 'asdf',
  'urinalysis_apprnce' => 'asdf',
  'urinalysis_leuo' => 'asdf',
  'urinalysis_heme' => 'asdf',
  'urinalysis_glucose' => 'asdf',
  'urinalysis_ketones' => 'asdf',
  'urinalysis_protein' => 'asdf',
  'initial' => '1',
  'initial_date' => '2012-05-22',
  'edc_by_us' => '2012-05-30',
  'ega_by_us' => '3',
  'final_edc' => '2012-05-31',
  'blood_transfusion_solid' => '2',
  'pre_c_s' => '1',
  'attempted' => '1',
  'last_intake_solid' => '2012-05-18',
  'lasr_intake_fluid' => '2012-05-23',
  'research_sudies' => 'asdf',
  'ambulation_em_off' => 'asdf',
  'ambulation_walking_for' => '12',
  'disposition_date' => '2012-05-01',
  'disposition_admitted' => 'asdf',
  'disposition_via' => '1',
  'disposition_report_given' => 'asdf',
  'ida' => '1',
  'clinical_nutrition_consult' => '1',
  'home_with_instruction' => '0',
  'verbalizes_understand' => '1',
  'discharge_ama' => '0',
  'social_work_center_consult' => '0',
  'admin_id' => '1',
  'query' => 
  IQuery::__set_state(array(
     'dbo' => 
    IMysql::__set_state(array(
       'linkRes' => NULL,
    )),
     'sql' => 
    array (
      'table' => 'dbclass_quick_naviga',
      'fields' => '*',
      'where' => 'where adminid = 1 and is_del = 0',
      'join' => '',
      'group' => '',
      'having' => '',
      'order' => '',
      'limit' => 'limit 500',
      'distinct' => '',
    ),
     'paging' => NULL,
     'tablePre' => 'dbclass_',
  )),
  'items' => 
  array (
  ),
  'menu' => 
  Menu::__set_state(array(
     'current' => '/obstetrical/admission_edit',
     'vcurrent' => '/obstetrical/',
  )),
  'temp_obj' => 
  IModel::__set_state(array(
     'db' => 
    IMysql::__set_state(array(
       'linkRes' => NULL,
    )),
     'tableName' => 'dbclass_ammiot_type',
     'tableData' => 
    array (
    ),
  )),
  'temp' => 
  array (
  ),
)
-------</pre>



<pre>------
errID:8
errStr:Undefined variable: is_research_sudies
errFile:D:\wwwroot\panfeng\wwwroot\board\runtime\obstetrical\admission_edit.php
errLine:344
errTime:12-05-21 14:56:39
##出错时变量的值：##
array (
  '__runtimeFile' => 'D:\\wwwroot\\panfeng\\wwwroot/board/runtime\\obstetrical\\admission_edit.php',
  'data' => NULL,
  'id' => '1',
  'name' => 'zhangfan',
  'date' => '2012-05-10',
  'hospital_id' => '1',
  'hospital' => '20',
  'pre_sympton' => '1,2,4,5,9,10',
  'other' => 'asdf',
  'scheduled_provedure' => 'asdf',
  'current_medication' => 'panfeng1',
  'current_risk' => 'ASDF',
  'pre_risk' => 'ASDF',
  'medical_surgical_hx' => 'panfeng3',
  'allergies' => 'panfeng4',
  'reaction' => 'ASDFASDF',
  'nkda' => '0',
  'allergy' => '1',
  'time' => '2012-05-10',
  'unit' => '1',
  'form_where' => '2',
  'accompany' => 'panfeng',
  'add_nurse' => 'panfeng',
  'via' => '1',
  'uterus' => '1',
  'contraction' => 'asdf',
  'contruction_date' => '2012-05-17',
  'fetal_movement' => '1',
  'fetal_date' => '2012-05-12',
  'membranes' => '0',
  'membranes_date' => '2012-05-14',
  'recent_intercourse' => '2012-05-21',
  's_p' => '0',
  'age' => '0',
  'gracida' => '5',
  'term' => 'asdf',
  'preter' => 'asdf',
  'antibdy' => 'asdf',
  'living' => '4',
  'lmp' => '156',
  'ega' => 'asdf',
  'edc' => 'asdf',
  'ht' => 'adsf',
  'wt' => 'asdf',
  'wt_gain' => 'asdf',
  'status' => '1',
  'blood_type' => 'A',
  'antibody' => 'ALL',
  'rubella' => '1',
  'hbsag' => '1',
  'vdrl' => '1',
  'vdrl_date' => '2012-05-10',
  'gbbs' => '20',
  'hiv' => '1',
  'ppd' => '1',
  'cxr' => '1',
  'iv_start_location' => 'asdf',
  'iv_start_size' => '12',
  'fluid_type_rate' => '15',
  'fluid_glucose' => '12.4',
  'sse_examiner' => '.12.',
  'sse_date_time' => '2012-05-09',
  'sse_intact' => '0',
  'sse_rom_color' => '红色',
  'sse_ferning' => '1',
  'sse_nitrazine' => '2',
  'sse_pooling' => '1',
  'sse_is_labs_sent' => '1',
  'sse_labs_sent' => 'asdf',
  'sse_is_urine_sent' => '1',
  'sse_urine_sent' => 'asdf',
  'sse_is_cultures_sent' => '1',
  'sse_cultures_sent' => 'asdf',
  'sse_is_other' => '1',
  'sse_other' => 'asdf',
  'urinalysis_sgravity' => 'asdf',
  'urinalysis_color' => 'asdf',
  'urinalysis_apprnce' => 'asdf',
  'urinalysis_leuo' => 'asdf',
  'urinalysis_heme' => 'asdf',
  'urinalysis_glucose' => 'asdf',
  'urinalysis_ketones' => 'asdf',
  'urinalysis_protein' => 'asdf',
  'initial' => '1',
  'initial_date' => '2012-05-22',
  'edc_by_us' => '2012-05-30',
  'ega_by_us' => '3',
  'final_edc' => '2012-05-31',
  'blood_transfusion_solid' => '2',
  'pre_c_s' => '1',
  'attempted' => '1',
  'last_intake_solid' => '2012-05-18',
  'lasr_intake_fluid' => '2012-05-23',
  'research_sudies' => 'asdf',
  'ambulation_em_off' => 'asdf',
  'ambulation_walking_for' => '12',
  'disposition_date' => '2012-05-01',
  'disposition_admitted' => 'asdf',
  'disposition_via' => '1',
  'disposition_report_given' => 'asdf',
  'ida' => '1',
  'clinical_nutrition_consult' => '1',
  'home_with_instruction' => '0',
  'verbalizes_understand' => '1',
  'discharge_ama' => '0',
  'social_work_center_consult' => '0',
  'admin_id' => '1',
  'query' => 
  IQuery::__set_state(array(
     'dbo' => 
    IMysql::__set_state(array(
       'linkRes' => NULL,
    )),
     'sql' => 
    array (
      'table' => 'dbclass_quick_naviga',
      'fields' => '*',
      'where' => 'where adminid = 1 and is_del = 0',
      'join' => '',
      'group' => '',
      'having' => '',
      'order' => '',
      'limit' => 'limit 500',
      'distinct' => '',
    ),
     'paging' => NULL,
     'tablePre' => 'dbclass_',
  )),
  'items' => 
  array (
  ),
  'menu' => 
  Menu::__set_state(array(
     'current' => '/obstetrical/admission_edit',
     'vcurrent' => '/obstetrical/',
  )),
  'temp_obj' => 
  IModel::__set_state(array(
     'db' => 
    IMysql::__set_state(array(
       'linkRes' => NULL,
    )),
     'tableName' => 'dbclass_ammiot_type',
     'tableData' => 
    array (
    ),
  )),
  'temp' => 
  array (
  ),
)
-------</pre>



<pre>------
errID:8
errStr:Undefined variable: id
errFile:D:\wwwroot\panfeng\wwwroot\board\runtime\obstetrical\obstetrical_basic_edit.php
errLine:50
errTime:12-05-21 15:01:19
##出错时变量的值：##
array (
  '__runtimeFile' => 'D:\\wwwroot\\panfeng\\wwwroot/board/runtime\\obstetrical\\obstetrical_basic_edit.php',
  'data' => NULL,
  'admin_id' => '1',
  'query' => 
  IQuery::__set_state(array(
     'dbo' => 
    IMysql::__set_state(array(
       'linkRes' => NULL,
    )),
     'sql' => 
    array (
      'table' => 'dbclass_quick_naviga',
      'fields' => '*',
      'where' => 'where adminid = 1 and is_del = 0',
      'join' => '',
      'group' => '',
      'having' => '',
      'order' => '',
      'limit' => 'limit 500',
      'distinct' => '',
    ),
     'paging' => NULL,
     'tablePre' => 'dbclass_',
  )),
  'items' => 
  array (
  ),
  'menu' => 
  Menu::__set_state(array(
     'current' => '/obstetrical/obstetrical_basic_edit',
     'vcurrent' => '/obstetrical/',
  )),
)
-------</pre>



<pre>------
errID:8
errStr:Undefined variable: id
errFile:D:\wwwroot\panfeng\wwwroot\board\runtime\hospital\providers_edit.php
errLine:49
errTime:12-05-21 15:03:53
##出错时变量的值：##
array (
  '__runtimeFile' => 'D:\\wwwroot\\panfeng\\wwwroot/board/runtime\\hospital\\providers_edit.php',
  'data' => NULL,
  'admin_id' => '1',
  'query' => 
  IQuery::__set_state(array(
     'dbo' => 
    IMysql::__set_state(array(
       'linkRes' => NULL,
    )),
     'sql' => 
    array (
      'table' => 'dbclass_quick_naviga',
      'fields' => '*',
      'where' => 'where adminid = 1 and is_del = 0',
      'join' => '',
      'group' => '',
      'having' => '',
      'order' => '',
      'limit' => 'limit 500',
      'distinct' => '',
    ),
     'paging' => NULL,
     'tablePre' => 'dbclass_',
  )),
  'items' => 
  array (
  ),
  'menu' => 
  Menu::__set_state(array(
     'current' => '/hospital/providers_edit',
     'vcurrent' => '/hospital/',
  )),
)
-------</pre>



<pre>------
errID:8
errStr:Undefined variable: id
errFile:D:\wwwroot\panfeng\wwwroot\board\runtime\hospital\providers_edit.php
errLine:66
errTime:12-05-21 15:03:53
##出错时变量的值：##
array (
  '__runtimeFile' => 'D:\\wwwroot\\panfeng\\wwwroot/board/runtime\\hospital\\providers_edit.php',
  'data' => NULL,
  'admin_id' => '1',
  'query' => 
  IQuery::__set_state(array(
     'dbo' => 
    IMysql::__set_state(array(
       'linkRes' => NULL,
    )),
     'sql' => 
    array (
      'table' => 'dbclass_quick_naviga',
      'fields' => '*',
      'where' => 'where adminid = 1 and is_del = 0',
      'join' => '',
      'group' => '',
      'having' => '',
      'order' => '',
      'limit' => 'limit 500',
      'distinct' => '',
    ),
     'paging' => NULL,
     'tablePre' => 'dbclass_',
  )),
  'items' => 
  array (
  ),
  'menu' => 
  Menu::__set_state(array(
     'current' => '/hospital/providers_edit',
     'vcurrent' => '/hospital/',
  )),
)
-------</pre>



<pre>------
errID:8
errStr:Undefined variable: id
errFile:D:\wwwroot\panfeng\wwwroot\board\runtime\hospital\providers_edit.php
errLine:164
errTime:12-05-21 15:03:53
##出错时变量的值：##
array (
  '__runtimeFile' => 'D:\\wwwroot\\panfeng\\wwwroot/board/runtime\\hospital\\providers_edit.php',
  'data' => NULL,
  'admin_id' => '1',
  'query' => 
  IQuery::__set_state(array(
     'dbo' => 
    IMysql::__set_state(array(
       'linkRes' => NULL,
    )),
     'sql' => 
    array (
      'table' => 'dbclass_admin_role',
      'fields' => '*',
      'where' => '',
      'join' => '',
      'group' => '',
      'having' => '',
      'order' => '',
      'limit' => 'limit 500',
      'distinct' => '',
    ),
     'paging' => NULL,
     'tablePre' => 'dbclass_',
  )),
  'items' => 
  array (
    0 => 
    array (
      'id' => '2',
      'name' => '护士',
      'rights' => ',block@create_thumb,comment@comment_list,comment@discussion_list,',
      'is_del' => '0',
    ),
    1 => 
    array (
      'id' => '3',
      'name' => '院长',
      'rights' => ',hospital@providers_list,hospital@providers_list_data,mastercode@hospital_edit,',
      'is_del' => '0',
    ),
  ),
  'menu' => 
  Menu::__set_state(array(
     'current' => '/hospital/providers_edit',
     'vcurrent' => '/hospital/',
  )),
  'item' => 
  array (
    'hospital_name_ch' => '（上海）中国福利会国际和平妇幼保健院',
    'hospital_name_en' => '(Shanghai) International Peace Maternity & Child Health Hospital of the China Welfare Institute',
    'hospital_adress_ch' => '上海市徐汇区衡山路910号，电话： 021-64070434',
    'hospital_adress_en' => '910 Hengsan Road, Shanghai  ',
    'hospital_province_ch' => '上海',
    'hospital_province_en' => 'Shanghai',
    'hospital_zipcode' => '200030',
    'visited_date_b' => '2012-05-01',
    'visited_date_e' => '2012-05-31',
    'id' => '3',
  ),
  'key' => 1,
)
-------</pre>



<pre>------
errID:8
errStr:Undefined variable: id
errFile:D:\wwwroot\panfeng\wwwroot\board\runtime\hospital\providers_edit.php
errLine:49
errTime:12-05-21 15:04:02
##出错时变量的值：##
array (
  '__runtimeFile' => 'D:\\wwwroot\\panfeng\\wwwroot/board/runtime\\hospital\\providers_edit.php',
  'data' => NULL,
  'admin_id' => '1',
  'query' => 
  IQuery::__set_state(array(
     'dbo' => 
    IMysql::__set_state(array(
       'linkRes' => NULL,
    )),
     'sql' => 
    array (
      'table' => 'dbclass_quick_naviga',
      'fields' => '*',
      'where' => 'where adminid = 1 and is_del = 0',
      'join' => '',
      'group' => '',
      'having' => '',
      'order' => '',
      'limit' => 'limit 500',
      'distinct' => '',
    ),
     'paging' => NULL,
     'tablePre' => 'dbclass_',
  )),
  'items' => 
  array (
  ),
  'menu' => 
  Menu::__set_state(array(
     'current' => '/hospital/providers_edit',
     'vcurrent' => '/hospital/',
  )),
)
-------</pre>



<pre>------
errID:8
errStr:Undefined variable: id
errFile:D:\wwwroot\panfeng\wwwroot\board\runtime\hospital\providers_edit.php
errLine:66
errTime:12-05-21 15:04:02
##出错时变量的值：##
array (
  '__runtimeFile' => 'D:\\wwwroot\\panfeng\\wwwroot/board/runtime\\hospital\\providers_edit.php',
  'data' => NULL,
  'admin_id' => '1',
  'query' => 
  IQuery::__set_state(array(
     'dbo' => 
    IMysql::__set_state(array(
       'linkRes' => NULL,
    )),
     'sql' => 
    array (
      'table' => 'dbclass_quick_naviga',
      'fields' => '*',
      'where' => 'where adminid = 1 and is_del = 0',
      'join' => '',
      'group' => '',
      'having' => '',
      'order' => '',
      'limit' => 'limit 500',
      'distinct' => '',
    ),
     'paging' => NULL,
     'tablePre' => 'dbclass_',
  )),
  'items' => 
  array (
  ),
  'menu' => 
  Menu::__set_state(array(
     'current' => '/hospital/providers_edit',
     'vcurrent' => '/hospital/',
  )),
)
-------</pre>



<pre>------
errID:8
errStr:Undefined variable: id
errFile:D:\wwwroot\panfeng\wwwroot\board\runtime\hospital\providers_edit.php
errLine:164
errTime:12-05-21 15:04:02
##出错时变量的值：##
array (
  '__runtimeFile' => 'D:\\wwwroot\\panfeng\\wwwroot/board/runtime\\hospital\\providers_edit.php',
  'data' => NULL,
  'admin_id' => '1',
  'query' => 
  IQuery::__set_state(array(
     'dbo' => 
    IMysql::__set_state(array(
       'linkRes' => NULL,
    )),
     'sql' => 
    array (
      'table' => 'dbclass_admin_role',
      'fields' => '*',
      'where' => '',
      'join' => '',
      'group' => '',
      'having' => '',
      'order' => '',
      'limit' => 'limit 500',
      'distinct' => '',
    ),
     'paging' => NULL,
     'tablePre' => 'dbclass_',
  )),
  'items' => 
  array (
    0 => 
    array (
      'id' => '2',
      'name' => '护士',
      'rights' => ',block@create_thumb,comment@comment_list,comment@discussion_list,',
      'is_del' => '0',
    ),
    1 => 
    array (
      'id' => '3',
      'name' => '院长',
      'rights' => ',hospital@providers_list,hospital@providers_list_data,mastercode@hospital_edit,',
      'is_del' => '0',
    ),
  ),
  'menu' => 
  Menu::__set_state(array(
     'current' => '/hospital/providers_edit',
     'vcurrent' => '/hospital/',
  )),
  'item' => 
  array (
    'hospital_name_ch' => '（上海）中国福利会国际和平妇幼保健院',
    'hospital_name_en' => '(Shanghai) International Peace Maternity & Child Health Hospital of the China Welfare Institute',
    'hospital_adress_ch' => '上海市徐汇区衡山路910号，电话： 021-64070434',
    'hospital_adress_en' => '910 Hengsan Road, Shanghai  ',
    'hospital_province_ch' => '上海',
    'hospital_province_en' => 'Shanghai',
    'hospital_zipcode' => '200030',
    'visited_date_b' => '2012-05-01',
    'visited_date_e' => '2012-05-31',
    'id' => '3',
  ),
  'key' => 1,
)
-------</pre>



<pre>------
errID:8
errStr:Undefined variable: id
errFile:D:\wwwroot\panfeng\wwwroot\board\runtime\obstetrical\obstetrical_basic_edit.php
errLine:50
errTime:12-05-21 15:09:32
##出错时变量的值：##
array (
  '__runtimeFile' => 'D:\\wwwroot\\panfeng\\wwwroot/board/runtime\\obstetrical\\obstetrical_basic_edit.php',
  'data' => NULL,
  'admin_id' => '1',
  'query' => 
  IQuery::__set_state(array(
     'dbo' => 
    IMysql::__set_state(array(
       'linkRes' => NULL,
    )),
     'sql' => 
    array (
      'table' => 'dbclass_quick_naviga',
      'fields' => '*',
      'where' => 'where adminid = 1 and is_del = 0',
      'join' => '',
      'group' => '',
      'having' => '',
      'order' => '',
      'limit' => 'limit 500',
      'distinct' => '',
    ),
     'paging' => NULL,
     'tablePre' => 'dbclass_',
  )),
  'items' => 
  array (
  ),
  'menu' => 
  Menu::__set_state(array(
     'current' => '/obstetrical/obstetrical_basic_edit',
     'vcurrent' => '/obstetrical/',
  )),
)
-------</pre>



<pre>------
errID:8
errStr:Undefined variable: id
errFile:D:\wwwroot\panfeng\wwwroot\board\runtime\obstetrical\obstetrical_basic_edit.php
errLine:50
errTime:12-05-21 15:10:08
##出错时变量的值：##
array (
  '__runtimeFile' => 'D:\\wwwroot\\panfeng\\wwwroot/board/runtime\\obstetrical\\obstetrical_basic_edit.php',
  'data' => NULL,
  'admin_id' => '1',
  'query' => 
  IQuery::__set_state(array(
     'dbo' => 
    IMysql::__set_state(array(
       'linkRes' => NULL,
    )),
     'sql' => 
    array (
      'table' => 'dbclass_quick_naviga',
      'fields' => '*',
      'where' => 'where adminid = 1 and is_del = 0',
      'join' => '',
      'group' => '',
      'having' => '',
      'order' => '',
      'limit' => 'limit 500',
      'distinct' => '',
    ),
     'paging' => NULL,
     'tablePre' => 'dbclass_',
  )),
  'items' => 
  array (
  ),
  'menu' => 
  Menu::__set_state(array(
     'current' => '/obstetrical/obstetrical_basic_edit',
     'vcurrent' => '/obstetrical/',
  )),
)
-------</pre>



<pre>------
errID:8
errStr:Undefined variable: id
errFile:D:\wwwroot\panfeng\wwwroot\board\runtime\obstetrical\obstetrical_basic_edit.php
errLine:50
errTime:12-05-21 15:10:21
##出错时变量的值：##
array (
  '__runtimeFile' => 'D:\\wwwroot\\panfeng\\wwwroot/board/runtime\\obstetrical\\obstetrical_basic_edit.php',
  'data' => NULL,
  'admin_id' => '1',
  'query' => 
  IQuery::__set_state(array(
     'dbo' => 
    IMysql::__set_state(array(
       'linkRes' => NULL,
    )),
     'sql' => 
    array (
      'table' => 'dbclass_quick_naviga',
      'fields' => '*',
      'where' => 'where adminid = 1 and is_del = 0',
      'join' => '',
      'group' => '',
      'having' => '',
      'order' => '',
      'limit' => 'limit 500',
      'distinct' => '',
    ),
     'paging' => NULL,
     'tablePre' => 'dbclass_',
  )),
  'items' => 
  array (
  ),
  'menu' => 
  Menu::__set_state(array(
     'current' => '/obstetrical/obstetrical_basic_edit',
     'vcurrent' => '/obstetrical/',
  )),
)
-------</pre>



<pre>------
errID:8
errStr:Undefined variable: id
errFile:D:\wwwroot\panfeng\wwwroot\board\runtime\obstetrical\obstetrical_basic_edit.php
errLine:50
errTime:12-05-21 15:13:17
##出错时变量的值：##
array (
  '__runtimeFile' => 'D:\\wwwroot\\panfeng\\wwwroot/board/runtime\\obstetrical\\obstetrical_basic_edit.php',
  'data' => NULL,
  'admin_id' => '1',
  'query' => 
  IQuery::__set_state(array(
     'dbo' => 
    IMysql::__set_state(array(
       'linkRes' => NULL,
    )),
     'sql' => 
    array (
      'table' => 'dbclass_quick_naviga',
      'fields' => '*',
      'where' => 'where adminid = 1 and is_del = 0',
      'join' => '',
      'group' => '',
      'having' => '',
      'order' => '',
      'limit' => 'limit 500',
      'distinct' => '',
    ),
     'paging' => NULL,
     'tablePre' => 'dbclass_',
  )),
  'items' => 
  array (
  ),
  'menu' => 
  Menu::__set_state(array(
     'current' => '/obstetrical/obstetrical_basic_edit',
     'vcurrent' => '/obstetrical/',
  )),
)
-------</pre>



<pre>------
errID:8
errStr:Undefined variable: id
errFile:D:\wwwroot\panfeng\wwwroot\board\runtime\obstetrical\obstetrical_basic_edit.php
errLine:50
errTime:12-05-21 15:13:24
##出错时变量的值：##
array (
  '__runtimeFile' => 'D:\\wwwroot\\panfeng\\wwwroot/board/runtime\\obstetrical\\obstetrical_basic_edit.php',
  'data' => NULL,
  'admin_id' => '1',
  'query' => 
  IQuery::__set_state(array(
     'dbo' => 
    IMysql::__set_state(array(
       'linkRes' => NULL,
    )),
     'sql' => 
    array (
      'table' => 'dbclass_quick_naviga',
      'fields' => '*',
      'where' => 'where adminid = 1 and is_del = 0',
      'join' => '',
      'group' => '',
      'having' => '',
      'order' => '',
      'limit' => 'limit 500',
      'distinct' => '',
    ),
     'paging' => NULL,
     'tablePre' => 'dbclass_',
  )),
  'items' => 
  array (
  ),
  'menu' => 
  Menu::__set_state(array(
     'current' => '/obstetrical/obstetrical_basic_edit',
     'vcurrent' => '/obstetrical/',
  )),
)
-------</pre>



<pre>------
errID:8
errStr:Undefined variable: is_research_sudies
errFile:D:\wwwroot\panfeng\wwwroot\board\runtime\obstetrical\admission_edit.php
errLine:343
errTime:12-05-21 15:57:18
##出错时变量的值：##
array (
  '__runtimeFile' => 'D:\\wwwroot\\panfeng\\wwwroot/board/runtime\\obstetrical\\admission_edit.php',
  'data' => NULL,
  'id' => '1',
  'name' => 'zhangfan',
  'date' => '2012-05-10',
  'hospital_id' => '1',
  'hospital' => '20',
  'pre_sympton' => '1,2,4,5,9,10',
  'other' => 'asdf',
  'scheduled_provedure' => 'asdf',
  'current_medication' => 'panfeng1',
  'current_risk' => 'ASDF',
  'pre_risk' => 'ASDF',
  'medical_surgical_hx' => 'panfeng3',
  'allergies' => 'panfeng4',
  'reaction' => 'ASDFASDF',
  'nkda' => '0',
  'allergy' => '1',
  'time' => '2012-05-10',
  'unit' => '1',
  'form_where' => '2',
  'accompany' => 'panfeng',
  'add_nurse' => 'panfeng',
  'via' => '1',
  'uterus' => '1',
  'contraction' => 'asdf',
  'contruction_date' => '2012-05-17',
  'fetal_movement' => '1',
  'fetal_date' => '2012-05-12',
  'membranes' => '0',
  'membranes_date' => '2012-05-14',
  'recent_intercourse' => '2012-05-21',
  's_p' => '0',
  'age' => '0',
  'gracida' => '5',
  'term' => 'asdf',
  'preter' => 'asdf',
  'antibdy' => 'asdf',
  'living' => '4',
  'lmp' => '156',
  'ega' => 'asdf',
  'edc' => 'asdf',
  'ht' => 'adsf',
  'wt' => 'asdf',
  'wt_gain' => 'asdf',
  'status' => '1',
  'blood_type' => 'A',
  'antibody' => 'ALL',
  'rubella' => '1',
  'hbsag' => '1',
  'vdrl' => '1',
  'vdrl_date' => '2012-05-10',
  'gbbs' => '20',
  'hiv' => '1',
  'ppd' => '1',
  'cxr' => '1',
  'iv_start_location' => 'asdf',
  'iv_start_size' => '12',
  'fluid_type_rate' => '15',
  'fluid_glucose' => '12.4',
  'sse_examiner' => '.12.',
  'sse_date_time' => '2012-05-09',
  'sse_intact' => '0',
  'sse_rom_color' => '红色',
  'sse_ferning' => '1',
  'sse_nitrazine' => '2',
  'sse_pooling' => '1',
  'sse_is_labs_sent' => '1',
  'sse_labs_sent' => 'asdf',
  'sse_is_urine_sent' => '1',
  'sse_urine_sent' => 'asdf',
  'sse_is_cultures_sent' => '1',
  'sse_cultures_sent' => 'asdf',
  'sse_is_other' => '1',
  'sse_other' => 'asdf',
  'urinalysis_sgravity' => 'asdf',
  'urinalysis_color' => 'asdf',
  'urinalysis_apprnce' => 'asdf',
  'urinalysis_leuo' => 'asdf',
  'urinalysis_heme' => 'asdf',
  'urinalysis_glucose' => 'asdf',
  'urinalysis_ketones' => 'asdf',
  'urinalysis_protein' => 'asdf',
  'initial' => '1',
  'initial_date' => '2012-05-22',
  'edc_by_us' => '2012-05-30',
  'ega_by_us' => '3',
  'final_edc' => '2012-05-31',
  'blood_transfusion_solid' => '2',
  'pre_c_s' => '1',
  'attempted' => '1',
  'last_intake_solid' => '2012-05-18',
  'lasr_intake_fluid' => '2012-05-23',
  'research_sudies' => 'asdf',
  'ambulation_em_off' => 'asdf',
  'ambulation_walking_for' => '12',
  'disposition_date' => '2012-05-01',
  'disposition_admitted' => 'asdf',
  'disposition_via' => '1',
  'disposition_report_given' => 'asdf',
  'ida' => '1',
  'clinical_nutrition_consult' => '1',
  'home_with_instruction' => '0',
  'verbalizes_understand' => '1',
  'discharge_ama' => '0',
  'social_work_center_consult' => '0',
  'admin_id' => '1',
  'query' => 
  IQuery::__set_state(array(
     'dbo' => 
    IMysql::__set_state(array(
       'linkRes' => NULL,
    )),
     'sql' => 
    array (
      'table' => 'dbclass_quick_naviga',
      'fields' => '*',
      'where' => 'where adminid = 1 and is_del = 0',
      'join' => '',
      'group' => '',
      'having' => '',
      'order' => '',
      'limit' => 'limit 500',
      'distinct' => '',
    ),
     'paging' => NULL,
     'tablePre' => 'dbclass_',
  )),
  'items' => 
  array (
  ),
  'menu' => 
  Menu::__set_state(array(
     'current' => '/obstetrical/admission_edit',
     'vcurrent' => '/obstetrical/',
  )),
  'temp_obj' => 
  IModel::__set_state(array(
     'db' => 
    IMysql::__set_state(array(
       'linkRes' => NULL,
    )),
     'tableName' => 'dbclass_ammiot_type',
     'tableData' => 
    array (
    ),
  )),
  'temp' => 
  array (
  ),
)
-------</pre>



<pre>------
errID:8
errStr:Undefined variable: is_research_sudies
errFile:D:\wwwroot\panfeng\wwwroot\board\runtime\obstetrical\admission_edit.php
errLine:344
errTime:12-05-21 15:57:18
##出错时变量的值：##
array (
  '__runtimeFile' => 'D:\\wwwroot\\panfeng\\wwwroot/board/runtime\\obstetrical\\admission_edit.php',
  'data' => NULL,
  'id' => '1',
  'name' => 'zhangfan',
  'date' => '2012-05-10',
  'hospital_id' => '1',
  'hospital' => '20',
  'pre_sympton' => '1,2,4,5,9,10',
  'other' => 'asdf',
  'scheduled_provedure' => 'asdf',
  'current_medication' => 'panfeng1',
  'current_risk' => 'ASDF',
  'pre_risk' => 'ASDF',
  'medical_surgical_hx' => 'panfeng3',
  'allergies' => 'panfeng4',
  'reaction' => 'ASDFASDF',
  'nkda' => '0',
  'allergy' => '1',
  'time' => '2012-05-10',
  'unit' => '1',
  'form_where' => '2',
  'accompany' => 'panfeng',
  'add_nurse' => 'panfeng',
  'via' => '1',
  'uterus' => '1',
  'contraction' => 'asdf',
  'contruction_date' => '2012-05-17',
  'fetal_movement' => '1',
  'fetal_date' => '2012-05-12',
  'membranes' => '0',
  'membranes_date' => '2012-05-14',
  'recent_intercourse' => '2012-05-21',
  's_p' => '0',
  'age' => '0',
  'gracida' => '5',
  'term' => 'asdf',
  'preter' => 'asdf',
  'antibdy' => 'asdf',
  'living' => '4',
  'lmp' => '156',
  'ega' => 'asdf',
  'edc' => 'asdf',
  'ht' => 'adsf',
  'wt' => 'asdf',
  'wt_gain' => 'asdf',
  'status' => '1',
  'blood_type' => 'A',
  'antibody' => 'ALL',
  'rubella' => '1',
  'hbsag' => '1',
  'vdrl' => '1',
  'vdrl_date' => '2012-05-10',
  'gbbs' => '20',
  'hiv' => '1',
  'ppd' => '1',
  'cxr' => '1',
  'iv_start_location' => 'asdf',
  'iv_start_size' => '12',
  'fluid_type_rate' => '15',
  'fluid_glucose' => '12.4',
  'sse_examiner' => '.12.',
  'sse_date_time' => '2012-05-09',
  'sse_intact' => '0',
  'sse_rom_color' => '红色',
  'sse_ferning' => '1',
  'sse_nitrazine' => '2',
  'sse_pooling' => '1',
  'sse_is_labs_sent' => '1',
  'sse_labs_sent' => 'asdf',
  'sse_is_urine_sent' => '1',
  'sse_urine_sent' => 'asdf',
  'sse_is_cultures_sent' => '1',
  'sse_cultures_sent' => 'asdf',
  'sse_is_other' => '1',
  'sse_other' => 'asdf',
  'urinalysis_sgravity' => 'asdf',
  'urinalysis_color' => 'asdf',
  'urinalysis_apprnce' => 'asdf',
  'urinalysis_leuo' => 'asdf',
  'urinalysis_heme' => 'asdf',
  'urinalysis_glucose' => 'asdf',
  'urinalysis_ketones' => 'asdf',
  'urinalysis_protein' => 'asdf',
  'initial' => '1',
  'initial_date' => '2012-05-22',
  'edc_by_us' => '2012-05-30',
  'ega_by_us' => '3',
  'final_edc' => '2012-05-31',
  'blood_transfusion_solid' => '2',
  'pre_c_s' => '1',
  'attempted' => '1',
  'last_intake_solid' => '2012-05-18',
  'lasr_intake_fluid' => '2012-05-23',
  'research_sudies' => 'asdf',
  'ambulation_em_off' => 'asdf',
  'ambulation_walking_for' => '12',
  'disposition_date' => '2012-05-01',
  'disposition_admitted' => 'asdf',
  'disposition_via' => '1',
  'disposition_report_given' => 'asdf',
  'ida' => '1',
  'clinical_nutrition_consult' => '1',
  'home_with_instruction' => '0',
  'verbalizes_understand' => '1',
  'discharge_ama' => '0',
  'social_work_center_consult' => '0',
  'admin_id' => '1',
  'query' => 
  IQuery::__set_state(array(
     'dbo' => 
    IMysql::__set_state(array(
       'linkRes' => NULL,
    )),
     'sql' => 
    array (
      'table' => 'dbclass_quick_naviga',
      'fields' => '*',
      'where' => 'where adminid = 1 and is_del = 0',
      'join' => '',
      'group' => '',
      'having' => '',
      'order' => '',
      'limit' => 'limit 500',
      'distinct' => '',
    ),
     'paging' => NULL,
     'tablePre' => 'dbclass_',
  )),
  'items' => 
  array (
  ),
  'menu' => 
  Menu::__set_state(array(
     'current' => '/obstetrical/admission_edit',
     'vcurrent' => '/obstetrical/',
  )),
  'temp_obj' => 
  IModel::__set_state(array(
     'db' => 
    IMysql::__set_state(array(
       'linkRes' => NULL,
    )),
     'tableName' => 'dbclass_ammiot_type',
     'tableData' => 
    array (
    ),
  )),
  'temp' => 
  array (
  ),
)
-------</pre>



<pre>----------
Mess: select count(*) as total from dbclass_amniot_type as at     
 -- Table 'diantaoba.dbclass_amniot_type' doesn't exist
Line: 89
File: IWEB_PATH/db\driver\mysql_class.php
##Debug_backtrace:##
	Func:read           	Class:IMysql         	Type:->   	Line:59   	File:IWEB_PATH/db\driver\mysql_class.php
	Func:doSql          	Class:IMysql         	Type:->   	Line:87   	File:IWEB_PATH/db\db_class.php
	Func:query          	Class:IDB            	Type:->   	Line:55   	File:IWEB_PATH/core\paging_class.php
	Func:setSql         	Class:IPaging        	Type:->   	Line:41   	File:IWEB_PATH/core\paging_class.php
	Func:__construct    	Class:IPaging        	Type:->   	Line:121  	File:IWEB_PATH/core\query_class.php
	Func:find           	Class:IQuery         	Type:->   	Line:95   	File:D:\wwwroot\panfeng\wwwroot\board\runtime\mastercode\amniotic_types_list.php
	Func:require        	Class:               	Type:     	Line:116  	File:IWEB_PATH/web\controller\controllerbase_class.php
	Func:requireFile    	Class:IControllerBase	Type:->   	Line:82   	File:IWEB_PATH/web\controller\controllerbase_class.php
	Func:renderView     	Class:IControllerBase	Type:->   	Line:265  	File:IWEB_PATH/web\controller\controller_class.php
	Func:render         	Class:IController    	Type:->   	Line:46   	File:IWEB_PATH/web\action\view_action.php
	Func:run            	Class:IViewAction    	Type:->   	Line:414  	File:IWEB_PATH/web\controller\controller_class.php
	Func:redirect       	Class:IController    	Type:->   	Line:457  	File:D:\wwwroot\panfeng\wwwroot\board\controllers\mastercode.php
	Func:amniotic_types_list	Class:Mastercode     	Type:->   	Line:24   	File:IWEB_PATH/web\action\inline_action.php
	Func:run            	Class:IInlineAction  	Type:->   	Line:200  	File:IWEB_PATH/web\controller\controller_class.php
	Func:run            	Class:IController    	Type:->   	Line:29   	File:IWEB_PATH/core\webapplication_class.php
	Func:execRequest    	Class:IWebApplication	Type:->   	Line:150  	File:IWEB_PATH/core\application_class.php
	Func:run            	Class:IApplication   	Type:->   	Line:5    	File:D:\wwwroot\panfeng\wwwroot\board\index.php
------------</pre>


<pre>------
errID:8
errStr:Undefined variable: is_bold
errFile:D:\wwwroot\panfeng\wwwroot\board\runtime\mastercode\amniotic_types_edit.php
errLine:128
errTime:12-05-21 15:57:46
##出错时变量的值：##
array (
  '__runtimeFile' => 'D:\\wwwroot\\panfeng\\wwwroot/board/runtime\\mastercode\\amniotic_types_edit.php',
  'data' => NULL,
  'admin_id' => '1',
  'query' => 
  IQuery::__set_state(array(
     'dbo' => 
    IMysql::__set_state(array(
       'linkRes' => NULL,
    )),
     'sql' => 
    array (
      'table' => 'dbclass_quick_naviga',
      'fields' => '*',
      'where' => 'where adminid = 1 and is_del = 0',
      'join' => '',
      'group' => '',
      'having' => '',
      'order' => '',
      'limit' => 'limit 500',
      'distinct' => '',
    ),
     'paging' => NULL,
     'tablePre' => 'dbclass_',
  )),
  'items' => 
  array (
  ),
  'menu' => 
  Menu::__set_state(array(
     'current' => '/mastercode/amniotic_types_edit',
     'vcurrent' => '/mastercode/',
  )),
)
-------</pre>



<pre>------
errID:8
errStr:Undefined variable: id
errFile:D:\wwwroot\panfeng\wwwroot\board\runtime\hospital\providers_edit.php
errLine:49
errTime:12-05-21 15:59:25
##出错时变量的值：##
array (
  '__runtimeFile' => 'D:\\wwwroot\\panfeng\\wwwroot/board/runtime\\hospital\\providers_edit.php',
  'data' => NULL,
  'admin_id' => '1',
  'query' => 
  IQuery::__set_state(array(
     'dbo' => 
    IMysql::__set_state(array(
       'linkRes' => NULL,
    )),
     'sql' => 
    array (
      'table' => 'dbclass_quick_naviga',
      'fields' => '*',
      'where' => 'where adminid = 1 and is_del = 0',
      'join' => '',
      'group' => '',
      'having' => '',
      'order' => '',
      'limit' => 'limit 500',
      'distinct' => '',
    ),
     'paging' => NULL,
     'tablePre' => 'dbclass_',
  )),
  'items' => 
  array (
  ),
  'menu' => 
  Menu::__set_state(array(
     'current' => '/hospital/providers_edit',
     'vcurrent' => '/hospital/',
  )),
)
-------</pre>



<pre>------
errID:8
errStr:Undefined variable: id
errFile:D:\wwwroot\panfeng\wwwroot\board\runtime\hospital\providers_edit.php
errLine:66
errTime:12-05-21 15:59:25
##出错时变量的值：##
array (
  '__runtimeFile' => 'D:\\wwwroot\\panfeng\\wwwroot/board/runtime\\hospital\\providers_edit.php',
  'data' => NULL,
  'admin_id' => '1',
  'query' => 
  IQuery::__set_state(array(
     'dbo' => 
    IMysql::__set_state(array(
       'linkRes' => NULL,
    )),
     'sql' => 
    array (
      'table' => 'dbclass_quick_naviga',
      'fields' => '*',
      'where' => 'where adminid = 1 and is_del = 0',
      'join' => '',
      'group' => '',
      'having' => '',
      'order' => '',
      'limit' => 'limit 500',
      'distinct' => '',
    ),
     'paging' => NULL,
     'tablePre' => 'dbclass_',
  )),
  'items' => 
  array (
  ),
  'menu' => 
  Menu::__set_state(array(
     'current' => '/hospital/providers_edit',
     'vcurrent' => '/hospital/',
  )),
)
-------</pre>



<pre>------
errID:8
errStr:Undefined variable: id
errFile:D:\wwwroot\panfeng\wwwroot\board\runtime\hospital\providers_edit.php
errLine:164
errTime:12-05-21 15:59:25
##出错时变量的值：##
array (
  '__runtimeFile' => 'D:\\wwwroot\\panfeng\\wwwroot/board/runtime\\hospital\\providers_edit.php',
  'data' => NULL,
  'admin_id' => '1',
  'query' => 
  IQuery::__set_state(array(
     'dbo' => 
    IMysql::__set_state(array(
       'linkRes' => NULL,
    )),
     'sql' => 
    array (
      'table' => 'dbclass_admin_role',
      'fields' => '*',
      'where' => '',
      'join' => '',
      'group' => '',
      'having' => '',
      'order' => '',
      'limit' => 'limit 500',
      'distinct' => '',
    ),
     'paging' => NULL,
     'tablePre' => 'dbclass_',
  )),
  'items' => 
  array (
    0 => 
    array (
      'id' => '2',
      'name' => '护士',
      'rights' => ',block@create_thumb,comment@comment_list,comment@discussion_list,',
      'is_del' => '0',
    ),
    1 => 
    array (
      'id' => '3',
      'name' => '院长',
      'rights' => ',hospital@providers_list,hospital@providers_list_data,mastercode@hospital_edit,',
      'is_del' => '0',
    ),
  ),
  'menu' => 
  Menu::__set_state(array(
     'current' => '/hospital/providers_edit',
     'vcurrent' => '/hospital/',
  )),
  'item' => 
  array (
    'hospital_name_ch' => '（上海）中国福利会国际和平妇幼保健院',
    'hospital_name_en' => '(Shanghai) International Peace Maternity & Child Health Hospital of the China Welfare Institute',
    'hospital_adress_ch' => '上海市徐汇区衡山路910号，电话： 021-64070434',
    'hospital_adress_en' => '910 Hengsan Road, Shanghai  ',
    'hospital_province_ch' => '上海',
    'hospital_province_en' => 'Shanghai',
    'hospital_zipcode' => '200030',
    'visited_date_b' => '2012-05-01',
    'visited_date_e' => '2012-05-31',
    'id' => '3',
  ),
  'key' => 1,
)
-------</pre>
