


<pre>----------
Mess: select  sum(order_amount) as amount from dbclass_order  where `status` = 5    limit 500
 -- Table 'dbclass.dbclass_order' doesn't exist
Line: 89
File: IWEB_PATH/db\driver\mysql_class.php
##Debug_backtrace:##
	Func:read           	Class:IMysql         	Type:->   	Line:59   	File:IWEB_PATH/db\driver\mysql_class.php
	Func:doSql          	Class:IMysql         	Type:->   	Line:87   	File:IWEB_PATH/db\db_class.php
	Func:query          	Class:IDB            	Type:->   	Line:128  	File:IWEB_PATH/core\query_class.php
	Func:find           	Class:IQuery         	Type:->   	Line:67   	File:E:\wamp\www\iwebshop\runtime\system\default.php
	Func:require        	Class:               	Type:     	Line:116  	File:IWEB_PATH/web\controller\controllerbase_class.php
	Func:requireFile    	Class:IControllerBase	Type:->   	Line:82   	File:IWEB_PATH/web\controller\controllerbase_class.php
	Func:renderView     	Class:IControllerBase	Type:->   	Line:265  	File:IWEB_PATH/web\controller\controller_class.php
	Func:render         	Class:IController    	Type:->   	Line:46   	File:IWEB_PATH/web\action\view_action.php
	Func:run            	Class:IViewAction    	Type:->   	Line:200  	File:IWEB_PATH/web\controller\controller_class.php
	Func:run            	Class:IController    	Type:->   	Line:29   	File:IWEB_PATH/core\webapplication_class.php
	Func:execRequest    	Class:IWebApplication	Type:->   	Line:150  	File:IWEB_PATH/core\application_class.php
	Func:run            	Class:IApplication   	Type:->   	Line:5    	File:E:\wamp\www\iwebshop\index.php
------------</pre>


<pre>----------
Mess: select count(*) as total from dbclass_amniot_type as at     
 -- Table 'dbclass.dbclass_amniot_type' doesn't exist
Line: 89
File: IWEB_PATH/db\driver\mysql_class.php
##Debug_backtrace:##
	Func:read           	Class:IMysql         	Type:->   	Line:59   	File:IWEB_PATH/db\driver\mysql_class.php
	Func:doSql          	Class:IMysql         	Type:->   	Line:87   	File:IWEB_PATH/db\db_class.php
	Func:query          	Class:IDB            	Type:->   	Line:55   	File:IWEB_PATH/core\paging_class.php
	Func:setSql         	Class:IPaging        	Type:->   	Line:41   	File:IWEB_PATH/core\paging_class.php
	Func:__construct    	Class:IPaging        	Type:->   	Line:121  	File:IWEB_PATH/core\query_class.php
	Func:find           	Class:IQuery         	Type:->   	Line:95   	File:E:\wamp\www\iwebshop\runtime\mastercode\amniotic_types_list.php
	Func:require        	Class:               	Type:     	Line:116  	File:IWEB_PATH/web\controller\controllerbase_class.php
	Func:requireFile    	Class:IControllerBase	Type:->   	Line:82   	File:IWEB_PATH/web\controller\controllerbase_class.php
	Func:renderView     	Class:IControllerBase	Type:->   	Line:265  	File:IWEB_PATH/web\controller\controller_class.php
	Func:render         	Class:IController    	Type:->   	Line:46   	File:IWEB_PATH/web\action\view_action.php
	Func:run            	Class:IViewAction    	Type:->   	Line:414  	File:IWEB_PATH/web\controller\controller_class.php
	Func:redirect       	Class:IController    	Type:->   	Line:457  	File:E:\wamp\www\iwebshop\controllers\mastercode.php
	Func:amniotic_types_list	Class:Mastercode     	Type:->   	Line:24   	File:IWEB_PATH/web\action\inline_action.php
	Func:run            	Class:IInlineAction  	Type:->   	Line:200  	File:IWEB_PATH/web\controller\controller_class.php
	Func:run            	Class:IController    	Type:->   	Line:29   	File:IWEB_PATH/core\webapplication_class.php
	Func:execRequest    	Class:IWebApplication	Type:->   	Line:150  	File:IWEB_PATH/core\application_class.php
	Func:run            	Class:IApplication   	Type:->   	Line:5    	File:E:\wamp\www\iwebshop\index.php
------------</pre>


<pre>------
errID:8
errStr:Undefined variable: is_bold
errFile:E:\wamp\www\iwebshop\runtime\mastercode\amniotic_types_edit.php
errLine:128
errTime:12-05-10 13:12:43
##出错时变量的值：##
array (
  '__runtimeFile' => 'E:/wamp/www/iwebshop/runtime\\mastercode\\amniotic_types_edit.php',
  'data' => NULL,
  'admin_id' => '1',
  'query' => 
  IQuery::__set_state(array(
     'dbo' => 
    IMysql::__set_state(array(
       'linkRes' => NULL,
    )),
     'sql' => 
    array (
      'table' => 'dbclass_quick_naviga',
      'fields' => '*',
      'where' => 'where adminid = 1 and is_del = 0',
      'join' => '',
      'group' => '',
      'having' => '',
      'order' => '',
      'limit' => 'limit 500',
      'distinct' => '',
    ),
     'paging' => NULL,
     'tablePre' => 'dbclass_',
  )),
  'items' => 
  array (
  ),
  'menu' => 
  Menu::__set_state(array(
     'current' => '/mastercode/amniotic_types_edit',
     'vcurrent' => '/mastercode/',
  )),
)
-------</pre>



<pre>------
errID:8
errStr:Use of undefined constant id - assumed 'id'
errFile:E:\wamp\www\iwebshop\runtime\mastercode\beds_add.php
errLine:66
errTime:12-05-10 13:12:57
##出错时变量的值：##
array (
  '__runtimeFile' => 'E:/wamp/www/iwebshop/runtime\\mastercode\\beds_add.php',
  'data' => NULL,
  'hospital' => 
  array (
    0 => 
    array (
      'hospital_name_ch' => '宁波市妇女儿童医院',
      'hospital_name_en' => 'Ningbo Women & Children\'s Hospital',
      'hospital_adress_ch' => '宁波市柳汀街339号 电话：0574-87083300',
      'hospital_adress_en' => '399 Liuding Road， Ningbo ',
      'hospital_province_ch' => '浙江',
      'hospital_province_en' => 'Zhejiang',
      'hospital_zipcode' => '315012',
      'visited_date_b' => '2011-08-13',
      'visited_date_e' => '2011-08-21',
      'id' => '1',
    ),
    1 => 
    array (
      'hospital_name_ch' => '（上海）中国福利会国际和平妇幼保健院',
      'hospital_name_en' => '(Shanghai) International Peace Maternity & Child Health Hospital of the China Welfare Institute',
      'hospital_adress_ch' => '上海市徐汇区衡山路910号，电话： 021-64070434',
      'hospital_adress_en' => '910 Hengsan Road, Shanghai  ',
      'hospital_province_ch' => '上海',
      'hospital_province_en' => 'Shanghai',
      'hospital_zipcode' => '200030',
      'visited_date_b' => '2012-05-01',
      'visited_date_e' => '2012-05-31',
      'id' => '3',
    ),
  ),
  'department' => 
  array (
  ),
  'admin_id' => '1',
  'query' => 
  IQuery::__set_state(array(
     'dbo' => 
    IMysql::__set_state(array(
       'linkRes' => NULL,
    )),
     'sql' => 
    array (
      'table' => 'dbclass_quick_naviga',
      'fields' => '*',
      'where' => 'where adminid = 1 and is_del = 0',
      'join' => '',
      'group' => '',
      'having' => '',
      'order' => '',
      'limit' => 'limit 500',
      'distinct' => '',
    ),
     'paging' => NULL,
     'tablePre' => 'dbclass_',
  )),
  'items' => 
  array (
  ),
  'menu' => 
  Menu::__set_state(array(
     'current' => '/mastercode/beds_add',
     'vcurrent' => '/mastercode/',
  )),
  'value' => 
  array (
    'hospital_name_ch' => '宁波市妇女儿童医院',
    'hospital_name_en' => 'Ningbo Women & Children\'s Hospital',
    'hospital_adress_ch' => '宁波市柳汀街339号 电话：0574-87083300',
    'hospital_adress_en' => '399 Liuding Road， Ningbo ',
    'hospital_province_ch' => '浙江',
    'hospital_province_en' => 'Zhejiang',
    'hospital_zipcode' => '315012',
    'visited_date_b' => '2011-08-13',
    'visited_date_e' => '2011-08-21',
    'id' => '1',
  ),
  'key' => 0,
)
-------</pre>



<pre>------
errID:8
errStr:Use of undefined constant id - assumed 'id'
errFile:E:\wamp\www\iwebshop\runtime\mastercode\beds_add.php
errLine:66
errTime:12-05-10 13:12:57
##出错时变量的值：##
array (
  '__runtimeFile' => 'E:/wamp/www/iwebshop/runtime\\mastercode\\beds_add.php',
  'data' => NULL,
  'hospital' => 
  array (
    0 => 
    array (
      'hospital_name_ch' => '宁波市妇女儿童医院',
      'hospital_name_en' => 'Ningbo Women & Children\'s Hospital',
      'hospital_adress_ch' => '宁波市柳汀街339号 电话：0574-87083300',
      'hospital_adress_en' => '399 Liuding Road， Ningbo ',
      'hospital_province_ch' => '浙江',
      'hospital_province_en' => 'Zhejiang',
      'hospital_zipcode' => '315012',
      'visited_date_b' => '2011-08-13',
      'visited_date_e' => '2011-08-21',
      'id' => '1',
    ),
    1 => 
    array (
      'hospital_name_ch' => '（上海）中国福利会国际和平妇幼保健院',
      'hospital_name_en' => '(Shanghai) International Peace Maternity & Child Health Hospital of the China Welfare Institute',
      'hospital_adress_ch' => '上海市徐汇区衡山路910号，电话： 021-64070434',
      'hospital_adress_en' => '910 Hengsan Road, Shanghai  ',
      'hospital_province_ch' => '上海',
      'hospital_province_en' => 'Shanghai',
      'hospital_zipcode' => '200030',
      'visited_date_b' => '2012-05-01',
      'visited_date_e' => '2012-05-31',
      'id' => '3',
    ),
  ),
  'department' => 
  array (
  ),
  'admin_id' => '1',
  'query' => 
  IQuery::__set_state(array(
     'dbo' => 
    IMysql::__set_state(array(
       'linkRes' => NULL,
    )),
     'sql' => 
    array (
      'table' => 'dbclass_quick_naviga',
      'fields' => '*',
      'where' => 'where adminid = 1 and is_del = 0',
      'join' => '',
      'group' => '',
      'having' => '',
      'order' => '',
      'limit' => 'limit 500',
      'distinct' => '',
    ),
     'paging' => NULL,
     'tablePre' => 'dbclass_',
  )),
  'items' => 
  array (
  ),
  'menu' => 
  Menu::__set_state(array(
     'current' => '/mastercode/beds_add',
     'vcurrent' => '/mastercode/',
  )),
  'value' => 
  array (
    'hospital_name_ch' => '宁波市妇女儿童医院',
    'hospital_name_en' => 'Ningbo Women & Children\'s Hospital',
    'hospital_adress_ch' => '宁波市柳汀街339号 电话：0574-87083300',
    'hospital_adress_en' => '399 Liuding Road， Ningbo ',
    'hospital_province_ch' => '浙江',
    'hospital_province_en' => 'Zhejiang',
    'hospital_zipcode' => '315012',
    'visited_date_b' => '2011-08-13',
    'visited_date_e' => '2011-08-21',
    'id' => '1',
  ),
  'key' => 0,
)
-------</pre>



<pre>------
errID:8
errStr:Use of undefined constant id - assumed 'id'
errFile:E:\wamp\www\iwebshop\runtime\mastercode\beds_add.php
errLine:66
errTime:12-05-10 13:12:57
##出错时变量的值：##
array (
  '__runtimeFile' => 'E:/wamp/www/iwebshop/runtime\\mastercode\\beds_add.php',
  'data' => NULL,
  'hospital' => 
  array (
    0 => 
    array (
      'hospital_name_ch' => '宁波市妇女儿童医院',
      'hospital_name_en' => 'Ningbo Women & Children\'s Hospital',
      'hospital_adress_ch' => '宁波市柳汀街339号 电话：0574-87083300',
      'hospital_adress_en' => '399 Liuding Road， Ningbo ',
      'hospital_province_ch' => '浙江',
      'hospital_province_en' => 'Zhejiang',
      'hospital_zipcode' => '315012',
      'visited_date_b' => '2011-08-13',
      'visited_date_e' => '2011-08-21',
      'id' => '1',
    ),
    1 => 
    array (
      'hospital_name_ch' => '（上海）中国福利会国际和平妇幼保健院',
      'hospital_name_en' => '(Shanghai) International Peace Maternity & Child Health Hospital of the China Welfare Institute',
      'hospital_adress_ch' => '上海市徐汇区衡山路910号，电话： 021-64070434',
      'hospital_adress_en' => '910 Hengsan Road, Shanghai  ',
      'hospital_province_ch' => '上海',
      'hospital_province_en' => 'Shanghai',
      'hospital_zipcode' => '200030',
      'visited_date_b' => '2012-05-01',
      'visited_date_e' => '2012-05-31',
      'id' => '3',
    ),
  ),
  'department' => 
  array (
  ),
  'admin_id' => '1',
  'query' => 
  IQuery::__set_state(array(
     'dbo' => 
    IMysql::__set_state(array(
       'linkRes' => NULL,
    )),
     'sql' => 
    array (
      'table' => 'dbclass_quick_naviga',
      'fields' => '*',
      'where' => 'where adminid = 1 and is_del = 0',
      'join' => '',
      'group' => '',
      'having' => '',
      'order' => '',
      'limit' => 'limit 500',
      'distinct' => '',
    ),
     'paging' => NULL,
     'tablePre' => 'dbclass_',
  )),
  'items' => 
  array (
  ),
  'menu' => 
  Menu::__set_state(array(
     'current' => '/mastercode/beds_add',
     'vcurrent' => '/mastercode/',
  )),
  'value' => 
  array (
    'hospital_name_ch' => '（上海）中国福利会国际和平妇幼保健院',
    'hospital_name_en' => '(Shanghai) International Peace Maternity & Child Health Hospital of the China Welfare Institute',
    'hospital_adress_ch' => '上海市徐汇区衡山路910号，电话： 021-64070434',
    'hospital_adress_en' => '910 Hengsan Road, Shanghai  ',
    'hospital_province_ch' => '上海',
    'hospital_province_en' => 'Shanghai',
    'hospital_zipcode' => '200030',
    'visited_date_b' => '2012-05-01',
    'visited_date_e' => '2012-05-31',
    'id' => '3',
  ),
  'key' => 1,
)
-------</pre>



<pre>------
errID:8
errStr:Use of undefined constant id - assumed 'id'
errFile:E:\wamp\www\iwebshop\runtime\mastercode\beds_add.php
errLine:66
errTime:12-05-10 13:12:57
##出错时变量的值：##
array (
  '__runtimeFile' => 'E:/wamp/www/iwebshop/runtime\\mastercode\\beds_add.php',
  'data' => NULL,
  'hospital' => 
  array (
    0 => 
    array (
      'hospital_name_ch' => '宁波市妇女儿童医院',
      'hospital_name_en' => 'Ningbo Women & Children\'s Hospital',
      'hospital_adress_ch' => '宁波市柳汀街339号 电话：0574-87083300',
      'hospital_adress_en' => '399 Liuding Road， Ningbo ',
      'hospital_province_ch' => '浙江',
      'hospital_province_en' => 'Zhejiang',
      'hospital_zipcode' => '315012',
      'visited_date_b' => '2011-08-13',
      'visited_date_e' => '2011-08-21',
      'id' => '1',
    ),
    1 => 
    array (
      'hospital_name_ch' => '（上海）中国福利会国际和平妇幼保健院',
      'hospital_name_en' => '(Shanghai) International Peace Maternity & Child Health Hospital of the China Welfare Institute',
      'hospital_adress_ch' => '上海市徐汇区衡山路910号，电话： 021-64070434',
      'hospital_adress_en' => '910 Hengsan Road, Shanghai  ',
      'hospital_province_ch' => '上海',
      'hospital_province_en' => 'Shanghai',
      'hospital_zipcode' => '200030',
      'visited_date_b' => '2012-05-01',
      'visited_date_e' => '2012-05-31',
      'id' => '3',
    ),
  ),
  'department' => 
  array (
  ),
  'admin_id' => '1',
  'query' => 
  IQuery::__set_state(array(
     'dbo' => 
    IMysql::__set_state(array(
       'linkRes' => NULL,
    )),
     'sql' => 
    array (
      'table' => 'dbclass_quick_naviga',
      'fields' => '*',
      'where' => 'where adminid = 1 and is_del = 0',
      'join' => '',
      'group' => '',
      'having' => '',
      'order' => '',
      'limit' => 'limit 500',
      'distinct' => '',
    ),
     'paging' => NULL,
     'tablePre' => 'dbclass_',
  )),
  'items' => 
  array (
  ),
  'menu' => 
  Menu::__set_state(array(
     'current' => '/mastercode/beds_add',
     'vcurrent' => '/mastercode/',
  )),
  'value' => 
  array (
    'hospital_name_ch' => '（上海）中国福利会国际和平妇幼保健院',
    'hospital_name_en' => '(Shanghai) International Peace Maternity & Child Health Hospital of the China Welfare Institute',
    'hospital_adress_ch' => '上海市徐汇区衡山路910号，电话： 021-64070434',
    'hospital_adress_en' => '910 Hengsan Road, Shanghai  ',
    'hospital_province_ch' => '上海',
    'hospital_province_en' => 'Shanghai',
    'hospital_zipcode' => '200030',
    'visited_date_b' => '2012-05-01',
    'visited_date_e' => '2012-05-31',
    'id' => '3',
  ),
  'key' => 1,
)
-------</pre>



<pre>------
errID:8
errStr:Use of undefined constant description_en - assumed 'description_en'
errFile:E:\wamp\www\iwebshop\runtime\mastercode\beds_add.php
errLine:91
errTime:12-05-10 13:12:57
##出错时变量的值：##
array (
  '__runtimeFile' => 'E:/wamp/www/iwebshop/runtime\\mastercode\\beds_add.php',
  'data' => NULL,
  'hospital' => 
  array (
    0 => 
    array (
      'hospital_name_ch' => '宁波市妇女儿童医院',
      'hospital_name_en' => 'Ningbo Women & Children\'s Hospital',
      'hospital_adress_ch' => '宁波市柳汀街339号 电话：0574-87083300',
      'hospital_adress_en' => '399 Liuding Road， Ningbo ',
      'hospital_province_ch' => '浙江',
      'hospital_province_en' => 'Zhejiang',
      'hospital_zipcode' => '315012',
      'visited_date_b' => '2011-08-13',
      'visited_date_e' => '2011-08-21',
      'id' => '1',
    ),
    1 => 
    array (
      'hospital_name_ch' => '（上海）中国福利会国际和平妇幼保健院',
      'hospital_name_en' => '(Shanghai) International Peace Maternity & Child Health Hospital of the China Welfare Institute',
      'hospital_adress_ch' => '上海市徐汇区衡山路910号，电话： 021-64070434',
      'hospital_adress_en' => '910 Hengsan Road, Shanghai  ',
      'hospital_province_ch' => '上海',
      'hospital_province_en' => 'Shanghai',
      'hospital_zipcode' => '200030',
      'visited_date_b' => '2012-05-01',
      'visited_date_e' => '2012-05-31',
      'id' => '3',
    ),
  ),
  'department' => 
  array (
  ),
  'admin_id' => '1',
  'query' => 
  IQuery::__set_state(array(
     'dbo' => 
    IMysql::__set_state(array(
       'linkRes' => NULL,
    )),
     'sql' => 
    array (
      'table' => 'dbclass_quick_naviga',
      'fields' => '*',
      'where' => 'where adminid = 1 and is_del = 0',
      'join' => '',
      'group' => '',
      'having' => '',
      'order' => '',
      'limit' => 'limit 500',
      'distinct' => '',
    ),
     'paging' => NULL,
     'tablePre' => 'dbclass_',
  )),
  'items' => 
  array (
  ),
  'menu' => 
  Menu::__set_state(array(
     'current' => '/mastercode/beds_add',
     'vcurrent' => '/mastercode/',
  )),
  'value' => 
  array (
    'hospital_name_ch' => '（上海）中国福利会国际和平妇幼保健院',
    'hospital_name_en' => '(Shanghai) International Peace Maternity & Child Health Hospital of the China Welfare Institute',
    'hospital_adress_ch' => '上海市徐汇区衡山路910号，电话： 021-64070434',
    'hospital_adress_en' => '910 Hengsan Road, Shanghai  ',
    'hospital_province_ch' => '上海',
    'hospital_province_en' => 'Shanghai',
    'hospital_zipcode' => '200030',
    'visited_date_b' => '2012-05-01',
    'visited_date_e' => '2012-05-31',
    'id' => '3',
  ),
  'key' => 1,
)
-------</pre>



<pre>------
errID:8
errStr:Use of undefined constant id - assumed 'id'
errFile:E:\wamp\www\iwebshop\runtime\mastercode\beds_add.php
errLine:93
errTime:12-05-10 13:12:57
##出错时变量的值：##
array (
  '__runtimeFile' => 'E:/wamp/www/iwebshop/runtime\\mastercode\\beds_add.php',
  'data' => NULL,
  'hospital' => 
  array (
    0 => 
    array (
      'hospital_name_ch' => '宁波市妇女儿童医院',
      'hospital_name_en' => 'Ningbo Women & Children\'s Hospital',
      'hospital_adress_ch' => '宁波市柳汀街339号 电话：0574-87083300',
      'hospital_adress_en' => '399 Liuding Road， Ningbo ',
      'hospital_province_ch' => '浙江',
      'hospital_province_en' => 'Zhejiang',
      'hospital_zipcode' => '315012',
      'visited_date_b' => '2011-08-13',
      'visited_date_e' => '2011-08-21',
      'id' => '1',
    ),
    1 => 
    array (
      'hospital_name_ch' => '（上海）中国福利会国际和平妇幼保健院',
      'hospital_name_en' => '(Shanghai) International Peace Maternity & Child Health Hospital of the China Welfare Institute',
      'hospital_adress_ch' => '上海市徐汇区衡山路910号，电话： 021-64070434',
      'hospital_adress_en' => '910 Hengsan Road, Shanghai  ',
      'hospital_province_ch' => '上海',
      'hospital_province_en' => 'Shanghai',
      'hospital_zipcode' => '200030',
      'visited_date_b' => '2012-05-01',
      'visited_date_e' => '2012-05-31',
      'id' => '3',
    ),
  ),
  'department' => 
  array (
  ),
  'admin_id' => '1',
  'query' => 
  IQuery::__set_state(array(
     'dbo' => 
    IMysql::__set_state(array(
       'linkRes' => NULL,
    )),
     'sql' => 
    array (
      'table' => 'dbclass_quick_naviga',
      'fields' => '*',
      'where' => 'where adminid = 1 and is_del = 0',
      'join' => '',
      'group' => '',
      'having' => '',
      'order' => '',
      'limit' => 'limit 500',
      'distinct' => '',
    ),
     'paging' => NULL,
     'tablePre' => 'dbclass_',
  )),
  'items' => 
  array (
  ),
  'menu' => 
  Menu::__set_state(array(
     'current' => '/mastercode/beds_add',
     'vcurrent' => '/mastercode/',
  )),
  'value' => 
  array (
    'hospital_name_ch' => '（上海）中国福利会国际和平妇幼保健院',
    'hospital_name_en' => '(Shanghai) International Peace Maternity & Child Health Hospital of the China Welfare Institute',
    'hospital_adress_ch' => '上海市徐汇区衡山路910号，电话： 021-64070434',
    'hospital_adress_en' => '910 Hengsan Road, Shanghai  ',
    'hospital_province_ch' => '上海',
    'hospital_province_en' => 'Shanghai',
    'hospital_zipcode' => '200030',
    'visited_date_b' => '2012-05-01',
    'visited_date_e' => '2012-05-31',
    'id' => '3',
  ),
  'key' => 1,
)
-------</pre>



<pre>------
errID:8
errStr:Use of undefined constant description_ch - assumed 'description_ch'
errFile:E:\wamp\www\iwebshop\runtime\mastercode\beds_add.php
errLine:96
errTime:12-05-10 13:12:57
##出错时变量的值：##
array (
  '__runtimeFile' => 'E:/wamp/www/iwebshop/runtime\\mastercode\\beds_add.php',
  'data' => NULL,
  'hospital' => 
  array (
    0 => 
    array (
      'hospital_name_ch' => '宁波市妇女儿童医院',
      'hospital_name_en' => 'Ningbo Women & Children\'s Hospital',
      'hospital_adress_ch' => '宁波市柳汀街339号 电话：0574-87083300',
      'hospital_adress_en' => '399 Liuding Road， Ningbo ',
      'hospital_province_ch' => '浙江',
      'hospital_province_en' => 'Zhejiang',
      'hospital_zipcode' => '315012',
      'visited_date_b' => '2011-08-13',
      'visited_date_e' => '2011-08-21',
      'id' => '1',
    ),
    1 => 
    array (
      'hospital_name_ch' => '（上海）中国福利会国际和平妇幼保健院',
      'hospital_name_en' => '(Shanghai) International Peace Maternity & Child Health Hospital of the China Welfare Institute',
      'hospital_adress_ch' => '上海市徐汇区衡山路910号，电话： 021-64070434',
      'hospital_adress_en' => '910 Hengsan Road, Shanghai  ',
      'hospital_province_ch' => '上海',
      'hospital_province_en' => 'Shanghai',
      'hospital_zipcode' => '200030',
      'visited_date_b' => '2012-05-01',
      'visited_date_e' => '2012-05-31',
      'id' => '3',
    ),
  ),
  'department' => 
  array (
  ),
  'admin_id' => '1',
  'query' => 
  IQuery::__set_state(array(
     'dbo' => 
    IMysql::__set_state(array(
       'linkRes' => NULL,
    )),
     'sql' => 
    array (
      'table' => 'dbclass_quick_naviga',
      'fields' => '*',
      'where' => 'where adminid = 1 and is_del = 0',
      'join' => '',
      'group' => '',
      'having' => '',
      'order' => '',
      'limit' => 'limit 500',
      'distinct' => '',
    ),
     'paging' => NULL,
     'tablePre' => 'dbclass_',
  )),
  'items' => 
  array (
  ),
  'menu' => 
  Menu::__set_state(array(
     'current' => '/mastercode/beds_add',
     'vcurrent' => '/mastercode/',
  )),
  'value' => 
  array (
    'hospital_name_ch' => '（上海）中国福利会国际和平妇幼保健院',
    'hospital_name_en' => '(Shanghai) International Peace Maternity & Child Health Hospital of the China Welfare Institute',
    'hospital_adress_ch' => '上海市徐汇区衡山路910号，电话： 021-64070434',
    'hospital_adress_en' => '910 Hengsan Road, Shanghai  ',
    'hospital_province_ch' => '上海',
    'hospital_province_en' => 'Shanghai',
    'hospital_zipcode' => '200030',
    'visited_date_b' => '2012-05-01',
    'visited_date_e' => '2012-05-31',
    'id' => '3',
  ),
  'key' => 1,
)
-------</pre>



<pre>------
errID:8
errStr:Use of undefined constant order - assumed 'order'
errFile:E:\wamp\www\iwebshop\runtime\mastercode\beds_add.php
errLine:104
errTime:12-05-10 13:12:57
##出错时变量的值：##
array (
  '__runtimeFile' => 'E:/wamp/www/iwebshop/runtime\\mastercode\\beds_add.php',
  'data' => NULL,
  'hospital' => 
  array (
    0 => 
    array (
      'hospital_name_ch' => '宁波市妇女儿童医院',
      'hospital_name_en' => 'Ningbo Women & Children\'s Hospital',
      'hospital_adress_ch' => '宁波市柳汀街339号 电话：0574-87083300',
      'hospital_adress_en' => '399 Liuding Road， Ningbo ',
      'hospital_province_ch' => '浙江',
      'hospital_province_en' => 'Zhejiang',
      'hospital_zipcode' => '315012',
      'visited_date_b' => '2011-08-13',
      'visited_date_e' => '2011-08-21',
      'id' => '1',
    ),
    1 => 
    array (
      'hospital_name_ch' => '（上海）中国福利会国际和平妇幼保健院',
      'hospital_name_en' => '(Shanghai) International Peace Maternity & Child Health Hospital of the China Welfare Institute',
      'hospital_adress_ch' => '上海市徐汇区衡山路910号，电话： 021-64070434',
      'hospital_adress_en' => '910 Hengsan Road, Shanghai  ',
      'hospital_province_ch' => '上海',
      'hospital_province_en' => 'Shanghai',
      'hospital_zipcode' => '200030',
      'visited_date_b' => '2012-05-01',
      'visited_date_e' => '2012-05-31',
      'id' => '3',
    ),
  ),
  'department' => 
  array (
  ),
  'admin_id' => '1',
  'query' => 
  IQuery::__set_state(array(
     'dbo' => 
    IMysql::__set_state(array(
       'linkRes' => NULL,
    )),
     'sql' => 
    array (
      'table' => 'dbclass_quick_naviga',
      'fields' => '*',
      'where' => 'where adminid = 1 and is_del = 0',
      'join' => '',
      'group' => '',
      'having' => '',
      'order' => '',
      'limit' => 'limit 500',
      'distinct' => '',
    ),
     'paging' => NULL,
     'tablePre' => 'dbclass_',
  )),
  'items' => 
  array (
  ),
  'menu' => 
  Menu::__set_state(array(
     'current' => '/mastercode/beds_add',
     'vcurrent' => '/mastercode/',
  )),
  'value' => 
  array (
    'hospital_name_ch' => '（上海）中国福利会国际和平妇幼保健院',
    'hospital_name_en' => '(Shanghai) International Peace Maternity & Child Health Hospital of the China Welfare Institute',
    'hospital_adress_ch' => '上海市徐汇区衡山路910号，电话： 021-64070434',
    'hospital_adress_en' => '910 Hengsan Road, Shanghai  ',
    'hospital_province_ch' => '上海',
    'hospital_province_en' => 'Shanghai',
    'hospital_zipcode' => '200030',
    'visited_date_b' => '2012-05-01',
    'visited_date_e' => '2012-05-31',
    'id' => '3',
  ),
  'key' => 1,
)
-------</pre>



<pre>------
errID:8
errStr:Undefined variable: is_bold
errFile:E:\wamp\www\iwebshop\runtime\mastercode\anesthesia_problems_edit.php
errLine:128
errTime:12-05-10 13:13:01
##出错时变量的值：##
array (
  '__runtimeFile' => 'E:/wamp/www/iwebshop/runtime\\mastercode\\anesthesia_problems_edit.php',
  'data' => NULL,
  'admin_id' => '1',
  'query' => 
  IQuery::__set_state(array(
     'dbo' => 
    IMysql::__set_state(array(
       'linkRes' => NULL,
    )),
     'sql' => 
    array (
      'table' => 'dbclass_quick_naviga',
      'fields' => '*',
      'where' => 'where adminid = 1 and is_del = 0',
      'join' => '',
      'group' => '',
      'having' => '',
      'order' => '',
      'limit' => 'limit 500',
      'distinct' => '',
    ),
     'paging' => NULL,
     'tablePre' => 'dbclass_',
  )),
  'items' => 
  array (
  ),
  'menu' => 
  Menu::__set_state(array(
     'current' => '/mastercode/anesthesia_problems_edit',
     'vcurrent' => '/mastercode/',
  )),
)
-------</pre>



<pre>------
errID:8
errStr:Undefined variable: is_bold
errFile:E:\wamp\www\iwebshop\runtime\mastercode\amniotic_types_edit.php
errLine:128
errTime:12-05-10 13:13:07
##出错时变量的值：##
array (
  '__runtimeFile' => 'E:/wamp/www/iwebshop/runtime\\mastercode\\amniotic_types_edit.php',
  'data' => NULL,
  'admin_id' => '1',
  'query' => 
  IQuery::__set_state(array(
     'dbo' => 
    IMysql::__set_state(array(
       'linkRes' => NULL,
    )),
     'sql' => 
    array (
      'table' => 'dbclass_quick_naviga',
      'fields' => '*',
      'where' => 'where adminid = 1 and is_del = 0',
      'join' => '',
      'group' => '',
      'having' => '',
      'order' => '',
      'limit' => 'limit 500',
      'distinct' => '',
    ),
     'paging' => NULL,
     'tablePre' => 'dbclass_',
  )),
  'items' => 
  array (
  ),
  'menu' => 
  Menu::__set_state(array(
     'current' => '/mastercode/amniotic_types_edit',
     'vcurrent' => '/mastercode/',
  )),
)
-------</pre>



<pre>------
errID:8
errStr:Undefined variable: is_bold
errFile:E:\wamp\www\iwebshop\runtime\mastercode\amniotic_types_edit.php
errLine:128
errTime:12-05-10 13:13:17
##出错时变量的值：##
array (
  '__runtimeFile' => 'E:/wamp/www/iwebshop/runtime\\mastercode\\amniotic_types_edit.php',
  'data' => NULL,
  'admin_id' => '1',
  'query' => 
  IQuery::__set_state(array(
     'dbo' => 
    IMysql::__set_state(array(
       'linkRes' => NULL,
    )),
     'sql' => 
    array (
      'table' => 'dbclass_quick_naviga',
      'fields' => '*',
      'where' => 'where adminid = 1 and is_del = 0',
      'join' => '',
      'group' => '',
      'having' => '',
      'order' => '',
      'limit' => 'limit 500',
      'distinct' => '',
    ),
     'paging' => NULL,
     'tablePre' => 'dbclass_',
  )),
  'items' => 
  array (
  ),
  'menu' => 
  Menu::__set_state(array(
     'current' => '/mastercode/amniotic_types_edit',
     'vcurrent' => '/mastercode/',
  )),
)
-------</pre>



<pre>----------
Mess: select  sum(order_amount) as amount from dbclass_order  where `status` = 5    limit 500
 -- Table 'dbclass.dbclass_order' doesn't exist
Line: 89
File: IWEB_PATH/db\driver\mysql_class.php
##Debug_backtrace:##
	Func:read           	Class:IMysql         	Type:->   	Line:59   	File:IWEB_PATH/db\driver\mysql_class.php
	Func:doSql          	Class:IMysql         	Type:->   	Line:87   	File:IWEB_PATH/db\db_class.php
	Func:query          	Class:IDB            	Type:->   	Line:128  	File:IWEB_PATH/core\query_class.php
	Func:find           	Class:IQuery         	Type:->   	Line:67   	File:E:\wamp\www\iwebshop\runtime\system\default.php
	Func:require        	Class:               	Type:     	Line:116  	File:IWEB_PATH/web\controller\controllerbase_class.php
	Func:requireFile    	Class:IControllerBase	Type:->   	Line:82   	File:IWEB_PATH/web\controller\controllerbase_class.php
	Func:renderView     	Class:IControllerBase	Type:->   	Line:265  	File:IWEB_PATH/web\controller\controller_class.php
	Func:render         	Class:IController    	Type:->   	Line:46   	File:IWEB_PATH/web\action\view_action.php
	Func:run            	Class:IViewAction    	Type:->   	Line:200  	File:IWEB_PATH/web\controller\controller_class.php
	Func:run            	Class:IController    	Type:->   	Line:29   	File:IWEB_PATH/core\webapplication_class.php
	Func:execRequest    	Class:IWebApplication	Type:->   	Line:150  	File:IWEB_PATH/core\application_class.php
	Func:run            	Class:IApplication   	Type:->   	Line:5    	File:E:\wamp\www\iwebshop\index.php
------------</pre>


<pre>------
errID:8
errStr:Undefined variable: is_bold
errFile:E:\wamp\www\iwebshop\runtime\mastercode\amniotic_types_edit.php
errLine:128
errTime:12-05-10 13:13:29
##出错时变量的值：##
array (
  '__runtimeFile' => 'E:/wamp/www/iwebshop/runtime\\mastercode\\amniotic_types_edit.php',
  'data' => NULL,
  'admin_id' => '1',
  'query' => 
  IQuery::__set_state(array(
     'dbo' => 
    IMysql::__set_state(array(
       'linkRes' => NULL,
    )),
     'sql' => 
    array (
      'table' => 'dbclass_quick_naviga',
      'fields' => '*',
      'where' => 'where adminid = 1 and is_del = 0',
      'join' => '',
      'group' => '',
      'having' => '',
      'order' => '',
      'limit' => 'limit 500',
      'distinct' => '',
    ),
     'paging' => NULL,
     'tablePre' => 'dbclass_',
  )),
  'items' => 
  array (
  ),
  'menu' => 
  Menu::__set_state(array(
     'current' => '/mastercode/amniotic_types_edit',
     'vcurrent' => '/mastercode/',
  )),
)
-------</pre>



<pre>----------
Mess: select  sum(order_amount) as amount from dbclass_order  where `status` = 5    limit 500
 -- Table 'dbclass.dbclass_order' doesn't exist
Line: 89
File: IWEB_PATH/db\driver\mysql_class.php
##Debug_backtrace:##
	Func:read           	Class:IMysql         	Type:->   	Line:59   	File:IWEB_PATH/db\driver\mysql_class.php
	Func:doSql          	Class:IMysql         	Type:->   	Line:87   	File:IWEB_PATH/db\db_class.php
	Func:query          	Class:IDB            	Type:->   	Line:128  	File:IWEB_PATH/core\query_class.php
	Func:find           	Class:IQuery         	Type:->   	Line:67   	File:E:\wamp\www\iwebshop\runtime\system\default.php
	Func:require        	Class:               	Type:     	Line:116  	File:IWEB_PATH/web\controller\controllerbase_class.php
	Func:requireFile    	Class:IControllerBase	Type:->   	Line:82   	File:IWEB_PATH/web\controller\controllerbase_class.php
	Func:renderView     	Class:IControllerBase	Type:->   	Line:265  	File:IWEB_PATH/web\controller\controller_class.php
	Func:render         	Class:IController    	Type:->   	Line:46   	File:IWEB_PATH/web\action\view_action.php
	Func:run            	Class:IViewAction    	Type:->   	Line:200  	File:IWEB_PATH/web\controller\controller_class.php
	Func:run            	Class:IController    	Type:->   	Line:29   	File:IWEB_PATH/core\webapplication_class.php
	Func:execRequest    	Class:IWebApplication	Type:->   	Line:150  	File:IWEB_PATH/core\application_class.php
	Func:run            	Class:IApplication   	Type:->   	Line:5    	File:E:\wamp\www\iwebshop\index.php
------------</pre>


<pre>----------
Mess: select  sum(order_amount) as amount from dbclass_order  where `status` = 5    limit 500
 -- Table 'dbclass.dbclass_order' doesn't exist
Line: 89
File: IWEB_PATH/db\driver\mysql_class.php
##Debug_backtrace:##
	Func:read           	Class:IMysql         	Type:->   	Line:59   	File:IWEB_PATH/db\driver\mysql_class.php
	Func:doSql          	Class:IMysql         	Type:->   	Line:87   	File:IWEB_PATH/db\db_class.php
	Func:query          	Class:IDB            	Type:->   	Line:128  	File:IWEB_PATH/core\query_class.php
	Func:find           	Class:IQuery         	Type:->   	Line:67   	File:E:\wamp\www\iwebshop\runtime\system\default.php
	Func:require        	Class:               	Type:     	Line:116  	File:IWEB_PATH/web\controller\controllerbase_class.php
	Func:requireFile    	Class:IControllerBase	Type:->   	Line:82   	File:IWEB_PATH/web\controller\controllerbase_class.php
	Func:renderView     	Class:IControllerBase	Type:->   	Line:265  	File:IWEB_PATH/web\controller\controller_class.php
	Func:render         	Class:IController    	Type:->   	Line:46   	File:IWEB_PATH/web\action\view_action.php
	Func:run            	Class:IViewAction    	Type:->   	Line:200  	File:IWEB_PATH/web\controller\controller_class.php
	Func:run            	Class:IController    	Type:->   	Line:29   	File:IWEB_PATH/core\webapplication_class.php
	Func:execRequest    	Class:IWebApplication	Type:->   	Line:150  	File:IWEB_PATH/core\application_class.php
	Func:run            	Class:IApplication   	Type:->   	Line:5    	File:E:\wamp\www\iwebshop\index.php
------------</pre>